TN:
SF:server/ai-fusion.ts
FN:30,fusedBehaviorAnalysis
FN:63,fusedTrainingPlan
FN:98,fusedHealthAnalysis
FN:128,fusedSentimentAnalysis
FN:179,analyzeWithOpenAI
FN:217,generateOpenAITrainingPlan
FN:247,analyzeOpenAISentiment
FN:272,fuseAnalysisResults
FN:330,calculateSimilarity
FN:337,(anonymous_10)
FN:344,compareModelPerformance
FNF:11
FNH:0
FNDA:0,fusedBehaviorAnalysis
FNDA:0,fusedTrainingPlan
FNDA:0,fusedHealthAnalysis
FNDA:0,fusedSentimentAnalysis
FNDA:0,analyzeWithOpenAI
FNDA:0,generateOpenAITrainingPlan
FNDA:0,analyzeOpenAISentiment
FNDA:0,fuseAnalysisResults
FNDA:0,calculateSimilarity
FNDA:0,(anonymous_10)
FNDA:0,compareModelPerformance
DA:1,0
DA:9,0
DA:10,0
DA:13,0
DA:30,0
DA:31,0
DA:32,0
DA:35,0
DA:38,0
DA:39,0
DA:41,0
DA:43,0
DA:47,0
DA:49,0
DA:57,0
DA:58,0
DA:63,0
DA:69,0
DA:70,0
DA:72,0
DA:75,0
DA:76,0
DA:78,0
DA:79,0
DA:82,0
DA:84,0
DA:92,0
DA:93,0
DA:98,0
DA:99,0
DA:100,0
DA:102,0
DA:105,0
DA:106,0
DA:108,0
DA:109,0
DA:112,0
DA:114,0
DA:122,0
DA:123,0
DA:128,0
DA:129,0
DA:130,0
DA:132,0
DA:135,0
DA:136,0
DA:138,0
DA:140,0
DA:147,0
DA:148,0
DA:151,0
DA:152,0
DA:155,0
DA:156,0
DA:157,0
DA:158,0
DA:160,0
DA:163,0
DA:173,0
DA:174,0
DA:182,0
DA:183,0
DA:195,0
DA:209,0
DA:214,0
DA:223,0
DA:239,0
DA:244,0
DA:248,0
DA:263,0
DA:265,0
DA:280,0
DA:299,0
DA:304,0
DA:307,0
DA:311,0
DA:312,0
DA:313,0
DA:314,0
DA:315,0
DA:316,0
DA:318,0
DA:319,0
DA:322,0
DA:331,0
DA:332,0
DA:334,0
DA:335,0
DA:337,0
DA:338,0
DA:340,0
DA:344,0
DA:351,0
DA:353,0
DA:354,0
DA:355,0
DA:358,0
DA:359,0
DA:360,0
DA:362,0
DA:365,0
DA:366,0
DA:367,0
DA:369,0
DA:387,0
LF:105
LH:0
BRDA:13,0,0,0
BRDA:13,0,1,0
BRDA:155,1,0,0
BRDA:155,1,1,0
BRDA:155,2,0,0
BRDA:155,2,1,0
BRDA:157,3,0,0
BRDA:157,3,1,0
BRDA:157,4,0,0
BRDA:157,4,1,0
BRDA:182,5,0,0
BRDA:182,5,1,0
BRDA:214,6,0,0
BRDA:214,6,1,0
BRDA:244,7,0,0
BRDA:244,7,1,0
BRDA:263,8,0,0
BRDA:263,8,1,0
BRDA:304,9,0,0
BRDA:304,9,1,0
BRDA:311,10,0,0
BRDA:311,10,1,0
BRDA:314,11,0,0
BRDA:314,11,1,0
BRDA:359,12,0,0
BRDA:382,13,0,0
BRDA:382,13,1,0
BRF:27
BRH:0
end_of_record
TN:
SF:server/config.ts
FN:71,generateSecureSecret
FN:78,validateConfig
FN:85,(anonymous_2)
FNF:3
FNH:0
FNDA:0,generateSecureSecret
FNDA:0,validateConfig
FNDA:0,(anonymous_2)
DA:37,0
DA:39,0
DA:72,0
DA:73,0
DA:75,0
DA:79,0
DA:81,0
DA:82,0
DA:85,0
DA:87,0
DA:88,0
DA:90,0
DA:91,0
DA:93,0
DA:98,0
DA:99,0
DA:100,0
DA:103,0
DA:104,0
DA:109,0
DA:111,0
LF:21
LH:0
BRDA:37,0,0,0
BRDA:37,0,1,0
BRDA:41,1,0,0
BRDA:41,1,1,0
BRDA:42,2,0,0
BRDA:42,2,1,0
BRDA:44,3,0,0
BRDA:44,3,1,0
BRDA:45,4,0,0
BRDA:45,4,1,0
BRDA:46,5,0,0
BRDA:46,5,1,0
BRDA:49,6,0,0
BRDA:49,6,1,0
BRDA:56,7,0,0
BRDA:56,7,1,0
BRDA:56,8,0,0
BRDA:56,8,1,0
BRDA:57,9,0,0
BRDA:57,9,1,0
BRDA:58,10,0,0
BRDA:58,10,1,0
BRDA:59,11,0,0
BRDA:59,11,1,0
BRDA:62,12,0,0
BRDA:62,12,1,0
BRDA:62,13,0,0
BRDA:62,13,1,0
BRDA:63,14,0,0
BRDA:63,14,1,0
BRDA:72,15,0,0
BRDA:81,16,0,0
BRDA:87,17,0,0
BRDA:90,18,0,0
BRDA:90,18,1,0
BRDA:98,19,0,0
BRDA:99,20,0,0
BRDA:103,21,0,0
BRF:38
BRH:0
end_of_record
TN:
SF:server/content-crawler.ts
FN:20,(anonymous_0)
FN:29,(anonymous_1)
FN:30,(anonymous_2)
FN:31,(anonymous_3)
FN:58,(anonymous_4)
FN:75,(anonymous_5)
FN:97,(anonymous_6)
FN:101,(anonymous_7)
FN:107,(anonymous_8)
FN:136,(anonymous_9)
FN:226,(anonymous_10)
FN:241,(anonymous_11)
FN:249,(anonymous_12)
FN:264,(anonymous_13)
FN:273,(anonymous_14)
FN:282,(anonymous_15)
FN:289,(anonymous_16)
FN:300,(anonymous_17)
FNF:18
FNH:0
FNDA:0,(anonymous_0)
FNDA:0,(anonymous_1)
FNDA:0,(anonymous_2)
FNDA:0,(anonymous_3)
FNDA:0,(anonymous_4)
FNDA:0,(anonymous_5)
FNDA:0,(anonymous_6)
FNDA:0,(anonymous_7)
FNDA:0,(anonymous_8)
FNDA:0,(anonymous_9)
FNDA:0,(anonymous_10)
FNDA:0,(anonymous_11)
FNDA:0,(anonymous_12)
FNDA:0,(anonymous_13)
FNDA:0,(anonymous_14)
FNDA:0,(anonymous_15)
FNDA:0,(anonymous_16)
FNDA:0,(anonymous_17)
DA:1,0
DA:2,0
DA:3,0
DA:17,0
DA:21,0
DA:22,0
DA:23,0
DA:24,0
DA:25,0
DA:28,0
DA:29,0
DA:30,0
DA:31,0
DA:33,0
DA:36,0
DA:38,0
DA:39,0
DA:40,0
DA:41,0
DA:42,0
DA:43,0
DA:45,0
DA:49,0
DA:52,0
DA:53,0
DA:54,0
DA:58,0
DA:61,0
DA:65,0
DA:66,0
DA:69,0
DA:70,0
DA:76,0
DA:88,0
DA:94,0
DA:97,0
DA:98,0
DA:101,0
DA:102,0
DA:108,0
DA:109,0
DA:114,0
DA:115,0
DA:116,0
DA:119,0
DA:124,0
DA:127,0
DA:132,0
DA:133,0
DA:135,0
DA:136,0
DA:138,0
DA:140,0
DA:141,0
DA:142,0
DA:146,0
DA:147,0
DA:150,0
DA:154,0
DA:155,0
DA:156,0
DA:157,0
DA:158,0
DA:159,0
DA:161,0
DA:167,0
DA:171,0
DA:174,0
DA:184,0
DA:185,0
DA:186,0
DA:187,0
DA:188,0
DA:189,0
DA:190,0
DA:196,0
DA:197,0
DA:199,0
DA:211,0
DA:212,0
DA:213,0
DA:214,0
DA:215,0
DA:217,0
DA:220,0
DA:221,0
DA:227,0
DA:241,0
DA:242,0
DA:245,0
DA:250,0
DA:263,0
DA:264,0
DA:265,0
DA:269,0
DA:274,0
DA:276,0
DA:277,0
DA:278,0
DA:279,0
DA:282,0
DA:285,0
DA:291,0
DA:292,0
DA:294,0
DA:295,0
DA:296,0
DA:300,0
DA:301,0
DA:303,0
DA:325,0
DA:326,0
DA:327,0
DA:329,0
DA:333,0
LF:115
LH:0
BRDA:30,0,0,0
BRDA:30,0,1,0
BRDA:31,1,0,0
BRDA:31,1,1,0
BRDA:45,2,0,0
BRDA:45,2,1,0
BRDA:45,2,2,0
BRDA:45,2,3,0
BRDA:49,3,0,0
BRDA:49,3,1,0
BRDA:52,4,0,0
BRDA:97,5,0,0
BRDA:119,6,0,0
BRDA:119,6,1,0
BRDA:119,6,2,0
BRDA:119,6,3,0
BRDA:119,6,4,0
BRDA:124,7,0,0
BRDA:124,7,1,0
BRDA:127,8,0,0
BRDA:127,8,1,0
BRDA:127,8,2,0
BRDA:127,8,3,0
BRDA:133,9,0,0
BRDA:138,10,0,0
BRDA:138,10,1,0
BRDA:147,11,0,0
BRDA:147,11,1,0
BRDA:150,12,0,0
BRDA:150,12,1,0
BRDA:150,12,2,0
BRDA:150,12,3,0
BRDA:155,13,0,0
BRDA:157,14,0,0
BRDA:167,15,0,0
BRDA:167,15,1,0
BRDA:167,15,2,0
BRDA:167,15,3,0
BRDA:187,16,0,0
BRDA:188,17,0,0
BRDA:188,17,1,0
BRDA:188,17,2,0
BRDA:189,18,0,0
BRDA:189,19,0,0
BRDA:189,19,1,0
BRDA:208,20,0,0
BRDA:208,20,1,0
BRDA:213,21,0,0
BRDA:213,21,1,0
BRDA:264,22,0,0
BRDA:278,23,0,0
BRDA:294,24,0,0
BRDA:294,25,0,0
BRDA:294,25,1,0
BRF:54
BRH:0
end_of_record
TN:
SF:server/content-moderation.ts
FN:52,(anonymous_0)
FN:58,(anonymous_1)
FN:103,(anonymous_2)
FN:138,(anonymous_3)
FN:148,(anonymous_4)
FN:174,(anonymous_5)
FN:179,(anonymous_6)
FN:203,(anonymous_7)
FN:206,(anonymous_8)
FN:223,(anonymous_9)
FN:233,(anonymous_10)
FN:238,(anonymous_11)
FN:285,(anonymous_12)
FN:297,(anonymous_13)
FN:303,(anonymous_14)
FN:333,(anonymous_15)
FNF:16
FNH:0
FNDA:0,(anonymous_0)
FNDA:0,(anonymous_1)
FNDA:0,(anonymous_2)
FNDA:0,(anonymous_3)
FNDA:0,(anonymous_4)
FNDA:0,(anonymous_5)
FNDA:0,(anonymous_6)
FNDA:0,(anonymous_7)
FNDA:0,(anonymous_8)
FNDA:0,(anonymous_9)
FNDA:0,(anonymous_10)
FNDA:0,(anonymous_11)
FNDA:0,(anonymous_12)
FNDA:0,(anonymous_13)
FNDA:0,(anonymous_14)
FNDA:0,(anonymous_15)
DA:1,0
DA:2,0
DA:3,0
DA:5,0
DA:8,0
DA:9,0
DA:10,0
DA:11,0
DA:12,0
DA:15,0
DA:23,0
DA:30,0
DA:52,0
DA:53,0
DA:54,0
DA:56,0
DA:57,0
DA:58,0
DA:60,0
DA:61,0
DA:63,0
DA:64,0
DA:66,0
DA:68,0
DA:69,0
DA:72,0
DA:75,0
DA:77,0
DA:78,0
DA:79,0
DA:82,0
DA:83,0
DA:84,0
DA:85,0
DA:89,0
DA:93,0
DA:95,0
DA:103,0
DA:104,0
DA:106,0
DA:108,0
DA:120,0
DA:131,0
DA:134,0
DA:138,0
DA:139,0
DA:140,0
DA:142,0
DA:143,0
DA:148,0
DA:149,0
DA:150,0
DA:152,0
DA:159,0
DA:161,0
DA:162,0
DA:164,0
DA:165,0
DA:166,0
DA:168,0
DA:174,0
DA:175,0
DA:176,0
DA:177,0
DA:179,0
DA:180,0
DA:181,0
DA:184,0
DA:190,0
DA:191,0
DA:193,0
DA:194,0
DA:195,0
DA:197,0
DA:203,0
DA:204,0
DA:205,0
DA:206,0
DA:208,0
DA:209,0
DA:212,0
DA:213,0
DA:215,0
DA:217,0
DA:218,0
DA:223,0
DA:224,0
DA:225,0
DA:227,0
DA:228,0
DA:233,0
DA:234,0
DA:235,0
DA:238,0
DA:239,0
DA:240,0
DA:243,0
DA:246,0
DA:248,0
DA:249,0
DA:251,0
DA:252,0
DA:254,0
DA:258,0
DA:271,0
DA:272,0
DA:275,0
DA:276,0
DA:277,0
DA:279,0
DA:285,0
DA:286,0
DA:288,0
DA:289,0
DA:291,0
DA:292,0
DA:297,0
DA:298,0
DA:299,0
DA:301,0
DA:303,0
DA:305,0
DA:306,0
DA:314,0
DA:315,0
DA:319,0
DA:320,0
DA:327,0
DA:328,0
DA:333,0
DA:334,0
DA:335,0
DA:337,0
DA:338,0
DA:341,0
DA:342,0
DA:345,0
DA:346,0
DA:350,0
DA:351,0
LF:140
LH:0
BRDA:56,0,0,0
BRDA:56,0,1,0
BRDA:61,1,0,0
BRDA:66,2,0,0
BRDA:66,2,1,0
BRDA:77,3,0,0
BRDA:82,4,0,0
BRDA:82,4,1,0
BRDA:84,5,0,0
BRDA:84,6,0,0
BRDA:84,6,1,0
BRDA:106,7,0,0
BRDA:165,8,0,0
BRDA:165,8,1,0
BRDA:180,9,0,0
BRDA:194,10,0,0
BRDA:194,10,1,0
BRDA:208,11,0,0
BRDA:239,12,0,0
BRDA:246,13,0,0
BRDA:246,13,1,0
BRDA:249,14,0,0
BRDA:249,14,1,0
BRDA:252,15,0,0
BRDA:276,16,0,0
BRDA:276,16,1,0
BRDA:305,17,0,0
BRDA:337,18,0,0
BRF:28
BRH:0
end_of_record
TN:
SF:server/db.ts
FN:36,createPool
FN:70,buildDb
FN:76,attachPoolErrorHandlers
FN:79,(anonymous_10)
FN:84,(anonymous_11)
FN:108,recreatePool
FN:121,(anonymous_13)
FN:127,scheduleReconnect
FN:133,(anonymous_15)
FN:134,(anonymous_16)
FN:155,(anonymous_17)
FN:157,(anonymous_18)
FN:166,checkDatabaseConnection
FN:202,closeDatabasePool
FNF:14
FNH:0
FNDA:0,createPool
FNDA:0,buildDb
FNDA:0,attachPoolErrorHandlers
FNDA:0,(anonymous_10)
FNDA:0,(anonymous_11)
FNDA:0,recreatePool
FNDA:0,(anonymous_13)
FNDA:0,scheduleReconnect
FNDA:0,(anonymous_15)
FNDA:0,(anonymous_16)
FNDA:0,(anonymous_17)
FNDA:0,(anonymous_18)
FNDA:0,checkDatabaseConnection
FNDA:0,closeDatabasePool
DA:1,0
DA:2,0
DA:3,0
DA:4,0
DA:5,0
DA:6,0
DA:7,0
DA:8,0
DA:10,0
DA:11,0
DA:13,0
DA:23,0
DA:27,0
DA:34,0
DA:37,0
DA:38,0
DA:39,0
DA:40,0
DA:55,0
DA:56,0
DA:57,0
DA:58,0
DA:62,0
DA:71,0
DA:77,0
DA:78,0
DA:79,0
DA:80,0
DA:82,0
DA:84,0
DA:85,0
DA:86,0
DA:91,0
DA:95,0
DA:96,0
DA:97,0
DA:102,0
DA:103,0
DA:104,0
DA:105,0
DA:106,0
DA:109,0
DA:110,0
DA:111,0
DA:112,0
DA:113,0
DA:114,0
DA:115,0
DA:117,0
DA:120,0
DA:121,0
DA:122,0
DA:128,0
DA:129,0
DA:130,0
DA:131,0
DA:132,0
DA:133,0
DA:134,0
DA:135,0
DA:136,0
DA:137,0
DA:138,0
DA:139,0
DA:141,0
DA:142,0
DA:143,0
DA:144,0
DA:145,0
DA:147,0
DA:152,0
DA:155,0
DA:156,0
DA:157,0
DA:158,0
DA:159,0
DA:160,0
DA:161,0
DA:166,0
DA:167,0
DA:168,0
DA:169,0
DA:170,0
DA:171,0
DA:172,0
DA:174,0
DA:175,0
DA:177,0
DA:178,0
DA:179,0
DA:184,0
DA:185,0
DA:186,0
DA:187,0
DA:188,0
DA:190,0
DA:191,0
DA:193,0
DA:194,0
DA:195,0
DA:202,0
DA:203,0
DA:204,0
DA:205,0
DA:206,0
DA:207,0
DA:210,0
LF:107
LH:0
BRDA:14,0,0,0
BRDA:14,0,1,0
BRDA:15,1,0,0
BRDA:15,1,1,0
BRDA:16,2,0,0
BRDA:16,2,1,0
BRDA:17,3,0,0
BRDA:17,3,1,0
BRDA:18,4,0,0
BRDA:18,4,1,0
BRDA:24,5,0,0
BRDA:24,5,1,0
BRDA:24,6,0,0
BRDA:24,6,1,0
BRDA:28,7,0,0
BRDA:28,7,1,0
BRDA:37,8,0,0
BRDA:37,9,0,0
BRDA:37,9,1,0
BRDA:57,10,0,0
BRDA:71,11,0,0
BRDA:71,11,1,0
BRDA:78,12,0,0
BRDA:80,13,0,0
BRDA:80,13,1,0
BRDA:85,14,0,0
BRDA:120,15,0,0
BRDA:120,16,0,0
BRDA:120,16,1,0
BRDA:128,17,0,0
BRDA:128,18,0,0
BRDA:128,18,1,0
BRDA:136,19,0,0
BRDA:136,19,1,0
BRDA:143,20,0,0
BRDA:156,21,0,0
BRDA:158,22,0,0
BRDA:158,22,1,0
BRDA:159,23,0,0
BRDA:167,24,0,0
BRDA:167,24,1,0
BRDA:177,25,0,0
BRDA:193,26,0,0
BRDA:205,27,0,0
BRDA:205,28,0,0
BRDA:205,28,1,0
BRF:46
BRH:0
end_of_record
TN:
SF:server/gemini.ts
FN:18,summarizeArticle
FN:34,analyzeSentiment
FN:74,analyzeImage
FN:96,analyzeVideo
FN:118,generateImage
FN:157,analyzePetBehavior
FN:181,generateTrainingPlan
FN:214,analyzeHealthSymptoms
FNF:8
FNH:0
FNDA:0,summarizeArticle
FNDA:0,analyzeSentiment
FNDA:0,analyzeImage
FNDA:0,analyzeVideo
FNDA:0,generateImage
FNDA:0,analyzePetBehavior
FNDA:0,generateTrainingPlan
FNDA:0,analyzeHealthSymptoms
DA:1,0
DA:2,0
DA:3,0
DA:11,0
DA:14,0
DA:18,0
DA:19,0
DA:21,0
DA:26,0
DA:34,0
DA:35,0
DA:36,0
DA:42,0
DA:59,0
DA:61,0
DA:63,0
DA:64,0
DA:65,0
DA:67,0
DA:70,0
DA:74,0
DA:75,0
DA:77,0
DA:88,0
DA:93,0
DA:96,0
DA:97,0
DA:99,0
DA:110,0
DA:115,0
DA:118,0
DA:122,0
DA:124,0
DA:132,0
DA:133,0
DA:134,0
DA:137,0
DA:138,0
DA:139,0
DA:142,0
DA:143,0
DA:144,0
DA:145,0
DA:146,0
DA:147,0
DA:148,0
DA:152,0
DA:157,0
DA:158,0
DA:170,0
DA:178,0
DA:181,0
DA:187,0
DA:203,0
DA:211,0
DA:214,0
DA:215,0
DA:228,0
DA:236,0
LF:59
LH:0
BRDA:11,0,0,0
BRDA:11,0,1,0
BRDA:15,1,0,0
BRDA:15,1,1,0
BRDA:26,2,0,0
BRDA:26,2,1,0
BRDA:63,3,0,0
BRDA:63,3,1,0
BRDA:93,4,0,0
BRDA:93,4,1,0
BRDA:115,5,0,0
BRDA:115,5,1,0
BRDA:133,6,0,0
BRDA:133,7,0,0
BRDA:133,7,1,0
BRDA:138,8,0,0
BRDA:138,9,0,0
BRDA:138,9,1,0
BRDA:143,10,0,0
BRDA:143,10,1,0
BRDA:145,11,0,0
BRDA:145,12,0,0
BRDA:145,12,1,0
BRDA:178,13,0,0
BRDA:178,13,1,0
BRDA:211,14,0,0
BRDA:211,14,1,0
BRDA:236,15,0,0
BRDA:236,15,1,0
BRF:29
BRH:0
end_of_record
TN:
SF:server/index.ts
FN:46,(anonymous_7)
FN:51,(anonymous_8)
FN:141,(anonymous_9)
FN:148,(anonymous_10)
FN:172,(anonymous_11)
FN:207,(anonymous_12)
FN:230,(anonymous_13)
FN:281,(anonymous_14)
FN:296,(anonymous_15)
FN:300,(anonymous_16)
FN:304,(anonymous_17)
FN:309,(anonymous_18)
FN:370,(anonymous_19)
FN:394,(anonymous_20)
FN:401,(anonymous_21)
FN:427,gracefulShutdown
FN:433,(anonymous_23)
FN:441,(anonymous_24)
FN:442,(anonymous_25)
FN:464,(anonymous_26)
FN:465,(anonymous_27)
FN:470,(anonymous_28)
FN:477,(anonymous_29)
FN:487,initializeMemoryData
FN:697,startServer
FN:725,(anonymous_32)
FN:730,(anonymous_33)
FN:735,(anonymous_34)
FN:750,(anonymous_35)
FN:772,(anonymous_36)
FN:775,(anonymous_37)
FN:784,(anonymous_38)
FN:785,(anonymous_39)
FN:786,(anonymous_40)
FNF:34
FNH:0
FNDA:0,(anonymous_7)
FNDA:0,(anonymous_8)
FNDA:0,(anonymous_9)
FNDA:0,(anonymous_10)
FNDA:0,(anonymous_11)
FNDA:0,(anonymous_12)
FNDA:0,(anonymous_13)
FNDA:0,(anonymous_14)
FNDA:0,(anonymous_15)
FNDA:0,(anonymous_16)
FNDA:0,(anonymous_17)
FNDA:0,(anonymous_18)
FNDA:0,(anonymous_19)
FNDA:0,(anonymous_20)
FNDA:0,(anonymous_21)
FNDA:0,gracefulShutdown
FNDA:0,(anonymous_23)
FNDA:0,(anonymous_24)
FNDA:0,(anonymous_25)
FNDA:0,(anonymous_26)
FNDA:0,(anonymous_27)
FNDA:0,(anonymous_28)
FNDA:0,(anonymous_29)
FNDA:0,initializeMemoryData
FNDA:0,startServer
FNDA:0,(anonymous_32)
FNDA:0,(anonymous_33)
FNDA:0,(anonymous_34)
FNDA:0,(anonymous_35)
FNDA:0,(anonymous_36)
FNDA:0,(anonymous_37)
FNDA:0,(anonymous_38)
FNDA:0,(anonymous_39)
FNDA:0,(anonymous_40)
DA:2,0
DA:3,0
DA:4,0
DA:6,0
DA:7,0
DA:8,0
DA:9,0
DA:10,0
DA:11,0
DA:12,0
DA:13,0
DA:14,0
DA:15,0
DA:16,0
DA:17,0
DA:18,0
DA:19,0
DA:20,0
DA:22,0
DA:23,0
DA:24,0
DA:25,0
DA:26,0
DA:27,0
DA:28,0
DA:29,0
DA:30,0
DA:31,0
DA:32,0
DA:34,0
DA:35,0
DA:37,0
DA:38,0
DA:39,0
DA:42,0
DA:43,0
DA:46,0
DA:48,0
DA:49,0
DA:50,0
DA:51,0
DA:52,0
DA:56,0
DA:57,0
DA:58,0
DA:63,0
DA:66,0
DA:67,0
DA:110,0
DA:116,0
DA:140,0
DA:143,0
DA:144,0
DA:148,0
DA:149,0
DA:150,0
DA:151,0
DA:153,0
DA:156,0
DA:157,0
DA:159,0
DA:160,0
DA:171,0
DA:172,0
DA:173,0
DA:174,0
DA:175,0
DA:176,0
DA:178,0
DA:179,0
DA:186,0
DA:189,0
DA:202,0
DA:207,0
DA:218,0
DA:221,0
DA:229,0
DA:230,0
DA:231,0
DA:232,0
DA:237,0
DA:240,0
DA:259,0
DA:262,0
DA:273,0
DA:276,0
DA:279,0
DA:282,0
DA:283,0
DA:287,0
DA:290,0
DA:291,0
DA:292,0
DA:293,0
DA:296,0
DA:297,0
DA:300,0
DA:301,0
DA:304,0
DA:305,0
DA:309,0
DA:310,0
DA:312,0
DA:314,0
DA:315,0
DA:316,0
DA:317,0
DA:318,0
DA:319,0
DA:322,0
DA:324,0
DA:325,0
DA:330,0
DA:331,0
DA:334,0
DA:342,0
DA:360,0
DA:363,0
DA:366,0
DA:367,0
DA:370,0
DA:371,0
DA:372,0
DA:373,0
DA:375,0
DA:377,0
DA:378,0
DA:383,0
DA:386,0
DA:390,0
DA:393,0
DA:396,0
DA:402,0
DA:403,0
DA:407,0
DA:411,0
DA:412,0
DA:413,0
DA:414,0
DA:415,0
DA:416,0
DA:424,0
DA:425,0
DA:428,0
DA:429,0
DA:430,0
DA:433,0
DA:434,0
DA:435,0
DA:437,0
DA:439,0
DA:440,0
DA:441,0
DA:442,0
DA:443,0
DA:444,0
DA:445,0
DA:450,0
DA:453,0
DA:454,0
DA:456,0
DA:459,0
DA:460,0
DA:461,0
DA:464,0
DA:465,0
DA:470,0
DA:471,0
DA:472,0
DA:477,0
DA:478,0
DA:479,0
DA:480,0
DA:489,0
DA:490,0
DA:493,0
DA:494,0
DA:619,0
DA:688,0
DA:693,0
DA:698,0
DA:702,0
DA:703,0
DA:708,0
DA:711,0
DA:712,0
DA:713,0
DA:714,0
DA:715,0
DA:716,0
DA:717,0
DA:718,0
DA:719,0
DA:722,0
DA:725,0
DA:726,0
DA:727,0
DA:730,0
DA:731,0
DA:732,0
DA:735,0
DA:736,0
DA:737,0
DA:741,0
DA:742,0
DA:746,0
DA:747,0
DA:749,0
DA:751,0
DA:752,0
DA:753,0
DA:754,0
DA:755,0
DA:756,0
DA:760,0
DA:761,0
DA:765,0
DA:768,0
DA:771,0
DA:772,0
DA:774,0
DA:775,0
DA:776,0
DA:777,0
DA:779,0
DA:783,0
DA:784,0
DA:785,0
DA:786,0
DA:787,0
DA:790,0
DA:791,0
DA:792,0
DA:794,0
DA:797,0
DA:798,0
DA:799,0
DA:801,0
DA:806,0
DA:807,0
DA:811,0
LF:241
LH:0
BRDA:38,0,0,0
BRDA:38,0,1,0
BRDA:39,1,0,0
BRDA:39,1,1,0
BRDA:43,2,0,0
BRDA:43,2,1,0
BRDA:48,3,0,0
BRDA:56,4,0,0
BRDA:56,5,0,0
BRDA:56,5,1,0
BRDA:66,6,0,0
BRDA:66,6,1,0
BRDA:116,7,0,0
BRDA:116,7,1,0
BRDA:143,8,0,0
BRDA:143,9,0,0
BRDA:143,9,1,0
BRDA:149,10,0,0
BRDA:151,11,0,0
BRDA:151,11,1,0
BRDA:156,12,0,0
BRDA:156,12,1,0
BRDA:156,13,0,0
BRDA:156,13,1,0
BRDA:171,14,0,0
BRDA:191,15,0,0
BRDA:191,15,1,0
BRDA:204,16,0,0
BRDA:204,16,1,0
BRDA:207,17,0,0
BRDA:207,17,1,0
BRDA:231,18,0,0
BRDA:231,18,1,0
BRDA:264,19,0,0
BRDA:264,19,1,0
BRDA:282,20,0,0
BRDA:282,21,0,0
BRDA:282,21,1,0
BRDA:314,22,0,0
BRDA:314,22,1,0
BRDA:316,23,0,0
BRDA:316,23,1,0
BRDA:316,24,0,0
BRDA:316,24,1,0
BRDA:318,25,0,0
BRDA:344,26,0,0
BRDA:344,26,1,0
BRDA:351,27,0,0
BRDA:351,27,1,0
BRDA:354,28,0,0
BRDA:354,28,1,0
BRDA:354,28,2,0
BRDA:372,29,0,0
BRDA:372,30,0,0
BRDA:372,30,1,0
BRDA:427,31,0,0
BRDA:428,32,0,0
BRDA:435,33,0,0
BRDA:435,33,1,0
BRDA:440,34,0,0
BRDA:443,35,0,0
BRDA:443,35,1,0
BRDA:479,36,0,0
BRDA:479,37,0,0
BRDA:479,37,1,0
BRDA:493,38,0,0
BRDA:741,39,0,0
BRDA:741,39,1,0
BRDA:751,40,0,0
BRDA:751,40,1,0
BRDA:753,41,0,0
BRDA:753,41,1,0
BRDA:755,42,0,0
BRDA:797,43,0,0
BRDA:797,43,1,0
BRF:75
BRH:0
end_of_record
TN:
SF:server/java-bridge.ts
FN:11,(anonymous_1)
FN:15,(anonymous_2)
FN:41,(anonymous_3)
FN:49,(anonymous_4)
FN:53,(anonymous_5)
FN:63,(anonymous_6)
FN:67,(anonymous_7)
FN:71,(anonymous_8)
FN:90,(anonymous_9)
FNF:9
FNH:0
FNDA:0,(anonymous_1)
FNDA:0,(anonymous_2)
FNDA:0,(anonymous_3)
FNDA:0,(anonymous_4)
FNDA:0,(anonymous_5)
FNDA:0,(anonymous_6)
FNDA:0,(anonymous_7)
FNDA:0,(anonymous_8)
FNDA:0,(anonymous_9)
DA:1,0
DA:2,0
DA:3,0
DA:4,0
DA:6,0
DA:7,0
DA:8,0
DA:9,0
DA:12,0
DA:16,0
DA:17,0
DA:20,0
DA:21,0
DA:24,0
DA:27,0
DA:28,0
DA:29,0
DA:32,0
DA:41,0
DA:42,0
DA:43,0
DA:44,0
DA:45,0
DA:49,0
DA:50,0
DA:53,0
DA:54,0
DA:55,0
DA:59,0
DA:64,0
DA:68,0
DA:72,0
DA:73,0
DA:76,0
DA:77,0
DA:83,0
DA:85,0
DA:86,0
DA:91,0
DA:92,0
DA:93,0
DA:98,0
LF:42
LH:0
BRDA:27,0,0,0
BRDA:43,1,0,0
BRDA:72,2,0,0
BRDA:78,3,0,0
BRDA:78,3,1,0
BRDA:79,4,0,0
BRDA:79,4,1,0
BRDA:80,5,0,0
BRDA:80,5,1,0
BRDA:91,6,0,0
BRF:10
BRH:0
end_of_record
TN:
SF:server/logo.ts
FN:6,(anonymous_0)
FN:10,(anonymous_1)
FN:14,(anonymous_2)
FNF:3
FNH:0
FNDA:0,(anonymous_0)
FNDA:0,(anonymous_1)
FNDA:0,(anonymous_2)
DA:3,0
DA:5,0
DA:7,0
DA:11,0
DA:15,0
LF:5
LH:0
BRF:0
BRH:0
end_of_record
TN:
SF:server/objectAcl.ts
FN:15,(anonymous_0)
FN:38,(anonymous_1)
FN:59,isPermissionAllowed
FN:76,(anonymous_3)
FN:85,createObjectAccessGroup
FN:106,setObjectAclPolicy
FN:123,getObjectAclPolicy
FN:135,canAccessObject
FNF:8
FNH:0
FNDA:0,(anonymous_0)
FNDA:0,(anonymous_1)
FNDA:0,isPermissionAllowed
FNDA:0,(anonymous_3)
FNDA:0,createObjectAccessGroup
FNDA:0,setObjectAclPolicy
FNDA:0,getObjectAclPolicy
FNDA:0,canAccessObject
DA:3,0
DA:15,0
DA:38,0
DA:39,0
DA:40,0
DA:64,0
DA:65,0
DA:69,0
DA:77,0
DA:78,0
DA:88,0
DA:101,0
DA:106,0
DA:110,0
DA:111,0
DA:112,0
DA:115,0
DA:123,0
DA:126,0
DA:127,0
DA:128,0
DA:129,0
DA:131,0
DA:135,0
DA:145,0
DA:146,0
DA:147,0
DA:151,0
DA:155,0
DA:159,0
DA:160,0
DA:164,0
DA:165,0
DA:169,0
DA:170,0
DA:171,0
DA:175,0
DA:179,0
LF:38
LH:0
BRDA:15,0,0,0
BRDA:15,0,1,0
BRDA:38,1,0,0
BRDA:38,1,1,0
BRDA:64,2,0,0
BRDA:88,3,0,0
BRDA:111,4,0,0
BRDA:128,5,0,0
BRDA:146,6,0,0
BRDA:151,7,0,0
BRDA:152,8,0,0
BRDA:152,8,1,0
BRDA:159,9,0,0
BRDA:164,10,0,0
BRDA:169,11,0,0
BRDA:169,11,1,0
BRDA:171,12,0,0
BRDA:172,13,0,0
BRDA:172,13,1,0
BRF:19
BRH:0
end_of_record
TN:
SF:server/objectStorage.ts
FN:35,(anonymous_0)
FN:44,(anonymous_1)
FN:47,(anonymous_2)
FN:53,(anonymous_3)
FN:54,(anonymous_4)
FN:67,(anonymous_5)
FN:79,(anonymous_6)
FN:99,(anonymous_7)
FN:118,(anonymous_8)
FN:135,(anonymous_9)
FN:159,(anonymous_10)
FN:185,(anonymous_11)
FN:211,(anonymous_12)
FN:226,(anonymous_13)
FN:243,parseObjectPath
FN:264,signObjectURL
FNF:16
FNH:0
FNDA:0,(anonymous_0)
FNDA:0,(anonymous_1)
FNDA:0,(anonymous_2)
FNDA:0,(anonymous_3)
FNDA:0,(anonymous_4)
FNDA:0,(anonymous_5)
FNDA:0,(anonymous_6)
FNDA:0,(anonymous_7)
FNDA:0,(anonymous_8)
FNDA:0,(anonymous_9)
FNDA:0,(anonymous_10)
FNDA:0,(anonymous_11)
FNDA:0,(anonymous_12)
FNDA:0,(anonymous_13)
FNDA:0,parseObjectPath
FNDA:0,signObjectURL
DA:1,0
DA:3,0
DA:4,0
DA:11,0
DA:13,0
DA:16,0
DA:34,0
DA:36,0
DA:37,0
DA:38,0
DA:43,0
DA:48,0
DA:49,0
DA:53,0
DA:54,0
DA:57,0
DA:58,0
DA:63,0
DA:68,0
DA:69,0
DA:70,0
DA:75,0
DA:80,0
DA:81,0
DA:84,0
DA:85,0
DA:86,0
DA:89,0
DA:90,0
DA:91,0
DA:95,0
DA:100,0
DA:102,0
DA:104,0
DA:105,0
DA:107,0
DA:116,0
DA:118,0
DA:119,0
DA:120,0
DA:121,0
DA:125,0
DA:127,0
DA:128,0
DA:129,0
DA:136,0
DA:137,0
DA:138,0
DA:144,0
DA:145,0
DA:147,0
DA:150,0
DA:160,0
DA:161,0
DA:164,0
DA:165,0
DA:166,0
DA:169,0
DA:170,0
DA:171,0
DA:172,0
DA:174,0
DA:175,0
DA:176,0
DA:177,0
DA:178,0
DA:179,0
DA:180,0
DA:182,0
DA:188,0
DA:189,0
DA:193,0
DA:194,0
DA:196,0
DA:197,0
DA:198,0
DA:201,0
DA:202,0
DA:206,0
DA:207,0
DA:215,0
DA:216,0
DA:217,0
DA:220,0
DA:221,0
DA:222,0
DA:235,0
DA:247,0
DA:248,0
DA:250,0
DA:251,0
DA:252,0
DA:255,0
DA:256,0
DA:258,0
DA:275,0
DA:281,0
DA:291,0
DA:292,0
DA:298,0
DA:299,0
LF:101
LH:0
BRDA:48,0,0,0
BRDA:48,0,1,0
BRDA:57,1,0,0
BRDA:68,2,0,0
BRDA:68,2,1,0
BRDA:69,3,0,0
BRDA:90,4,0,0
BRDA:99,5,0,0
BRDA:108,6,0,0
BRDA:108,6,1,0
BRDA:111,7,0,0
BRDA:111,7,1,0
BRDA:120,8,0,0
BRDA:128,9,0,0
BRDA:137,10,0,0
BRDA:160,11,0,0
BRDA:165,12,0,0
BRDA:171,13,0,0
BRDA:179,14,0,0
BRDA:188,15,0,0
BRDA:197,16,0,0
BRDA:201,17,0,0
BRDA:216,18,0,0
BRDA:238,19,0,0
BRDA:238,19,1,0
BRDA:247,20,0,0
BRDA:251,21,0,0
BRDA:291,22,0,0
BRF:28
BRH:0
end_of_record
TN:
SF:server/recovery.ts
FN:10,generateToken
FN:25,requestPasswordReset
FN:66,verifyResetToken
FN:95,resetPassword
FNF:4
FNH:0
FNDA:0,generateToken
FNDA:0,requestPasswordReset
FNDA:0,verifyResetToken
FNDA:0,resetPassword
DA:2,0
DA:3,0
DA:4,0
DA:7,0
DA:11,0
DA:12,0
DA:13,0
DA:15,0
DA:21,0
DA:25,0
DA:26,0
DA:27,0
DA:29,0
DA:30,0
DA:34,0
DA:38,0
DA:39,0
DA:45,0
DA:48,0
DA:50,0
DA:51,0
DA:52,0
DA:55,0
DA:60,0
DA:61,0
DA:66,0
DA:67,0
DA:68,0
DA:71,0
DA:72,0
DA:73,0
DA:77,0
DA:78,0
DA:79,0
DA:83,0
DA:89,0
DA:90,0
DA:95,0
DA:96,0
DA:97,0
DA:99,0
DA:100,0
DA:104,0
DA:105,0
DA:106,0
DA:110,0
DA:111,0
DA:112,0
DA:116,0
DA:117,0
DA:118,0
DA:124,0
DA:127,0
DA:130,0
DA:133,0
DA:134,0
LF:56
LH:0
BRDA:29,0,0,0
BRDA:29,1,0,0
BRDA:29,1,1,0
BRDA:38,2,0,0
BRDA:38,3,0,0
BRDA:38,3,1,0
BRDA:72,4,0,0
BRDA:77,5,0,0
BRDA:99,6,0,0
BRDA:99,7,0,0
BRDA:99,7,1,0
BRDA:105,8,0,0
BRDA:110,9,0,0
BRDA:117,10,0,0
BRF:14
BRH:0
end_of_record
TN:
SF:server/routes.ts
FN:41,formatTimeAgo
FN:56,generateAnalysisPrompt
FN:62,(anonymous_9)
FN:129,performAiAnalysis
FN:429,parseExcelCurriculumWithPricing
FN:493,(anonymous_12)
FN:514,(anonymous_13)
FN:583,(anonymous_14)
FN:583,(anonymous_15)
FN:640,parseExcelCurriculum
FN:737,requireAuth
FN:738,(anonymous_18)
FN:794,registerRoutes
FN:836,(anonymous_20)
FN:887,(anonymous_21)
FN:901,(anonymous_22)
FN:905,(anonymous_23)
FN:906,(anonymous_24)
FN:914,(anonymous_25)
FN:933,(anonymous_26)
FN:959,(anonymous_27)
FN:960,(anonymous_28)
FN:968,(anonymous_29)
FN:986,(anonymous_30)
FN:1078,(anonymous_31)
FN:1103,(anonymous_32)
FN:1137,(anonymous_33)
FN:1167,(anonymous_34)
FN:1181,(anonymous_35)
FN:1235,(anonymous_36)
FN:1239,(anonymous_37)
FN:1243,(anonymous_38)
FN:1248,(anonymous_39)
FN:1248,(anonymous_40)
FN:1263,(anonymous_41)
FN:1267,(anonymous_42)
FN:1284,(anonymous_43)
FN:1359,(anonymous_44)
FN:1444,(anonymous_45)
FN:1497,(anonymous_46)
FN:1544,(anonymous_47)
FN:1545,(anonymous_48)
FN:1549,(anonymous_49)
FN:1550,(anonymous_50)
FN:1601,(anonymous_51)
FN:1608,(anonymous_52)
FN:1625,(anonymous_53)
FN:1661,(anonymous_54)
FN:1701,(anonymous_55)
FN:1738,(anonymous_56)
FN:1771,(anonymous_57)
FN:1823,(anonymous_58)
FN:1865,(anonymous_59)
FN:1897,(anonymous_60)
FN:1937,(anonymous_61)
FN:1973,(anonymous_62)
FN:2004,(anonymous_63)
FN:2005,(anonymous_64)
FN:2026,(anonymous_65)
FN:2058,(anonymous_66)
FN:2143,(anonymous_67)
FN:2149,(anonymous_68)
FN:2151,(anonymous_69)
FN:2156,(anonymous_70)
FN:2157,(anonymous_71)
FN:2158,(anonymous_72)
FN:2159,(anonymous_73)
FN:2160,(anonymous_74)
FN:2161,(anonymous_75)
FN:2162,(anonymous_76)
FN:2166,(anonymous_77)
FN:2167,(anonymous_78)
FN:2274,(anonymous_79)
FN:2319,(anonymous_80)
FN:2352,(anonymous_81)
FN:2400,(anonymous_82)
FN:2424,(anonymous_83)
FN:2489,(anonymous_84)
FN:2547,(anonymous_85)
FN:2580,(anonymous_86)
FN:2604,(anonymous_87)
FN:2621,(anonymous_88)
FN:2643,(anonymous_89)
FN:2667,(anonymous_90)
FN:2680,(anonymous_91)
FN:2708,(anonymous_92)
FN:2733,(anonymous_93)
FN:2767,(anonymous_94)
FN:2799,(anonymous_95)
FN:2804,(anonymous_96)
FN:2806,(anonymous_97)
FN:2815,(anonymous_98)
FN:2817,(anonymous_99)
FN:2826,(anonymous_100)
FN:2828,(anonymous_101)
FN:2838,(anonymous_102)
FN:2839,(anonymous_103)
FN:2862,(anonymous_104)
FN:2890,(anonymous_105)
FN:2897,(anonymous_106)
FN:2904,(anonymous_107)
FN:2937,(anonymous_108)
FN:2971,(anonymous_109)
FN:2980,(anonymous_110)
FN:3035,(anonymous_111)
FN:3058,(anonymous_112)
FN:3102,(anonymous_113)
FN:3132,(anonymous_114)
FN:3165,(anonymous_115)
FN:3209,(anonymous_116)
FN:3254,maskValue
FN:3259,isMasked
FN:3268,(anonymous_119)
FN:3296,(anonymous_120)
FN:3308,(anonymous_121)
FN:3336,(anonymous_122)
FN:3359,(anonymous_123)
FN:3376,(anonymous_124)
FN:3393,(anonymous_125)
FN:3421,(anonymous_126)
FN:3458,(anonymous_127)
FN:3565,(anonymous_128)
FN:3686,(anonymous_129)
FN:3704,(anonymous_130)
FN:3750,(anonymous_131)
FN:3778,getGooglePlaceType
FN:3794,searchTalezPlaces
FN:3821,(anonymous_134)
FN:3863,(anonymous_135)
FN:3891,(anonymous_136)
FN:3965,(anonymous_137)
FN:4000,(anonymous_138)
FN:4035,(anonymous_139)
FN:4036,(anonymous_140)
FN:4040,(anonymous_141)
FN:4083,(anonymous_142)
FN:4103,(anonymous_143)
FN:4120,(anonymous_144)
FN:4122,(anonymous_145)
FN:4131,(anonymous_146)
FN:4134,(anonymous_147)
FN:4147,(anonymous_148)
FN:4149,(anonymous_149)
FN:4204,(anonymous_150)
FN:4264,(anonymous_151)
FN:4271,(anonymous_152)
FN:4295,(anonymous_153)
FN:4313,(anonymous_154)
FN:4331,(anonymous_155)
FN:4354,(anonymous_156)
FN:4397,(anonymous_157)
FN:4443,(anonymous_158)
FN:4482,(anonymous_159)
FN:4568,(anonymous_160)
FN:4579,(anonymous_161)
FN:4590,(anonymous_162)
FN:4601,(anonymous_163)
FN:4613,(anonymous_164)
FN:4624,(anonymous_165)
FN:4635,(anonymous_166)
FN:4649,(anonymous_167)
FN:4654,(anonymous_168)
FN:4696,(anonymous_169)
FN:4735,(anonymous_170)
FN:4748,(anonymous_171)
FN:4791,(anonymous_172)
FN:4837,(anonymous_173)
FN:4892,(anonymous_174)
FN:4950,(anonymous_175)
FN:5004,(anonymous_176)
FN:5022,(anonymous_177)
FN:5039,(anonymous_178)
FN:5086,(anonymous_179)
FN:5099,(anonymous_180)
FN:5116,(anonymous_181)
FN:5175,(anonymous_182)
FN:5199,(anonymous_183)
FN:5201,(anonymous_184)
FN:5225,(anonymous_185)
FN:5251,(anonymous_186)
FN:5322,(anonymous_187)
FN:5392,(anonymous_188)
FN:5448,(anonymous_189)
FN:5502,(anonymous_190)
FN:5544,(anonymous_191)
FN:5599,(anonymous_192)
FN:5657,(anonymous_193)
FN:5711,(anonymous_194)
FN:5770,(anonymous_195)
FN:5794,(anonymous_196)
FN:5796,(anonymous_197)
FN:5839,(anonymous_198)
FN:5865,(anonymous_199)
FN:5936,(anonymous_200)
FN:6006,(anonymous_201)
FN:6062,(anonymous_202)
FN:6100,(anonymous_203)
FN:6120,(anonymous_204)
FN:6149,(anonymous_205)
FN:6181,(anonymous_206)
FN:6212,(anonymous_207)
FN:6240,(anonymous_208)
FN:6328,(anonymous_209)
FN:6387,(anonymous_210)
FN:6400,(anonymous_211)
FN:6430,(anonymous_212)
FN:6473,(anonymous_213)
FN:6473,(anonymous_214)
FN:6474,(anonymous_215)
FN:6476,(anonymous_216)
FN:6497,(anonymous_217)
FN:6509,(anonymous_218)
FN:6509,(anonymous_219)
FN:6510,(anonymous_220)
FN:6512,(anonymous_221)
FN:6541,(anonymous_222)
FN:6578,(anonymous_223)
FN:6600,(anonymous_224)
FN:6621,(anonymous_225)
FN:6668,(anonymous_226)
FN:6675,(anonymous_227)
FN:6686,(anonymous_228)
FN:6696,(anonymous_229)
FN:6718,(anonymous_230)
FN:6749,(anonymous_231)
FN:6816,(anonymous_232)
FN:6830,parseExcelCurriculumWithPricing
FN:6848,(anonymous_234)
FN:6946,(anonymous_235)
FN:6946,(anonymous_236)
FN:6970,(anonymous_237)
FN:6971,(anonymous_238)
FN:6998,(anonymous_239)
FN:7006,(anonymous_240)
FN:7013,(anonymous_241)
FN:7024,(anonymous_242)
FN:7034,(anonymous_243)
FN:7081,(anonymous_244)
FN:7095,(anonymous_245)
FN:7112,(anonymous_246)
FN:7154,(anonymous_247)
FN:7200,(anonymous_248)
FN:7216,(anonymous_249)
FN:7219,(anonymous_250)
FN:7229,(anonymous_251)
FN:7245,(anonymous_252)
FN:7253,(anonymous_253)
FN:7279,(anonymous_254)
FN:7313,(anonymous_255)
FN:7345,(anonymous_256)
FN:7373,(anonymous_257)
FN:7410,(anonymous_258)
FN:7449,(anonymous_259)
FN:7477,(anonymous_260)
FN:7497,(anonymous_261)
FN:7535,(anonymous_262)
FN:7546,(anonymous_263)
FN:7553,(anonymous_264)
FN:7555,(anonymous_265)
FN:7570,(anonymous_266)
FN:7668,(anonymous_267)
FN:7757,(anonymous_268)
FN:7761,(anonymous_269)
FN:7764,(anonymous_270)
FN:7788,(anonymous_271)
FN:7808,(anonymous_272)
FN:7812,(anonymous_273)
FN:7816,(anonymous_274)
FN:7833,(anonymous_275)
FN:7852,(anonymous_276)
FN:7872,(anonymous_277)
FN:7888,(anonymous_278)
FN:7905,(anonymous_279)
FN:7911,(anonymous_280)
FN:7919,(anonymous_281)
FN:7925,(anonymous_282)
FN:7948,(anonymous_283)
FN:7974,(anonymous_284)
FN:7995,(anonymous_285)
FN:8025,(anonymous_286)
FN:8054,(anonymous_287)
FN:8087,(anonymous_288)
FN:8110,(anonymous_289)
FN:8131,(anonymous_290)
FN:8135,(anonymous_291)
FN:8160,(anonymous_292)
FN:8171,(anonymous_293)
FN:8196,(anonymous_294)
FN:8221,(anonymous_295)
FN:8234,(anonymous_296)
FN:8244,(anonymous_297)
FN:8254,(anonymous_298)
FN:8264,(anonymous_299)
FN:8274,(anonymous_300)
FN:8286,(anonymous_301)
FN:8324,(anonymous_302)
FN:8357,(anonymous_303)
FN:8418,(anonymous_304)
FN:8437,(anonymous_305)
FN:8459,(anonymous_306)
FN:8496,(anonymous_307)
FN:8532,(anonymous_308)
FN:8551,(anonymous_309)
FN:8560,(anonymous_310)
FN:8584,(anonymous_311)
FN:8591,(anonymous_312)
FN:8596,(anonymous_313)
FN:8620,(anonymous_314)
FN:8623,(anonymous_315)
FN:8625,(anonymous_316)
FN:8641,(anonymous_317)
FN:8689,(anonymous_318)
FN:8730,(anonymous_319)
FN:8742,(anonymous_320)
FN:8750,(anonymous_321)
FN:8792,(anonymous_322)
FN:8801,(anonymous_323)
FN:8808,(anonymous_324)
FN:8815,(anonymous_325)
FN:8821,(anonymous_326)
FN:8823,(anonymous_327)
FN:8865,(anonymous_328)
FN:8883,(anonymous_329)
FN:8905,(anonymous_330)
FN:8933,(anonymous_331)
FN:8975,(anonymous_332)
FN:8995,(anonymous_333)
FN:9034,(anonymous_334)
FN:9071,(anonymous_335)
FN:9098,(anonymous_336)
FN:9113,(anonymous_337)
FN:9137,(anonymous_338)
FN:9175,(anonymous_339)
FN:9194,(anonymous_340)
FN:9244,(anonymous_341)
FN:9314,(anonymous_342)
FN:9373,(anonymous_343)
FN:9425,(anonymous_344)
FN:9455,(anonymous_345)
FN:9463,(anonymous_346)
FN:9557,(anonymous_347)
FN:9562,(anonymous_348)
FN:9568,handleUserSearch
FN:9616,(anonymous_350)
FN:9622,(anonymous_351)
FN:9624,(anonymous_352)
FN:9631,(anonymous_353)
FN:9642,(anonymous_354)
FN:9658,(anonymous_355)
FN:9659,(anonymous_356)
FN:9672,(anonymous_357)
FN:9674,(anonymous_358)
FN:9707,(anonymous_359)
FN:9726,(anonymous_360)
FN:9743,(anonymous_361)
FN:9759,(anonymous_362)
FN:9761,(anonymous_363)
FN:9770,(anonymous_364)
FN:9792,(anonymous_365)
FN:9807,(anonymous_366)
FN:9936,(anonymous_367)
FN:9970,(anonymous_368)
FN:10068,(anonymous_369)
FN:10087,(anonymous_370)
FN:10103,(anonymous_371)
FN:10146,(anonymous_372)
FN:10163,(anonymous_373)
FN:10180,(anonymous_374)
FN:10225,(anonymous_375)
FN:10271,(anonymous_376)
FN:10308,(anonymous_377)
FN:10341,(anonymous_378)
FN:10376,(anonymous_379)
FN:10450,(anonymous_380)
FN:10490,(anonymous_381)
FN:10521,(anonymous_382)
FN:10552,(anonymous_383)
FN:10595,(anonymous_384)
FN:10629,(anonymous_385)
FN:10664,(anonymous_386)
FN:10687,(anonymous_387)
FN:10712,(anonymous_388)
FN:10736,(anonymous_389)
FN:10757,(anonymous_390)
FN:10777,(anonymous_391)
FN:10791,(anonymous_392)
FN:10792,(anonymous_393)
FN:10797,(anonymous_394)
FN:10801,(anonymous_395)
FN:10803,(anonymous_396)
FN:10804,(anonymous_397)
FN:10806,(anonymous_398)
FN:10806,(anonymous_399)
FN:10807,(anonymous_400)
FN:10807,(anonymous_401)
FN:10808,(anonymous_402)
FN:10815,(anonymous_403)
FN:10817,(anonymous_404)
FN:10845,(anonymous_405)
FN:10866,(anonymous_406)
FN:10876,(anonymous_407)
FN:10886,(anonymous_408)
FN:10914,(anonymous_409)
FN:10928,(anonymous_410)
FN:10959,(anonymous_411)
FN:10984,(anonymous_412)
FN:11005,(anonymous_413)
FN:11034,(anonymous_414)
FN:11045,(anonymous_415)
FN:11057,(anonymous_416)
FN:11061,(anonymous_417)
FN:11070,(anonymous_418)
FN:11081,(anonymous_419)
FN:11091,(anonymous_420)
FN:11108,(anonymous_421)
FN:11139,resolveTrendPeriod
FN:11153,computeStressScore
FN:11168,aggregateLogsByDate
FN:11203,(anonymous_425)
FN:11216,(anonymous_426)
FN:11220,summarizeSeries
FN:11239,(anonymous_428)
FN:11252,assertPetAccess
FN:11272,(anonymous_430)
FN:11299,(anonymous_431)
FN:11340,(anonymous_432)
FN:11367,(anonymous_433)
FN:11384,(anonymous_434)
FN:11385,(anonymous_435)
FN:11392,(anonymous_436)
FN:11421,(anonymous_437)
FN:11423,resolveAnalysisOwnerId
FN:11433,buildAnalysisPdfBuffer
FN:11465,pdfFilename
FN:11469,contentDisposition
FN:11474,(anonymous_442)
FN:11505,(anonymous_443)
FN:11554,(anonymous_444)
FN:11575,(anonymous_445)
FN:11580,(anonymous_446)
FN:11590,(anonymous_447)
FN:11609,(anonymous_448)
FN:11630,(anonymous_449)
FN:11672,(anonymous_450)
FN:11678,(anonymous_451)
FN:11684,(anonymous_452)
FN:11688,(anonymous_453)
FN:11693,(anonymous_454)
FN:11701,(anonymous_455)
FN:11705,(anonymous_456)
FN:11709,(anonymous_457)
FN:11772,(anonymous_458)
FN:11800,(anonymous_459)
FN:11836,(anonymous_460)
FN:11865,(anonymous_461)
FN:11870,(anonymous_462)
FN:11871,(anonymous_463)
FN:11896,(anonymous_464)
FN:11928,(anonymous_465)
FN:11931,(anonymous_466)
FN:11969,(anonymous_467)
FN:11992,(anonymous_468)
FN:12020,(anonymous_469)
FN:12021,(anonymous_470)
FN:12057,(anonymous_471)
FN:12061,(anonymous_472)
FN:12063,(anonymous_473)
FN:12064,(anonymous_474)
FN:12084,(anonymous_475)
FN:12107,(anonymous_476)
FN:12134,(anonymous_477)
FN:12136,(anonymous_478)
FN:12172,(anonymous_479)
FN:12216,(anonymous_480)
FN:12235,(anonymous_481)
FN:12263,(anonymous_482)
FN:12290,(anonymous_483)
FN:12312,(anonymous_484)
FN:12350,(anonymous_485)
FN:12392,(anonymous_486)
FN:12422,(anonymous_487)
FN:12449,(anonymous_488)
FN:12499,(anonymous_489)
FN:12506,(anonymous_490)
FN:12507,(anonymous_491)
FN:12508,(anonymous_492)
FN:12512,(anonymous_493)
FN:12530,(anonymous_494)
FN:12564,(anonymous_495)
FN:12567,(anonymous_496)
FN:12570,(anonymous_497)
FN:12571,(anonymous_498)
FN:12591,(anonymous_499)
FN:12611,(anonymous_500)
FN:12614,(anonymous_501)
FN:12619,(anonymous_502)
FN:12623,(anonymous_503)
FN:12638,(anonymous_504)
FN:12639,(anonymous_505)
FN:12655,(anonymous_506)
FN:12726,(anonymous_507)
FN:12746,(anonymous_508)
FN:12754,(anonymous_509)
FN:12777,(anonymous_510)
FN:12782,(anonymous_511)
FN:12808,(anonymous_512)
FN:12813,(anonymous_513)
FN:12838,(anonymous_514)
FN:12854,(anonymous_515)
FN:12884,(anonymous_516)
FN:12908,(anonymous_517)
FN:12953,(anonymous_518)
FN:12979,(anonymous_519)
FN:12990,(anonymous_520)
FN:13006,(anonymous_521)
FN:13017,(anonymous_522)
FN:13046,(anonymous_523)
FN:13061,(anonymous_524)
FN:13106,(anonymous_525)
FN:13126,(anonymous_526)
FN:13129,(anonymous_527)
FN:13145,(anonymous_528)
FN:13146,(anonymous_529)
FN:13178,(anonymous_530)
FN:13216,(anonymous_531)
FN:13218,(anonymous_532)
FN:13250,(anonymous_533)
FN:13325,persistSuccessfulPayment
FN:13347,(anonymous_535)
FN:13406,(anonymous_536)
FN:13427,(anonymous_537)
FN:13467,(anonymous_538)
FN:13584,(anonymous_539)
FN:13680,(anonymous_540)
FN:13726,(anonymous_541)
FN:13750,(anonymous_542)
FN:13803,(anonymous_543)
FN:13835,(anonymous_544)
FN:13874,(anonymous_545)
FN:13884,(anonymous_546)
FN:13910,(anonymous_547)
FN:13947,(anonymous_548)
FN:14125,(anonymous_549)
FN:14131,(anonymous_550)
FN:14132,(anonymous_551)
FN:14133,(anonymous_552)
FN:14159,(anonymous_553)
FN:14173,(anonymous_554)
FN:14193,(anonymous_555)
FN:14240,(anonymous_556)
FN:14295,(anonymous_557)
FN:14323,(anonymous_558)
FN:14337,(anonymous_559)
FN:14380,(anonymous_560)
FN:14399,(anonymous_561)
FN:14425,(anonymous_562)
FN:14462,(anonymous_563)
FN:14489,(anonymous_564)
FN:14516,(anonymous_565)
FN:14568,(anonymous_566)
FN:14610,(anonymous_567)
FN:14626,(anonymous_568)
FN:14643,(anonymous_569)
FN:14666,(anonymous_570)
FN:14682,(anonymous_571)
FN:14752,(anonymous_572)
FN:14810,(anonymous_573)
FN:14827,(anonymous_574)
FN:14828,(anonymous_575)
FN:14843,(anonymous_576)
FN:14844,(anonymous_577)
FN:14857,(anonymous_578)
FN:14878,(anonymous_579)
FN:14892,(anonymous_580)
FN:14978,(anonymous_581)
FN:14991,(anonymous_582)
FN:15040,(anonymous_583)
FN:15054,(anonymous_584)
FN:15084,(anonymous_585)
FN:15110,(anonymous_586)
FN:15130,(anonymous_587)
FN:15220,(anonymous_588)
FN:15368,(anonymous_589)
FN:15387,(anonymous_590)
FN:15397,(anonymous_591)
FN:15427,(anonymous_592)
FN:15434,(anonymous_593)
FN:15446,(anonymous_594)
FN:15465,(anonymous_595)
FN:15472,(anonymous_596)
FN:15484,(anonymous_597)
FN:15503,(anonymous_598)
FN:15631,(anonymous_599)
FN:15656,(anonymous_600)
FN:15679,(anonymous_601)
FN:15692,(anonymous_602)
FN:15696,(anonymous_603)
FN:15709,(anonymous_604)
FN:15739,(anonymous_605)
FN:15759,(anonymous_606)
FN:15825,(anonymous_607)
FN:15865,(anonymous_608)
FN:15868,(anonymous_609)
FN:15971,(anonymous_610)
FN:16145,(anonymous_611)
FN:16146,(anonymous_612)
FN:16210,(anonymous_613)
FN:16238,(anonymous_614)
FN:16267,(anonymous_615)
FN:16284,(anonymous_616)
FN:16365,(anonymous_617)
FN:16382,(anonymous_618)
FN:16435,(anonymous_619)
FN:16438,(anonymous_620)
FN:16512,(anonymous_621)
FN:16690,(anonymous_622)
FN:16732,(anonymous_623)
FN:16764,(anonymous_624)
FN:16820,(anonymous_625)
FN:16879,(anonymous_626)
FN:16880,(anonymous_627)
FN:16881,(anonymous_628)
FN:16961,(anonymous_629)
FN:17055,(anonymous_630)
FN:17066,(anonymous_631)
FN:17104,(anonymous_632)
FN:17115,(anonymous_633)
FN:17119,(anonymous_634)
FN:17148,(anonymous_635)
FN:17187,(anonymous_636)
FN:17239,(anonymous_637)
FN:17250,(anonymous_638)
FN:17289,(anonymous_639)
FN:17306,(anonymous_640)
FN:17323,(anonymous_641)
FN:17341,(anonymous_642)
FN:17374,(anonymous_643)
FN:17392,(anonymous_644)
FN:17412,(anonymous_645)
FN:17430,(anonymous_646)
FN:17448,(anonymous_647)
FN:17466,(anonymous_648)
FN:17487,(anonymous_649)
FN:17505,(anonymous_650)
FN:17525,(anonymous_651)
FN:17543,(anonymous_652)
FN:17561,(anonymous_653)
FN:17580,(anonymous_654)
FN:17763,(anonymous_655)
FN:17799,(anonymous_656)
FN:17877,(anonymous_657)
FN:17924,(anonymous_658)
FN:18052,parseRealExcelContent
FN:18160,(anonymous_660)
FN:18339,(anonymous_661)
FN:18340,(anonymous_662)
FN:18349,registerTrainerCertificationRoutes
FN:18351,(anonymous_664)
FN:18387,(anonymous_665)
FN:18413,(anonymous_666)
FN:18433,(anonymous_667)
FN:18576,(anonymous_668)
FN:18596,(anonymous_669)
FN:18615,(anonymous_670)
FN:18641,(anonymous_671)
FN:18656,(anonymous_672)
FN:18689,(anonymous_673)
FN:18696,(anonymous_674)
FN:18719,(anonymous_675)
FN:18739,(anonymous_676)
FN:18765,(anonymous_677)
FN:18845,(anonymous_678)
FN:18948,(anonymous_679)
FN:18973,(anonymous_680)
FN:19024,(anonymous_681)
FN:19047,(anonymous_682)
FN:19074,(anonymous_683)
FN:19112,(anonymous_684)
FN:19120,(anonymous_685)
FN:19121,(anonymous_686)
FN:19122,(anonymous_687)
FN:19124,(anonymous_688)
FN:19140,(anonymous_689)
FN:19147,(anonymous_690)
FN:19148,(anonymous_691)
FN:19149,(anonymous_692)
FN:19151,(anonymous_693)
FN:19152,(anonymous_694)
FN:19153,(anonymous_695)
FN:19169,(anonymous_696)
FN:19195,(anonymous_697)
FN:19233,(anonymous_698)
FN:19234,(anonymous_699)
FN:19235,(anonymous_700)
FN:19239,(anonymous_701)
FN:19244,(anonymous_702)
FN:19244,(anonymous_703)
FN:19252,(anonymous_704)
FN:19304,(anonymous_705)
FN:19309,(anonymous_706)
FN:19309,(anonymous_707)
FN:19312,(anonymous_708)
FN:19336,(anonymous_709)
FN:19389,(anonymous_710)
FN:19452,(anonymous_711)
FN:19460,(anonymous_712)
FN:19498,(anonymous_713)
FN:19539,(anonymous_714)
FN:19589,(anonymous_715)
FN:19636,(anonymous_716)
FN:19702,(anonymous_717)
FN:19743,(anonymous_718)
FN:19793,(anonymous_719)
FN:19840,(anonymous_720)
FN:19847,(anonymous_721)
FN:19912,(anonymous_722)
FN:19925,(anonymous_723)
FN:19966,(anonymous_724)
FN:19979,(anonymous_725)
FN:20002,(anonymous_726)
FN:20015,(anonymous_727)
FN:20048,(anonymous_728)
FN:20098,(anonymous_729)
FN:20102,(anonymous_730)
FN:20103,(anonymous_731)
FN:20152,(anonymous_732)
FN:20172,(anonymous_733)
FN:20188,(anonymous_734)
FN:20209,(anonymous_735)
FN:20228,(anonymous_736)
FN:20230,(anonymous_737)
FN:20263,(anonymous_738)
FN:20293,(anonymous_739)
FN:20305,(anonymous_740)
FN:20320,(anonymous_741)
FN:20361,(anonymous_742)
FN:20374,(anonymous_743)
FN:20398,(anonymous_744)
FN:20398,(anonymous_745)
FN:20401,(anonymous_746)
FN:20418,(anonymous_747)
FN:20471,(anonymous_748)
FN:20505,getSampleNewsArticles
FN:20614,(anonymous_750)
FN:20627,(anonymous_751)
FN:20627,(anonymous_752)
FN:20630,(anonymous_753)
FN:20635,(anonymous_754)
FN:20635,(anonymous_755)
FN:20638,(anonymous_756)
FN:20643,(anonymous_757)
FN:20643,(anonymous_758)
FN:20647,(anonymous_759)
FN:20652,(anonymous_760)
FN:20652,(anonymous_761)
FN:20655,(anonymous_762)
FN:20662,(anonymous_763)
FN:20695,(anonymous_764)
FN:20740,(anonymous_765)
FN:20777,(anonymous_766)
FN:20826,(anonymous_767)
FN:20889,(anonymous_768)
FN:20904,(anonymous_769)
FN:20923,(anonymous_770)
FN:20936,(anonymous_771)
FN:20962,(anonymous_772)
FN:20977,(anonymous_773)
FN:20988,(anonymous_774)
FN:21030,(anonymous_775)
FN:21087,(anonymous_776)
FN:21124,(anonymous_777)
FN:21170,(anonymous_778)
FN:21201,(anonymous_779)
FN:21226,(anonymous_780)
FN:21251,(anonymous_781)
FN:21273,(anonymous_782)
FN:21295,(anonymous_783)
FN:21339,(anonymous_784)
FN:21367,(anonymous_785)
FN:21389,(anonymous_786)
FN:21424,(anonymous_787)
FN:21424,(anonymous_788)
FN:21432,(anonymous_789)
FN:21475,(anonymous_790)
FN:21495,(anonymous_791)
FN:21519,(anonymous_792)
FN:21544,(anonymous_793)
FN:21565,(anonymous_794)
FN:21578,(anonymous_795)
FN:21615,(anonymous_796)
FN:21644,(anonymous_797)
FN:21675,(anonymous_798)
FN:21698,(anonymous_799)
FN:21723,(anonymous_800)
FN:21748,(anonymous_801)
FN:21778,(anonymous_802)
FN:21808,(anonymous_803)
FN:21836,(anonymous_804)
FN:21863,(anonymous_805)
FN:21897,(anonymous_806)
FN:21918,(anonymous_807)
FN:21960,(anonymous_808)
FN:21960,(anonymous_809)
FN:21970,(anonymous_810)
FN:21981,(anonymous_811)
FN:21982,(anonymous_812)
FN:21986,(anonymous_813)
FN:22022,(anonymous_814)
FN:22023,(anonymous_815)
FN:22046,(anonymous_816)
FN:22048,(anonymous_817)
FN:22065,(anonymous_818)
FN:22120,(anonymous_819)
FN:22124,(anonymous_820)
FN:22207,(anonymous_821)
FN:22243,(anonymous_822)
FN:22265,(anonymous_823)
FN:22288,(anonymous_824)
FN:22338,(anonymous_825)
FNF:819
FNH:0
FNDA:0,formatTimeAgo
FNDA:0,generateAnalysisPrompt
FNDA:0,(anonymous_9)
FNDA:0,performAiAnalysis
FNDA:0,parseExcelCurriculumWithPricing
FNDA:0,(anonymous_12)
FNDA:0,(anonymous_13)
FNDA:0,(anonymous_14)
FNDA:0,(anonymous_15)
FNDA:0,parseExcelCurriculum
FNDA:0,requireAuth
FNDA:0,(anonymous_18)
FNDA:0,registerRoutes
FNDA:0,(anonymous_20)
FNDA:0,(anonymous_21)
FNDA:0,(anonymous_22)
FNDA:0,(anonymous_23)
FNDA:0,(anonymous_24)
FNDA:0,(anonymous_25)
FNDA:0,(anonymous_26)
FNDA:0,(anonymous_27)
FNDA:0,(anonymous_28)
FNDA:0,(anonymous_29)
FNDA:0,(anonymous_30)
FNDA:0,(anonymous_31)
FNDA:0,(anonymous_32)
FNDA:0,(anonymous_33)
FNDA:0,(anonymous_34)
FNDA:0,(anonymous_35)
FNDA:0,(anonymous_36)
FNDA:0,(anonymous_37)
FNDA:0,(anonymous_38)
FNDA:0,(anonymous_39)
FNDA:0,(anonymous_40)
FNDA:0,(anonymous_41)
FNDA:0,(anonymous_42)
FNDA:0,(anonymous_43)
FNDA:0,(anonymous_44)
FNDA:0,(anonymous_45)
FNDA:0,(anonymous_46)
FNDA:0,(anonymous_47)
FNDA:0,(anonymous_48)
FNDA:0,(anonymous_49)
FNDA:0,(anonymous_50)
FNDA:0,(anonymous_51)
FNDA:0,(anonymous_52)
FNDA:0,(anonymous_53)
FNDA:0,(anonymous_54)
FNDA:0,(anonymous_55)
FNDA:0,(anonymous_56)
FNDA:0,(anonymous_57)
FNDA:0,(anonymous_58)
FNDA:0,(anonymous_59)
FNDA:0,(anonymous_60)
FNDA:0,(anonymous_61)
FNDA:0,(anonymous_62)
FNDA:0,(anonymous_63)
FNDA:0,(anonymous_64)
FNDA:0,(anonymous_65)
FNDA:0,(anonymous_66)
FNDA:0,(anonymous_67)
FNDA:0,(anonymous_68)
FNDA:0,(anonymous_69)
FNDA:0,(anonymous_70)
FNDA:0,(anonymous_71)
FNDA:0,(anonymous_72)
FNDA:0,(anonymous_73)
FNDA:0,(anonymous_74)
FNDA:0,(anonymous_75)
FNDA:0,(anonymous_76)
FNDA:0,(anonymous_77)
FNDA:0,(anonymous_78)
FNDA:0,(anonymous_79)
FNDA:0,(anonymous_80)
FNDA:0,(anonymous_81)
FNDA:0,(anonymous_82)
FNDA:0,(anonymous_83)
FNDA:0,(anonymous_84)
FNDA:0,(anonymous_85)
FNDA:0,(anonymous_86)
FNDA:0,(anonymous_87)
FNDA:0,(anonymous_88)
FNDA:0,(anonymous_89)
FNDA:0,(anonymous_90)
FNDA:0,(anonymous_91)
FNDA:0,(anonymous_92)
FNDA:0,(anonymous_93)
FNDA:0,(anonymous_94)
FNDA:0,(anonymous_95)
FNDA:0,(anonymous_96)
FNDA:0,(anonymous_97)
FNDA:0,(anonymous_98)
FNDA:0,(anonymous_99)
FNDA:0,(anonymous_100)
FNDA:0,(anonymous_101)
FNDA:0,(anonymous_102)
FNDA:0,(anonymous_103)
FNDA:0,(anonymous_104)
FNDA:0,(anonymous_105)
FNDA:0,(anonymous_106)
FNDA:0,(anonymous_107)
FNDA:0,(anonymous_108)
FNDA:0,(anonymous_109)
FNDA:0,(anonymous_110)
FNDA:0,(anonymous_111)
FNDA:0,(anonymous_112)
FNDA:0,(anonymous_113)
FNDA:0,(anonymous_114)
FNDA:0,(anonymous_115)
FNDA:0,(anonymous_116)
FNDA:0,maskValue
FNDA:0,isMasked
FNDA:0,(anonymous_119)
FNDA:0,(anonymous_120)
FNDA:0,(anonymous_121)
FNDA:0,(anonymous_122)
FNDA:0,(anonymous_123)
FNDA:0,(anonymous_124)
FNDA:0,(anonymous_125)
FNDA:0,(anonymous_126)
FNDA:0,(anonymous_127)
FNDA:0,(anonymous_128)
FNDA:0,(anonymous_129)
FNDA:0,(anonymous_130)
FNDA:0,(anonymous_131)
FNDA:0,getGooglePlaceType
FNDA:0,searchTalezPlaces
FNDA:0,(anonymous_134)
FNDA:0,(anonymous_135)
FNDA:0,(anonymous_136)
FNDA:0,(anonymous_137)
FNDA:0,(anonymous_138)
FNDA:0,(anonymous_139)
FNDA:0,(anonymous_140)
FNDA:0,(anonymous_141)
FNDA:0,(anonymous_142)
FNDA:0,(anonymous_143)
FNDA:0,(anonymous_144)
FNDA:0,(anonymous_145)
FNDA:0,(anonymous_146)
FNDA:0,(anonymous_147)
FNDA:0,(anonymous_148)
FNDA:0,(anonymous_149)
FNDA:0,(anonymous_150)
FNDA:0,(anonymous_151)
FNDA:0,(anonymous_152)
FNDA:0,(anonymous_153)
FNDA:0,(anonymous_154)
FNDA:0,(anonymous_155)
FNDA:0,(anonymous_156)
FNDA:0,(anonymous_157)
FNDA:0,(anonymous_158)
FNDA:0,(anonymous_159)
FNDA:0,(anonymous_160)
FNDA:0,(anonymous_161)
FNDA:0,(anonymous_162)
FNDA:0,(anonymous_163)
FNDA:0,(anonymous_164)
FNDA:0,(anonymous_165)
FNDA:0,(anonymous_166)
FNDA:0,(anonymous_167)
FNDA:0,(anonymous_168)
FNDA:0,(anonymous_169)
FNDA:0,(anonymous_170)
FNDA:0,(anonymous_171)
FNDA:0,(anonymous_172)
FNDA:0,(anonymous_173)
FNDA:0,(anonymous_174)
FNDA:0,(anonymous_175)
FNDA:0,(anonymous_176)
FNDA:0,(anonymous_177)
FNDA:0,(anonymous_178)
FNDA:0,(anonymous_179)
FNDA:0,(anonymous_180)
FNDA:0,(anonymous_181)
FNDA:0,(anonymous_182)
FNDA:0,(anonymous_183)
FNDA:0,(anonymous_184)
FNDA:0,(anonymous_185)
FNDA:0,(anonymous_186)
FNDA:0,(anonymous_187)
FNDA:0,(anonymous_188)
FNDA:0,(anonymous_189)
FNDA:0,(anonymous_190)
FNDA:0,(anonymous_191)
FNDA:0,(anonymous_192)
FNDA:0,(anonymous_193)
FNDA:0,(anonymous_194)
FNDA:0,(anonymous_195)
FNDA:0,(anonymous_196)
FNDA:0,(anonymous_197)
FNDA:0,(anonymous_198)
FNDA:0,(anonymous_199)
FNDA:0,(anonymous_200)
FNDA:0,(anonymous_201)
FNDA:0,(anonymous_202)
FNDA:0,(anonymous_203)
FNDA:0,(anonymous_204)
FNDA:0,(anonymous_205)
FNDA:0,(anonymous_206)
FNDA:0,(anonymous_207)
FNDA:0,(anonymous_208)
FNDA:0,(anonymous_209)
FNDA:0,(anonymous_210)
FNDA:0,(anonymous_211)
FNDA:0,(anonymous_212)
FNDA:0,(anonymous_213)
FNDA:0,(anonymous_214)
FNDA:0,(anonymous_215)
FNDA:0,(anonymous_216)
FNDA:0,(anonymous_217)
FNDA:0,(anonymous_218)
FNDA:0,(anonymous_219)
FNDA:0,(anonymous_220)
FNDA:0,(anonymous_221)
FNDA:0,(anonymous_222)
FNDA:0,(anonymous_223)
FNDA:0,(anonymous_224)
FNDA:0,(anonymous_225)
FNDA:0,(anonymous_226)
FNDA:0,(anonymous_227)
FNDA:0,(anonymous_228)
FNDA:0,(anonymous_229)
FNDA:0,(anonymous_230)
FNDA:0,(anonymous_231)
FNDA:0,(anonymous_232)
FNDA:0,parseExcelCurriculumWithPricing
FNDA:0,(anonymous_234)
FNDA:0,(anonymous_235)
FNDA:0,(anonymous_236)
FNDA:0,(anonymous_237)
FNDA:0,(anonymous_238)
FNDA:0,(anonymous_239)
FNDA:0,(anonymous_240)
FNDA:0,(anonymous_241)
FNDA:0,(anonymous_242)
FNDA:0,(anonymous_243)
FNDA:0,(anonymous_244)
FNDA:0,(anonymous_245)
FNDA:0,(anonymous_246)
FNDA:0,(anonymous_247)
FNDA:0,(anonymous_248)
FNDA:0,(anonymous_249)
FNDA:0,(anonymous_250)
FNDA:0,(anonymous_251)
FNDA:0,(anonymous_252)
FNDA:0,(anonymous_253)
FNDA:0,(anonymous_254)
FNDA:0,(anonymous_255)
FNDA:0,(anonymous_256)
FNDA:0,(anonymous_257)
FNDA:0,(anonymous_258)
FNDA:0,(anonymous_259)
FNDA:0,(anonymous_260)
FNDA:0,(anonymous_261)
FNDA:0,(anonymous_262)
FNDA:0,(anonymous_263)
FNDA:0,(anonymous_264)
FNDA:0,(anonymous_265)
FNDA:0,(anonymous_266)
FNDA:0,(anonymous_267)
FNDA:0,(anonymous_268)
FNDA:0,(anonymous_269)
FNDA:0,(anonymous_270)
FNDA:0,(anonymous_271)
FNDA:0,(anonymous_272)
FNDA:0,(anonymous_273)
FNDA:0,(anonymous_274)
FNDA:0,(anonymous_275)
FNDA:0,(anonymous_276)
FNDA:0,(anonymous_277)
FNDA:0,(anonymous_278)
FNDA:0,(anonymous_279)
FNDA:0,(anonymous_280)
FNDA:0,(anonymous_281)
FNDA:0,(anonymous_282)
FNDA:0,(anonymous_283)
FNDA:0,(anonymous_284)
FNDA:0,(anonymous_285)
FNDA:0,(anonymous_286)
FNDA:0,(anonymous_287)
FNDA:0,(anonymous_288)
FNDA:0,(anonymous_289)
FNDA:0,(anonymous_290)
FNDA:0,(anonymous_291)
FNDA:0,(anonymous_292)
FNDA:0,(anonymous_293)
FNDA:0,(anonymous_294)
FNDA:0,(anonymous_295)
FNDA:0,(anonymous_296)
FNDA:0,(anonymous_297)
FNDA:0,(anonymous_298)
FNDA:0,(anonymous_299)
FNDA:0,(anonymous_300)
FNDA:0,(anonymous_301)
FNDA:0,(anonymous_302)
FNDA:0,(anonymous_303)
FNDA:0,(anonymous_304)
FNDA:0,(anonymous_305)
FNDA:0,(anonymous_306)
FNDA:0,(anonymous_307)
FNDA:0,(anonymous_308)
FNDA:0,(anonymous_309)
FNDA:0,(anonymous_310)
FNDA:0,(anonymous_311)
FNDA:0,(anonymous_312)
FNDA:0,(anonymous_313)
FNDA:0,(anonymous_314)
FNDA:0,(anonymous_315)
FNDA:0,(anonymous_316)
FNDA:0,(anonymous_317)
FNDA:0,(anonymous_318)
FNDA:0,(anonymous_319)
FNDA:0,(anonymous_320)
FNDA:0,(anonymous_321)
FNDA:0,(anonymous_322)
FNDA:0,(anonymous_323)
FNDA:0,(anonymous_324)
FNDA:0,(anonymous_325)
FNDA:0,(anonymous_326)
FNDA:0,(anonymous_327)
FNDA:0,(anonymous_328)
FNDA:0,(anonymous_329)
FNDA:0,(anonymous_330)
FNDA:0,(anonymous_331)
FNDA:0,(anonymous_332)
FNDA:0,(anonymous_333)
FNDA:0,(anonymous_334)
FNDA:0,(anonymous_335)
FNDA:0,(anonymous_336)
FNDA:0,(anonymous_337)
FNDA:0,(anonymous_338)
FNDA:0,(anonymous_339)
FNDA:0,(anonymous_340)
FNDA:0,(anonymous_341)
FNDA:0,(anonymous_342)
FNDA:0,(anonymous_343)
FNDA:0,(anonymous_344)
FNDA:0,(anonymous_345)
FNDA:0,(anonymous_346)
FNDA:0,(anonymous_347)
FNDA:0,(anonymous_348)
FNDA:0,handleUserSearch
FNDA:0,(anonymous_350)
FNDA:0,(anonymous_351)
FNDA:0,(anonymous_352)
FNDA:0,(anonymous_353)
FNDA:0,(anonymous_354)
FNDA:0,(anonymous_355)
FNDA:0,(anonymous_356)
FNDA:0,(anonymous_357)
FNDA:0,(anonymous_358)
FNDA:0,(anonymous_359)
FNDA:0,(anonymous_360)
FNDA:0,(anonymous_361)
FNDA:0,(anonymous_362)
FNDA:0,(anonymous_363)
FNDA:0,(anonymous_364)
FNDA:0,(anonymous_365)
FNDA:0,(anonymous_366)
FNDA:0,(anonymous_367)
FNDA:0,(anonymous_368)
FNDA:0,(anonymous_369)
FNDA:0,(anonymous_370)
FNDA:0,(anonymous_371)
FNDA:0,(anonymous_372)
FNDA:0,(anonymous_373)
FNDA:0,(anonymous_374)
FNDA:0,(anonymous_375)
FNDA:0,(anonymous_376)
FNDA:0,(anonymous_377)
FNDA:0,(anonymous_378)
FNDA:0,(anonymous_379)
FNDA:0,(anonymous_380)
FNDA:0,(anonymous_381)
FNDA:0,(anonymous_382)
FNDA:0,(anonymous_383)
FNDA:0,(anonymous_384)
FNDA:0,(anonymous_385)
FNDA:0,(anonymous_386)
FNDA:0,(anonymous_387)
FNDA:0,(anonymous_388)
FNDA:0,(anonymous_389)
FNDA:0,(anonymous_390)
FNDA:0,(anonymous_391)
FNDA:0,(anonymous_392)
FNDA:0,(anonymous_393)
FNDA:0,(anonymous_394)
FNDA:0,(anonymous_395)
FNDA:0,(anonymous_396)
FNDA:0,(anonymous_397)
FNDA:0,(anonymous_398)
FNDA:0,(anonymous_399)
FNDA:0,(anonymous_400)
FNDA:0,(anonymous_401)
FNDA:0,(anonymous_402)
FNDA:0,(anonymous_403)
FNDA:0,(anonymous_404)
FNDA:0,(anonymous_405)
FNDA:0,(anonymous_406)
FNDA:0,(anonymous_407)
FNDA:0,(anonymous_408)
FNDA:0,(anonymous_409)
FNDA:0,(anonymous_410)
FNDA:0,(anonymous_411)
FNDA:0,(anonymous_412)
FNDA:0,(anonymous_413)
FNDA:0,(anonymous_414)
FNDA:0,(anonymous_415)
FNDA:0,(anonymous_416)
FNDA:0,(anonymous_417)
FNDA:0,(anonymous_418)
FNDA:0,(anonymous_419)
FNDA:0,(anonymous_420)
FNDA:0,(anonymous_421)
FNDA:0,resolveTrendPeriod
FNDA:0,computeStressScore
FNDA:0,aggregateLogsByDate
FNDA:0,(anonymous_425)
FNDA:0,(anonymous_426)
FNDA:0,summarizeSeries
FNDA:0,(anonymous_428)
FNDA:0,assertPetAccess
FNDA:0,(anonymous_430)
FNDA:0,(anonymous_431)
FNDA:0,(anonymous_432)
FNDA:0,(anonymous_433)
FNDA:0,(anonymous_434)
FNDA:0,(anonymous_435)
FNDA:0,(anonymous_436)
FNDA:0,(anonymous_437)
FNDA:0,resolveAnalysisOwnerId
FNDA:0,buildAnalysisPdfBuffer
FNDA:0,pdfFilename
FNDA:0,contentDisposition
FNDA:0,(anonymous_442)
FNDA:0,(anonymous_443)
FNDA:0,(anonymous_444)
FNDA:0,(anonymous_445)
FNDA:0,(anonymous_446)
FNDA:0,(anonymous_447)
FNDA:0,(anonymous_448)
FNDA:0,(anonymous_449)
FNDA:0,(anonymous_450)
FNDA:0,(anonymous_451)
FNDA:0,(anonymous_452)
FNDA:0,(anonymous_453)
FNDA:0,(anonymous_454)
FNDA:0,(anonymous_455)
FNDA:0,(anonymous_456)
FNDA:0,(anonymous_457)
FNDA:0,(anonymous_458)
FNDA:0,(anonymous_459)
FNDA:0,(anonymous_460)
FNDA:0,(anonymous_461)
FNDA:0,(anonymous_462)
FNDA:0,(anonymous_463)
FNDA:0,(anonymous_464)
FNDA:0,(anonymous_465)
FNDA:0,(anonymous_466)
FNDA:0,(anonymous_467)
FNDA:0,(anonymous_468)
FNDA:0,(anonymous_469)
FNDA:0,(anonymous_470)
FNDA:0,(anonymous_471)
FNDA:0,(anonymous_472)
FNDA:0,(anonymous_473)
FNDA:0,(anonymous_474)
FNDA:0,(anonymous_475)
FNDA:0,(anonymous_476)
FNDA:0,(anonymous_477)
FNDA:0,(anonymous_478)
FNDA:0,(anonymous_479)
FNDA:0,(anonymous_480)
FNDA:0,(anonymous_481)
FNDA:0,(anonymous_482)
FNDA:0,(anonymous_483)
FNDA:0,(anonymous_484)
FNDA:0,(anonymous_485)
FNDA:0,(anonymous_486)
FNDA:0,(anonymous_487)
FNDA:0,(anonymous_488)
FNDA:0,(anonymous_489)
FNDA:0,(anonymous_490)
FNDA:0,(anonymous_491)
FNDA:0,(anonymous_492)
FNDA:0,(anonymous_493)
FNDA:0,(anonymous_494)
FNDA:0,(anonymous_495)
FNDA:0,(anonymous_496)
FNDA:0,(anonymous_497)
FNDA:0,(anonymous_498)
FNDA:0,(anonymous_499)
FNDA:0,(anonymous_500)
FNDA:0,(anonymous_501)
FNDA:0,(anonymous_502)
FNDA:0,(anonymous_503)
FNDA:0,(anonymous_504)
FNDA:0,(anonymous_505)
FNDA:0,(anonymous_506)
FNDA:0,(anonymous_507)
FNDA:0,(anonymous_508)
FNDA:0,(anonymous_509)
FNDA:0,(anonymous_510)
FNDA:0,(anonymous_511)
FNDA:0,(anonymous_512)
FNDA:0,(anonymous_513)
FNDA:0,(anonymous_514)
FNDA:0,(anonymous_515)
FNDA:0,(anonymous_516)
FNDA:0,(anonymous_517)
FNDA:0,(anonymous_518)
FNDA:0,(anonymous_519)
FNDA:0,(anonymous_520)
FNDA:0,(anonymous_521)
FNDA:0,(anonymous_522)
FNDA:0,(anonymous_523)
FNDA:0,(anonymous_524)
FNDA:0,(anonymous_525)
FNDA:0,(anonymous_526)
FNDA:0,(anonymous_527)
FNDA:0,(anonymous_528)
FNDA:0,(anonymous_529)
FNDA:0,(anonymous_530)
FNDA:0,(anonymous_531)
FNDA:0,(anonymous_532)
FNDA:0,(anonymous_533)
FNDA:0,persistSuccessfulPayment
FNDA:0,(anonymous_535)
FNDA:0,(anonymous_536)
FNDA:0,(anonymous_537)
FNDA:0,(anonymous_538)
FNDA:0,(anonymous_539)
FNDA:0,(anonymous_540)
FNDA:0,(anonymous_541)
FNDA:0,(anonymous_542)
FNDA:0,(anonymous_543)
FNDA:0,(anonymous_544)
FNDA:0,(anonymous_545)
FNDA:0,(anonymous_546)
FNDA:0,(anonymous_547)
FNDA:0,(anonymous_548)
FNDA:0,(anonymous_549)
FNDA:0,(anonymous_550)
FNDA:0,(anonymous_551)
FNDA:0,(anonymous_552)
FNDA:0,(anonymous_553)
FNDA:0,(anonymous_554)
FNDA:0,(anonymous_555)
FNDA:0,(anonymous_556)
FNDA:0,(anonymous_557)
FNDA:0,(anonymous_558)
FNDA:0,(anonymous_559)
FNDA:0,(anonymous_560)
FNDA:0,(anonymous_561)
FNDA:0,(anonymous_562)
FNDA:0,(anonymous_563)
FNDA:0,(anonymous_564)
FNDA:0,(anonymous_565)
FNDA:0,(anonymous_566)
FNDA:0,(anonymous_567)
FNDA:0,(anonymous_568)
FNDA:0,(anonymous_569)
FNDA:0,(anonymous_570)
FNDA:0,(anonymous_571)
FNDA:0,(anonymous_572)
FNDA:0,(anonymous_573)
FNDA:0,(anonymous_574)
FNDA:0,(anonymous_575)
FNDA:0,(anonymous_576)
FNDA:0,(anonymous_577)
FNDA:0,(anonymous_578)
FNDA:0,(anonymous_579)
FNDA:0,(anonymous_580)
FNDA:0,(anonymous_581)
FNDA:0,(anonymous_582)
FNDA:0,(anonymous_583)
FNDA:0,(anonymous_584)
FNDA:0,(anonymous_585)
FNDA:0,(anonymous_586)
FNDA:0,(anonymous_587)
FNDA:0,(anonymous_588)
FNDA:0,(anonymous_589)
FNDA:0,(anonymous_590)
FNDA:0,(anonymous_591)
FNDA:0,(anonymous_592)
FNDA:0,(anonymous_593)
FNDA:0,(anonymous_594)
FNDA:0,(anonymous_595)
FNDA:0,(anonymous_596)
FNDA:0,(anonymous_597)
FNDA:0,(anonymous_598)
FNDA:0,(anonymous_599)
FNDA:0,(anonymous_600)
FNDA:0,(anonymous_601)
FNDA:0,(anonymous_602)
FNDA:0,(anonymous_603)
FNDA:0,(anonymous_604)
FNDA:0,(anonymous_605)
FNDA:0,(anonymous_606)
FNDA:0,(anonymous_607)
FNDA:0,(anonymous_608)
FNDA:0,(anonymous_609)
FNDA:0,(anonymous_610)
FNDA:0,(anonymous_611)
FNDA:0,(anonymous_612)
FNDA:0,(anonymous_613)
FNDA:0,(anonymous_614)
FNDA:0,(anonymous_615)
FNDA:0,(anonymous_616)
FNDA:0,(anonymous_617)
FNDA:0,(anonymous_618)
FNDA:0,(anonymous_619)
FNDA:0,(anonymous_620)
FNDA:0,(anonymous_621)
FNDA:0,(anonymous_622)
FNDA:0,(anonymous_623)
FNDA:0,(anonymous_624)
FNDA:0,(anonymous_625)
FNDA:0,(anonymous_626)
FNDA:0,(anonymous_627)
FNDA:0,(anonymous_628)
FNDA:0,(anonymous_629)
FNDA:0,(anonymous_630)
FNDA:0,(anonymous_631)
FNDA:0,(anonymous_632)
FNDA:0,(anonymous_633)
FNDA:0,(anonymous_634)
FNDA:0,(anonymous_635)
FNDA:0,(anonymous_636)
FNDA:0,(anonymous_637)
FNDA:0,(anonymous_638)
FNDA:0,(anonymous_639)
FNDA:0,(anonymous_640)
FNDA:0,(anonymous_641)
FNDA:0,(anonymous_642)
FNDA:0,(anonymous_643)
FNDA:0,(anonymous_644)
FNDA:0,(anonymous_645)
FNDA:0,(anonymous_646)
FNDA:0,(anonymous_647)
FNDA:0,(anonymous_648)
FNDA:0,(anonymous_649)
FNDA:0,(anonymous_650)
FNDA:0,(anonymous_651)
FNDA:0,(anonymous_652)
FNDA:0,(anonymous_653)
FNDA:0,(anonymous_654)
FNDA:0,(anonymous_655)
FNDA:0,(anonymous_656)
FNDA:0,(anonymous_657)
FNDA:0,(anonymous_658)
FNDA:0,parseRealExcelContent
FNDA:0,(anonymous_660)
FNDA:0,(anonymous_661)
FNDA:0,(anonymous_662)
FNDA:0,registerTrainerCertificationRoutes
FNDA:0,(anonymous_664)
FNDA:0,(anonymous_665)
FNDA:0,(anonymous_666)
FNDA:0,(anonymous_667)
FNDA:0,(anonymous_668)
FNDA:0,(anonymous_669)
FNDA:0,(anonymous_670)
FNDA:0,(anonymous_671)
FNDA:0,(anonymous_672)
FNDA:0,(anonymous_673)
FNDA:0,(anonymous_674)
FNDA:0,(anonymous_675)
FNDA:0,(anonymous_676)
FNDA:0,(anonymous_677)
FNDA:0,(anonymous_678)
FNDA:0,(anonymous_679)
FNDA:0,(anonymous_680)
FNDA:0,(anonymous_681)
FNDA:0,(anonymous_682)
FNDA:0,(anonymous_683)
FNDA:0,(anonymous_684)
FNDA:0,(anonymous_685)
FNDA:0,(anonymous_686)
FNDA:0,(anonymous_687)
FNDA:0,(anonymous_688)
FNDA:0,(anonymous_689)
FNDA:0,(anonymous_690)
FNDA:0,(anonymous_691)
FNDA:0,(anonymous_692)
FNDA:0,(anonymous_693)
FNDA:0,(anonymous_694)
FNDA:0,(anonymous_695)
FNDA:0,(anonymous_696)
FNDA:0,(anonymous_697)
FNDA:0,(anonymous_698)
FNDA:0,(anonymous_699)
FNDA:0,(anonymous_700)
FNDA:0,(anonymous_701)
FNDA:0,(anonymous_702)
FNDA:0,(anonymous_703)
FNDA:0,(anonymous_704)
FNDA:0,(anonymous_705)
FNDA:0,(anonymous_706)
FNDA:0,(anonymous_707)
FNDA:0,(anonymous_708)
FNDA:0,(anonymous_709)
FNDA:0,(anonymous_710)
FNDA:0,(anonymous_711)
FNDA:0,(anonymous_712)
FNDA:0,(anonymous_713)
FNDA:0,(anonymous_714)
FNDA:0,(anonymous_715)
FNDA:0,(anonymous_716)
FNDA:0,(anonymous_717)
FNDA:0,(anonymous_718)
FNDA:0,(anonymous_719)
FNDA:0,(anonymous_720)
FNDA:0,(anonymous_721)
FNDA:0,(anonymous_722)
FNDA:0,(anonymous_723)
FNDA:0,(anonymous_724)
FNDA:0,(anonymous_725)
FNDA:0,(anonymous_726)
FNDA:0,(anonymous_727)
FNDA:0,(anonymous_728)
FNDA:0,(anonymous_729)
FNDA:0,(anonymous_730)
FNDA:0,(anonymous_731)
FNDA:0,(anonymous_732)
FNDA:0,(anonymous_733)
FNDA:0,(anonymous_734)
FNDA:0,(anonymous_735)
FNDA:0,(anonymous_736)
FNDA:0,(anonymous_737)
FNDA:0,(anonymous_738)
FNDA:0,(anonymous_739)
FNDA:0,(anonymous_740)
FNDA:0,(anonymous_741)
FNDA:0,(anonymous_742)
FNDA:0,(anonymous_743)
FNDA:0,(anonymous_744)
FNDA:0,(anonymous_745)
FNDA:0,(anonymous_746)
FNDA:0,(anonymous_747)
FNDA:0,(anonymous_748)
FNDA:0,getSampleNewsArticles
FNDA:0,(anonymous_750)
FNDA:0,(anonymous_751)
FNDA:0,(anonymous_752)
FNDA:0,(anonymous_753)
FNDA:0,(anonymous_754)
FNDA:0,(anonymous_755)
FNDA:0,(anonymous_756)
FNDA:0,(anonymous_757)
FNDA:0,(anonymous_758)
FNDA:0,(anonymous_759)
FNDA:0,(anonymous_760)
FNDA:0,(anonymous_761)
FNDA:0,(anonymous_762)
FNDA:0,(anonymous_763)
FNDA:0,(anonymous_764)
FNDA:0,(anonymous_765)
FNDA:0,(anonymous_766)
FNDA:0,(anonymous_767)
FNDA:0,(anonymous_768)
FNDA:0,(anonymous_769)
FNDA:0,(anonymous_770)
FNDA:0,(anonymous_771)
FNDA:0,(anonymous_772)
FNDA:0,(anonymous_773)
FNDA:0,(anonymous_774)
FNDA:0,(anonymous_775)
FNDA:0,(anonymous_776)
FNDA:0,(anonymous_777)
FNDA:0,(anonymous_778)
FNDA:0,(anonymous_779)
FNDA:0,(anonymous_780)
FNDA:0,(anonymous_781)
FNDA:0,(anonymous_782)
FNDA:0,(anonymous_783)
FNDA:0,(anonymous_784)
FNDA:0,(anonymous_785)
FNDA:0,(anonymous_786)
FNDA:0,(anonymous_787)
FNDA:0,(anonymous_788)
FNDA:0,(anonymous_789)
FNDA:0,(anonymous_790)
FNDA:0,(anonymous_791)
FNDA:0,(anonymous_792)
FNDA:0,(anonymous_793)
FNDA:0,(anonymous_794)
FNDA:0,(anonymous_795)
FNDA:0,(anonymous_796)
FNDA:0,(anonymous_797)
FNDA:0,(anonymous_798)
FNDA:0,(anonymous_799)
FNDA:0,(anonymous_800)
FNDA:0,(anonymous_801)
FNDA:0,(anonymous_802)
FNDA:0,(anonymous_803)
FNDA:0,(anonymous_804)
FNDA:0,(anonymous_805)
FNDA:0,(anonymous_806)
FNDA:0,(anonymous_807)
FNDA:0,(anonymous_808)
FNDA:0,(anonymous_809)
FNDA:0,(anonymous_810)
FNDA:0,(anonymous_811)
FNDA:0,(anonymous_812)
FNDA:0,(anonymous_813)
FNDA:0,(anonymous_814)
FNDA:0,(anonymous_815)
FNDA:0,(anonymous_816)
FNDA:0,(anonymous_817)
FNDA:0,(anonymous_818)
FNDA:0,(anonymous_819)
FNDA:0,(anonymous_820)
FNDA:0,(anonymous_821)
FNDA:0,(anonymous_822)
FNDA:0,(anonymous_823)
FNDA:0,(anonymous_824)
FNDA:0,(anonymous_825)
DA:2,0
DA:3,0
DA:4,0
DA:5,0
DA:6,0
DA:7,0
DA:8,0
DA:9,0
DA:10,0
DA:11,0
DA:12,0
DA:13,0
DA:14,0
DA:15,0
DA:17,0
DA:18,0
DA:19,0
DA:20,0
DA:22,0
DA:23,0
DA:24,0
DA:25,0
DA:26,0
DA:27,0
DA:29,0
DA:32,0
DA:33,0
DA:34,0
DA:42,0
DA:43,0
DA:44,0
DA:45,0
DA:46,0
DA:48,0
DA:49,0
DA:50,0
DA:51,0
DA:52,0
DA:57,0
DA:62,0
DA:63,0
DA:65,0
DA:66,0
DA:69,0
DA:70,0
DA:73,0
DA:74,0
DA:77,0
DA:78,0
DA:81,0
DA:82,0
DA:85,0
DA:86,0
DA:89,0
DA:90,0
DA:94,0
DA:115,0
DA:119,0
DA:131,0
DA:132,0
DA:135,0
DA:137,0
DA:139,0
DA:141,0
DA:143,0
DA:156,0
DA:157,0
DA:160,0
DA:161,0
DA:162,0
DA:165,0
DA:166,0
DA:168,0
DA:169,0
DA:172,0
DA:174,0
DA:185,0
DA:190,0
DA:192,0
DA:214,0
DA:215,0
DA:216,0
DA:219,0
DA:220,0
DA:221,0
DA:222,0
DA:225,0
DA:226,0
DA:237,0
DA:244,0
DA:260,0
DA:261,0
DA:267,0
DA:274,0
DA:277,0
DA:292,0
DA:293,0
DA:295,0
DA:296,0
DA:297,0
DA:298,0
DA:375,0
DA:385,0
DA:392,0
DA:393,0
DA:395,0
DA:396,0
DA:397,0
DA:399,0
DA:400,0
DA:401,0
DA:402,0
DA:403,0
DA:404,0
DA:405,0
DA:406,0
DA:407,0
DA:408,0
DA:409,0
DA:411,0
DA:417,0
DA:418,0
DA:419,0
DA:420,0
DA:426,0
DA:430,0
DA:431,0
DA:432,0
DA:434,0
DA:435,0
DA:436,0
DA:437,0
DA:438,0
DA:439,0
DA:440,0
DA:443,0
DA:444,0
DA:445,0
DA:446,0
DA:451,0
DA:452,0
DA:453,0
DA:454,0
DA:455,0
DA:460,0
DA:461,0
DA:462,0
DA:464,0
DA:465,0
DA:466,0
DA:468,0
DA:469,0
DA:470,0
DA:471,0
DA:472,0
DA:473,0
DA:474,0
DA:475,0
DA:476,0
DA:477,0
DA:478,0
DA:485,0
DA:486,0
DA:489,0
DA:490,0
DA:491,0
DA:493,0
DA:495,0
DA:497,0
DA:498,0
DA:499,0
DA:500,0
DA:505,0
DA:506,0
DA:507,0
DA:509,0
DA:510,0
DA:511,0
DA:514,0
DA:515,0
DA:517,0
DA:519,0
DA:520,0
DA:521,0
DA:522,0
DA:523,0
DA:526,0
DA:528,0
DA:529,0
DA:531,0
DA:533,0
DA:534,0
DA:536,0
DA:537,0
DA:539,0
DA:540,0
DA:542,0
DA:543,0
DA:544,0
DA:546,0
DA:548,0
DA:549,0
DA:550,0
DA:552,0
DA:553,0
DA:554,0
DA:556,0
DA:558,0
DA:562,0
DA:563,0
DA:583,0
DA:586,0
DA:587,0
DA:589,0
DA:590,0
DA:597,0
DA:599,0
DA:600,0
DA:606,0
DA:607,0
DA:608,0
DA:624,0
DA:634,0
DA:635,0
DA:641,0
DA:643,0
DA:644,0
DA:645,0
DA:646,0
DA:647,0
DA:648,0
DA:649,0
DA:652,0
DA:653,0
DA:657,0
DA:658,0
DA:662,0
DA:663,0
DA:664,0
DA:665,0
DA:667,0
DA:670,0
DA:671,0
DA:672,0
DA:673,0
DA:676,0
DA:677,0
DA:678,0
DA:679,0
DA:680,0
DA:683,0
DA:697,0
DA:698,0
DA:703,0
DA:704,0
DA:705,0
DA:721,0
DA:731,0
DA:732,0
DA:738,0
DA:740,0
DA:741,0
DA:742,0
DA:749,0
DA:753,0
DA:754,0
DA:755,0
DA:756,0
DA:764,0
DA:765,0
DA:769,0
DA:777,0
DA:779,0
DA:781,0
DA:782,0
DA:783,0
DA:786,0
DA:788,0
DA:791,0
DA:794,0
DA:797,0
DA:800,0
DA:801,0
DA:802,0
DA:803,0
DA:804,0
DA:805,0
DA:807,0
DA:815,0
DA:816,0
DA:819,0
DA:820,0
DA:823,0
DA:826,0
DA:829,0
DA:836,0
DA:837,0
DA:838,0
DA:839,0
DA:840,0
DA:844,0
DA:848,0
DA:849,0
DA:852,0
DA:855,0
DA:856,0
DA:859,0
DA:860,0
DA:861,0
DA:865,0
DA:866,0
DA:867,0
DA:871,0
DA:876,0
DA:881,0
DA:882,0
DA:887,0
DA:888,0
DA:889,0
DA:890,0
DA:891,0
DA:895,0
DA:901,0
DA:904,0
DA:905,0
DA:906,0
DA:908,0
DA:914,0
DA:927,0
DA:928,0
DA:933,0
DA:934,0
DA:935,0
DA:936,0
DA:937,0
DA:941,0
DA:958,0
DA:959,0
DA:960,0
DA:962,0
DA:968,0
DA:980,0
DA:981,0
DA:986,0
DA:987,0
DA:988,0
DA:990,0
DA:991,0
DA:998,0
DA:1002,0
DA:1003,0
DA:1007,0
DA:1008,0
DA:1012,0
DA:1019,0
DA:1020,0
DA:1024,0
DA:1035,0
DA:1045,0
DA:1047,0
DA:1057,0
DA:1058,0
DA:1063,0
DA:1066,0
DA:1069,0
DA:1070,0
DA:1073,0
DA:1079,0
DA:1080,0
DA:1083,0
DA:1092,0
DA:1094,0
DA:1095,0
DA:1097,0
DA:1103,0
DA:1104,0
DA:1105,0
DA:1107,0
DA:1108,0
DA:1115,0
DA:1118,0
DA:1120,0
DA:1127,0
DA:1134,0
DA:1137,0
DA:1138,0
DA:1139,0
DA:1142,0
DA:1148,0
DA:1163,0
DA:1166,0
DA:1167,0
DA:1168,0
DA:1169,0
DA:1173,0
DA:1181,0
DA:1182,0
DA:1183,0
DA:1185,0
DA:1187,0
DA:1188,0
DA:1195,0
DA:1215,0
DA:1217,0
DA:1219,0
DA:1226,0
DA:1227,0
DA:1235,0
DA:1236,0
DA:1239,0
DA:1240,0
DA:1241,0
DA:1243,0
DA:1248,0
DA:1255,0
DA:1257,0
DA:1258,0
DA:1263,0
DA:1264,0
DA:1265,0
DA:1267,0
DA:1276,0
DA:1278,0
DA:1279,0
DA:1284,0
DA:1285,0
DA:1286,0
DA:1289,0
DA:1290,0
DA:1297,0
DA:1298,0
DA:1299,0
DA:1306,0
DA:1307,0
DA:1308,0
DA:1315,0
DA:1326,0
DA:1328,0
DA:1330,0
DA:1338,0
DA:1350,0
DA:1351,0
DA:1359,0
DA:1360,0
DA:1361,0
DA:1362,0
DA:1365,0
DA:1366,0
DA:1367,0
DA:1374,0
DA:1375,0
DA:1376,0
DA:1383,0
DA:1384,0
DA:1385,0
DA:1386,0
DA:1394,0
DA:1401,0
DA:1402,0
DA:1408,0
DA:1410,0
DA:1411,0
DA:1423,0
DA:1435,0
DA:1436,0
DA:1444,0
DA:1445,0
DA:1446,0
DA:1449,0
DA:1450,0
DA:1451,0
DA:1458,0
DA:1459,0
DA:1466,0
DA:1468,0
DA:1469,0
DA:1470,0
DA:1477,0
DA:1482,0
DA:1488,0
DA:1489,0
DA:1497,0
DA:1498,0
DA:1499,0
DA:1509,0
DA:1510,0
DA:1511,0
DA:1517,0
DA:1520,0
DA:1527,0
DA:1531,0
DA:1532,0
DA:1533,0
DA:1534,0
DA:1536,0
DA:1537,0
DA:1538,0
DA:1539,0
DA:1541,0
DA:1542,0
DA:1543,0
DA:1544,0
DA:1545,0
DA:1547,0
DA:1548,0
DA:1549,0
DA:1550,0
DA:1553,0
DA:1554,0
DA:1557,0
DA:1559,0
DA:1563,0
DA:1564,0
DA:1565,0
DA:1567,0
DA:1568,0
DA:1569,0
DA:1577,0
DA:1579,0
DA:1580,0
DA:1581,0
DA:1582,0
DA:1586,0
DA:1595,0
DA:1596,0
DA:1601,0
DA:1602,0
DA:1603,0
DA:1604,0
DA:1605,0
DA:1606,0
DA:1608,0
DA:1619,0
DA:1620,0
DA:1625,0
DA:1626,0
DA:1627,0
DA:1628,0
DA:1630,0
DA:1631,0
DA:1632,0
DA:1635,0
DA:1636,0
DA:1639,0
DA:1645,0
DA:1646,0
DA:1653,0
DA:1655,0
DA:1656,0
DA:1661,0
DA:1662,0
DA:1663,0
DA:1664,0
DA:1665,0
DA:1667,0
DA:1668,0
DA:1669,0
DA:1672,0
DA:1673,0
DA:1676,0
DA:1683,0
DA:1684,0
DA:1691,0
DA:1693,0
DA:1694,0
DA:1701,0
DA:1702,0
DA:1703,0
DA:1704,0
DA:1706,0
DA:1707,0
DA:1711,0
DA:1718,0
DA:1719,0
DA:1722,0
DA:1729,0
DA:1730,0
DA:1732,0
DA:1733,0
DA:1738,0
DA:1739,0
DA:1740,0
DA:1741,0
DA:1743,0
DA:1744,0
DA:1747,0
DA:1762,0
DA:1763,0
DA:1765,0
DA:1766,0
DA:1771,0
DA:1772,0
DA:1773,0
DA:1774,0
DA:1775,0
DA:1777,0
DA:1780,0
DA:1781,0
DA:1784,0
DA:1785,0
DA:1789,0
DA:1796,0
DA:1804,0
DA:1808,0
DA:1809,0
DA:1815,0
DA:1817,0
DA:1818,0
DA:1823,0
DA:1824,0
DA:1825,0
DA:1826,0
DA:1827,0
DA:1828,0
DA:1830,0
DA:1833,0
DA:1834,0
DA:1837,0
DA:1838,0
DA:1841,0
DA:1848,0
DA:1849,0
DA:1855,0
DA:1857,0
DA:1858,0
DA:1865,0
DA:1866,0
DA:1867,0
DA:1868,0
DA:1871,0
DA:1873,0
DA:1874,0
DA:1877,0
DA:1888,0
DA:1889,0
DA:1891,0
DA:1892,0
DA:1897,0
DA:1898,0
DA:1899,0
DA:1900,0
DA:1902,0
DA:1920,0
DA:1921,0
DA:1922,0
DA:1923,0
DA:1926,0
DA:1928,0
DA:1929,0
DA:1931,0
DA:1932,0
DA:1937,0
DA:1938,0
DA:1939,0
DA:1940,0
DA:1941,0
DA:1943,0
DA:1946,0
DA:1947,0
DA:1951,0
DA:1952,0
DA:1955,0
DA:1956,0
DA:1957,0
DA:1958,0
DA:1959,0
DA:1961,0
DA:1964,0
DA:1965,0
DA:1967,0
DA:1968,0
DA:1973,0
DA:1974,0
DA:1976,0
DA:1990,0
DA:2003,0
DA:2004,0
DA:2005,0
DA:2010,0
DA:2011,0
DA:2020,0
DA:2021,0
DA:2026,0
DA:2027,0
DA:2028,0
DA:2030,0
DA:2047,0
DA:2048,0
DA:2050,0
DA:2051,0
DA:2058,0
DA:2059,0
DA:2073,0
DA:2076,0
DA:2077,0
DA:2083,0
DA:2084,0
DA:2085,0
DA:2091,0
DA:2115,0
DA:2118,0
DA:2120,0
DA:2121,0
DA:2122,0
DA:2123,0
DA:2126,0
DA:2135,0
DA:2136,0
DA:2143,0
DA:2144,0
DA:2145,0
DA:2146,0
DA:2147,0
DA:2149,0
DA:2150,0
DA:2151,0
DA:2154,0
DA:2156,0
DA:2157,0
DA:2158,0
DA:2159,0
DA:2160,0
DA:2161,0
DA:2162,0
DA:2166,0
DA:2167,0
DA:2169,0
DA:2172,0
DA:2222,0
DA:2228,0
DA:2231,0
DA:2241,0
DA:2251,0
DA:2261,0
DA:2264,0
DA:2265,0
DA:2274,0
DA:2275,0
DA:2276,0
DA:2277,0
DA:2279,0
DA:2280,0
DA:2281,0
DA:2286,0
DA:2295,0
DA:2297,0
DA:2298,0
DA:2303,0
DA:2311,0
DA:2312,0
DA:2319,0
DA:2320,0
DA:2321,0
DA:2322,0
DA:2324,0
DA:2327,0
DA:2329,0
DA:2330,0
DA:2335,0
DA:2337,0
DA:2344,0
DA:2345,0
DA:2352,0
DA:2353,0
DA:2354,0
DA:2355,0
DA:2357,0
DA:2358,0
DA:2359,0
DA:2365,0
DA:2376,0
DA:2383,0
DA:2385,0
DA:2392,0
DA:2393,0
DA:2400,0
DA:2401,0
DA:2402,0
DA:2404,0
DA:2405,0
DA:2406,0
DA:2411,0
DA:2416,0
DA:2417,0
DA:2424,0
DA:2425,0
DA:2426,0
DA:2427,0
DA:2430,0
DA:2431,0
DA:2432,0
DA:2438,0
DA:2450,0
DA:2464,0
DA:2466,0
DA:2467,0
DA:2472,0
DA:2481,0
DA:2482,0
DA:2489,0
DA:2490,0
DA:2491,0
DA:2492,0
DA:2495,0
DA:2496,0
DA:2497,0
DA:2503,0
DA:2504,0
DA:2505,0
DA:2511,0
DA:2526,0
DA:2529,0
DA:2531,0
DA:2539,0
DA:2540,0
DA:2547,0
DA:2548,0
DA:2549,0
DA:2552,0
DA:2553,0
DA:2555,0
DA:2556,0
DA:2560,0
DA:2561,0
DA:2562,0
DA:2563,0
DA:2567,0
DA:2569,0
DA:2570,0
DA:2575,0
DA:2580,0
DA:2581,0
DA:2582,0
DA:2583,0
DA:2586,0
DA:2587,0
DA:2588,0
DA:2591,0
DA:2593,0
DA:2594,0
DA:2599,0
DA:2604,0
DA:2605,0
DA:2606,0
DA:2608,0
DA:2610,0
DA:2611,0
DA:2616,0
DA:2621,0
DA:2622,0
DA:2623,0
DA:2624,0
DA:2626,0
DA:2627,0
DA:2629,0
DA:2635,0
DA:2636,0
DA:2643,0
DA:2644,0
DA:2645,0
DA:2648,0
DA:2650,0
DA:2652,0
DA:2659,0
DA:2660,0
DA:2667,0
DA:2668,0
DA:2669,0
DA:2670,0
DA:2672,0
DA:2673,0
DA:2680,0
DA:2681,0
DA:2682,0
DA:2683,0
DA:2685,0
DA:2686,0
DA:2688,0
DA:2690,0
DA:2691,0
DA:2692,0
DA:2695,0
DA:2697,0
DA:2699,0
DA:2700,0
DA:2708,0
DA:2709,0
DA:2710,0
DA:2712,0
DA:2714,0
DA:2716,0
DA:2717,0
DA:2720,0
DA:2725,0
DA:2726,0
DA:2733,0
DA:2734,0
DA:2735,0
DA:2736,0
DA:2738,0
DA:2740,0
DA:2741,0
DA:2744,0
DA:2749,0
DA:2750,0
DA:2753,0
DA:2759,0
DA:2760,0
DA:2767,0
DA:2768,0
DA:2769,0
DA:2771,0
DA:2773,0
DA:2778,0
DA:2779,0
DA:2782,0
DA:2788,0
DA:2789,0
DA:2799,0
DA:2800,0
DA:2802,0
DA:2803,0
DA:2804,0
DA:2806,0
DA:2814,0
DA:2815,0
DA:2817,0
DA:2825,0
DA:2826,0
DA:2828,0
DA:2836,0
DA:2837,0
DA:2838,0
DA:2839,0
DA:2847,0
DA:2854,0
DA:2856,0
DA:2857,0
DA:2862,0
DA:2863,0
DA:2865,0
DA:2866,0
DA:2867,0
DA:2868,0
DA:2869,0
DA:2870,0
DA:2874,0
DA:2875,0
DA:2876,0
DA:2877,0
DA:2880,0
DA:2881,0
DA:2882,0
DA:2884,0
DA:2885,0
DA:2886,0
DA:2887,0
DA:2890,0
DA:2891,0
DA:2892,0
DA:2893,0
DA:2897,0
DA:2898,0
DA:2899,0
DA:2900,0
DA:2904,0
DA:2905,0
DA:2906,0
DA:2907,0
DA:2910,0
DA:2911,0
DA:2912,0
DA:2915,0
DA:2924,0
DA:2931,0
DA:2932,0
DA:2937,0
DA:2938,0
DA:2939,0
DA:2940,0
DA:2942,0
DA:2963,0
DA:2965,0
DA:2966,0
DA:2971,0
DA:2972,0
DA:2973,0
DA:2974,0
DA:2975,0
DA:2978,0
DA:2979,0
DA:2980,0
DA:2981,0
DA:2982,0
DA:2985,0
DA:3018,0
DA:3025,0
DA:3027,0
DA:3028,0
DA:3035,0
DA:3036,0
DA:3037,0
DA:3039,0
DA:3041,0
DA:3042,0
DA:3043,0
DA:3045,0
DA:3048,0
DA:3049,0
DA:3052,0
DA:3053,0
DA:3058,0
DA:3059,0
DA:3060,0
DA:3061,0
DA:3064,0
DA:3066,0
DA:3068,0
DA:3076,0
DA:3077,0
DA:3080,0
DA:3090,0
DA:3091,0
DA:3094,0
DA:3095,0
DA:3102,0
DA:3103,0
DA:3105,0
DA:3117,0
DA:3124,0
DA:3126,0
DA:3127,0
DA:3132,0
DA:3133,0
DA:3134,0
DA:3135,0
DA:3138,0
DA:3139,0
DA:3140,0
DA:3141,0
DA:3142,0
DA:3143,0
DA:3144,0
DA:3145,0
DA:3146,0
DA:3148,0
DA:3157,0
DA:3159,0
DA:3160,0
DA:3165,0
DA:3166,0
DA:3167,0
DA:3169,0
DA:3170,0
DA:3174,0
DA:3175,0
DA:3176,0
DA:3177,0
DA:3179,0
DA:3180,0
DA:3186,0
DA:3198,0
DA:3203,0
DA:3204,0
DA:3209,0
DA:3210,0
DA:3211,0
DA:3213,0
DA:3214,0
DA:3218,0
DA:3219,0
DA:3220,0
DA:3221,0
DA:3222,0
DA:3224,0
DA:3225,0
DA:3231,0
DA:3243,0
DA:3248,0
DA:3249,0
DA:3255,0
DA:3256,0
DA:3260,0
DA:3268,0
DA:3269,0
DA:3270,0
DA:3273,0
DA:3278,0
DA:3284,0
DA:3286,0
DA:3287,0
DA:3288,0
DA:3290,0
DA:3296,0
DA:3297,0
DA:3298,0
DA:3300,0
DA:3302,0
DA:3303,0
DA:3308,0
DA:3309,0
DA:3310,0
DA:3311,0
DA:3312,0
DA:3315,0
DA:3316,0
DA:3317,0
DA:3321,0
DA:3322,0
DA:3326,0
DA:3328,0
DA:3330,0
DA:3331,0
DA:3336,0
DA:3337,0
DA:3338,0
DA:3339,0
DA:3340,0
DA:3343,0
DA:3344,0
DA:3345,0
DA:3349,0
DA:3351,0
DA:3353,0
DA:3354,0
DA:3359,0
DA:3360,0
DA:3361,0
DA:3363,0
DA:3365,0
DA:3370,0
DA:3371,0
DA:3376,0
DA:3377,0
DA:3378,0
DA:3380,0
DA:3382,0
DA:3387,0
DA:3388,0
DA:3393,0
DA:3394,0
DA:3395,0
DA:3397,0
DA:3399,0
DA:3411,0
DA:3412,0
DA:3421,0
DA:3422,0
DA:3423,0
DA:3424,0
DA:3425,0
DA:3428,0
DA:3429,0
DA:3431,0
DA:3433,0
DA:3451,0
DA:3455,0
DA:3458,0
DA:3459,0
DA:3460,0
DA:3462,0
DA:3463,0
DA:3464,0
DA:3473,0
DA:3474,0
DA:3475,0
DA:3483,0
DA:3492,0
DA:3493,0
DA:3494,0
DA:3495,0
DA:3496,0
DA:3498,0
DA:3501,0
DA:3502,0
DA:3506,0
DA:3533,0
DA:3534,0
DA:3535,0
DA:3538,0
DA:3540,0
DA:3550,0
DA:3552,0
DA:3565,0
DA:3566,0
DA:3567,0
DA:3569,0
DA:3570,0
DA:3573,0
DA:3575,0
DA:3576,0
DA:3592,0
DA:3593,0
DA:3596,0
DA:3599,0
DA:3600,0
DA:3601,0
DA:3603,0
DA:3604,0
DA:3605,0
DA:3615,0
DA:3616,0
DA:3617,0
DA:3618,0
DA:3626,0
DA:3635,0
DA:3636,0
DA:3637,0
DA:3638,0
DA:3639,0
DA:3641,0
DA:3644,0
DA:3645,0
DA:3649,0
DA:3674,0
DA:3675,0
DA:3678,0
DA:3680,0
DA:3681,0
DA:3686,0
DA:3687,0
DA:3688,0
DA:3690,0
DA:3692,0
DA:3697,0
DA:3698,0
DA:3703,0
DA:3704,0
DA:3705,0
DA:3706,0
DA:3708,0
DA:3710,0
DA:3711,0
DA:3712,0
DA:3715,0
DA:3716,0
DA:3717,0
DA:3720,0
DA:3721,0
DA:3724,0
DA:3731,0
DA:3733,0
DA:3735,0
DA:3736,0
DA:3737,0
DA:3738,0
DA:3741,0
DA:3742,0
DA:3744,0
DA:3745,0
DA:3746,0
DA:3750,0
DA:3765,0
DA:3766,0
DA:3769,0
DA:3770,0
DA:3779,0
DA:3781,0
DA:3783,0
DA:3784,0
DA:3785,0
DA:3786,0
DA:3787,0
DA:3788,0
DA:3790,0
DA:3795,0
DA:3796,0
DA:3798,0
DA:3819,0
DA:3821,0
DA:3835,0
DA:3837,0
DA:3861,0
DA:3863,0
DA:3882,0
DA:3884,0
DA:3885,0
DA:3890,0
DA:3891,0
DA:3892,0
DA:3894,0
DA:3896,0
DA:3897,0
DA:3900,0
DA:3901,0
DA:3902,0
DA:3903,0
DA:3906,0
DA:3907,0
DA:3908,0
DA:3909,0
DA:3913,0
DA:3915,0
DA:3916,0
DA:3917,0
DA:3920,0
DA:3924,0
DA:3933,0
DA:3935,0
DA:3938,0
DA:3946,0
DA:3948,0
DA:3950,0
DA:3951,0
DA:3952,0
DA:3953,0
DA:3956,0
DA:3957,0
DA:3959,0
DA:3960,0
DA:3961,0
DA:3965,0
DA:3986,0
DA:3987,0
DA:3990,0
DA:3991,0
DA:3999,0
DA:4000,0
DA:4001,0
DA:4004,0
DA:4006,0
DA:4008,0
DA:4009,0
DA:4012,0
DA:4014,0
DA:4015,0
DA:4016,0
DA:4019,0
DA:4021,0
DA:4022,0
DA:4023,0
DA:4036,0
DA:4040,0
DA:4060,0
DA:4065,0
DA:4066,0
DA:4068,0
DA:4076,0
DA:4077,0
DA:4078,0
DA:4082,0
DA:4083,0
DA:4085,0
DA:4087,0
DA:4088,0
DA:4092,0
DA:4094,0
DA:4095,0
DA:4098,0
DA:4100,0
DA:4103,0
DA:4104,0
DA:4105,0
DA:4106,0
DA:4107,0
DA:4108,0
DA:4109,0
DA:4110,0
DA:4111,0
DA:4112,0
DA:4113,0
DA:4114,0
DA:4117,0
DA:4119,0
DA:4122,0
DA:4123,0
DA:4124,0
DA:4125,0
DA:4128,0
DA:4131,0
DA:4134,0
DA:4135,0
DA:4140,0
DA:4142,0
DA:4144,0
DA:4149,0
DA:4150,0
DA:4153,0
DA:4179,0
DA:4180,0
DA:4183,0
DA:4184,0
DA:4189,0
DA:4191,0
DA:4192,0
DA:4195,0
DA:4197,0
DA:4198,0
DA:4204,0
DA:4205,0
DA:4206,0
DA:4208,0
DA:4210,0
DA:4211,0
DA:4214,0
DA:4215,0
DA:4216,0
DA:4219,0
DA:4220,0
DA:4223,0
DA:4230,0
DA:4232,0
DA:4234,0
DA:4235,0
DA:4236,0
DA:4237,0
DA:4240,0
DA:4241,0
DA:4243,0
DA:4244,0
DA:4245,0
DA:4248,0
DA:4251,0
DA:4264,0
DA:4272,0
DA:4273,0
DA:4282,0
DA:4283,0
DA:4286,0
DA:4287,0
DA:4295,0
DA:4296,0
DA:4297,0
DA:4298,0
DA:4300,0
DA:4302,0
DA:4307,0
DA:4308,0
DA:4313,0
DA:4314,0
DA:4315,0
DA:4317,0
DA:4319,0
DA:4325,0
DA:4326,0
DA:4331,0
DA:4332,0
DA:4333,0
DA:4335,0
DA:4337,0
DA:4339,0
DA:4345,0
DA:4346,0
DA:4354,0
DA:4355,0
DA:4356,0
DA:4357,0
DA:4359,0
DA:4360,0
DA:4363,0
DA:4365,0
DA:4366,0
DA:4370,0
DA:4371,0
DA:4375,0
DA:4386,0
DA:4391,0
DA:4392,0
DA:4397,0
DA:4398,0
DA:4399,0
DA:4400,0
DA:4402,0
DA:4404,0
DA:4405,0
DA:4412,0
DA:4413,0
DA:4421,0
DA:4422,0
DA:4423,0
DA:4431,0
DA:4432,0
DA:4440,0
DA:4442,0
DA:4443,0
DA:4448,0
DA:4457,0
DA:4462,0
DA:4464,0
DA:4466,0
DA:4472,0
DA:4473,0
DA:4482,0
DA:4483,0
DA:4484,0
DA:4485,0
DA:4487,0
DA:4489,0
DA:4490,0
DA:4497,0
DA:4498,0
DA:4506,0
DA:4507,0
DA:4508,0
DA:4516,0
DA:4517,0
DA:4525,0
DA:4526,0
DA:4530,0
DA:4540,0
DA:4542,0
DA:4543,0
DA:4550,0
DA:4552,0
DA:4558,0
DA:4559,0
DA:4568,0
DA:4569,0
DA:4570,0
DA:4571,0
DA:4572,0
DA:4574,0
DA:4575,0
DA:4579,0
DA:4580,0
DA:4581,0
DA:4582,0
DA:4583,0
DA:4585,0
DA:4586,0
DA:4590,0
DA:4591,0
DA:4592,0
DA:4593,0
DA:4594,0
DA:4596,0
DA:4597,0
DA:4601,0
DA:4602,0
DA:4603,0
DA:4604,0
DA:4605,0
DA:4607,0
DA:4608,0
DA:4613,0
DA:4614,0
DA:4615,0
DA:4616,0
DA:4617,0
DA:4619,0
DA:4620,0
DA:4624,0
DA:4625,0
DA:4626,0
DA:4627,0
DA:4628,0
DA:4630,0
DA:4631,0
DA:4635,0
DA:4636,0
DA:4637,0
DA:4638,0
DA:4639,0
DA:4641,0
DA:4642,0
DA:4649,0
DA:4650,0
DA:4651,0
DA:4654,0
DA:4655,0
DA:4657,0
DA:4673,0
DA:4680,0
DA:4682,0
DA:4687,0
DA:4688,0
DA:4696,0
DA:4697,0
DA:4698,0
DA:4700,0
DA:4702,0
DA:4703,0
DA:4704,0
DA:4707,0
DA:4708,0
DA:4715,0
DA:4716,0
DA:4717,0
DA:4724,0
DA:4733,0
DA:4734,0
DA:4735,0
DA:4736,0
DA:4745,0
DA:4747,0
DA:4748,0
DA:4749,0
DA:4760,0
DA:4762,0
DA:4763,0
DA:4768,0
DA:4775,0
DA:4776,0
DA:4777,0
DA:4783,0
DA:4791,0
DA:4792,0
DA:4794,0
DA:4795,0
DA:4798,0
DA:4799,0
DA:4800,0
DA:4801,0
DA:4802,0
DA:4803,0
DA:4807,0
DA:4809,0
DA:4821,0
DA:4822,0
DA:4823,0
DA:4829,0
DA:4837,0
DA:4838,0
DA:4839,0
DA:4840,0
DA:4842,0
DA:4843,0
DA:4849,0
DA:4850,0
DA:4851,0
DA:4858,0
DA:4859,0
DA:4866,0
DA:4867,0
DA:4872,0
DA:4873,0
DA:4874,0
DA:4877,0
DA:4883,0
DA:4884,0
DA:4892,0
DA:4893,0
DA:4894,0
DA:4895,0
DA:4897,0
DA:4898,0
DA:4905,0
DA:4906,0
DA:4907,0
DA:4914,0
DA:4915,0
DA:4922,0
DA:4925,0
DA:4927,0
DA:4934,0
DA:4935,0
DA:4936,0
DA:4942,0
DA:4950,0
DA:4951,0
DA:4952,0
DA:4953,0
DA:4955,0
DA:4956,0
DA:4963,0
DA:4964,0
DA:4965,0
DA:4972,0
DA:4973,0
DA:4980,0
DA:4982,0
DA:4983,0
DA:4988,0
DA:4995,0
DA:4996,0
DA:5004,0
DA:5005,0
DA:5006,0
DA:5007,0
DA:5008,0
DA:5010,0
DA:5011,0
DA:5012,0
DA:5013,0
DA:5015,0
DA:5016,0
DA:5019,0
DA:5020,0
DA:5021,0
DA:5022,0
DA:5023,0
DA:5025,0
DA:5026,0
DA:5027,0
DA:5028,0
DA:5029,0
DA:5030,0
DA:5031,0
DA:5033,0
DA:5034,0
DA:5039,0
DA:5040,0
DA:5041,0
DA:5042,0
DA:5043,0
DA:5045,0
DA:5046,0
DA:5047,0
DA:5048,0
DA:5050,0
DA:5051,0
DA:5055,0
DA:5056,0
DA:5057,0
DA:5058,0
DA:5060,0
DA:5067,0
DA:5068,0
DA:5069,0
DA:5070,0
DA:5072,0
DA:5080,0
DA:5081,0
DA:5086,0
DA:5087,0
DA:5088,0
DA:5089,0
DA:5090,0
DA:5092,0
DA:5093,0
DA:5094,0
DA:5096,0
DA:5097,0
DA:5098,0
DA:5099,0
DA:5100,0
DA:5102,0
DA:5103,0
DA:5104,0
DA:5105,0
DA:5106,0
DA:5107,0
DA:5108,0
DA:5110,0
DA:5111,0
DA:5116,0
DA:5117,0
DA:5118,0
DA:5119,0
DA:5121,0
DA:5122,0
DA:5129,0
DA:5130,0
DA:5131,0
DA:5138,0
DA:5139,0
DA:5145,0
DA:5146,0
DA:5153,0
DA:5155,0
DA:5166,0
DA:5167,0
DA:5175,0
DA:5176,0
DA:5177,0
DA:5178,0
DA:5180,0
DA:5190,0
DA:5191,0
DA:5199,0
DA:5201,0
DA:5202,0
DA:5203,0
DA:5204,0
DA:5210,0
DA:5211,0
DA:5212,0
DA:5214,0
DA:5215,0
DA:5222,0
DA:5225,0
DA:5234,0
DA:5241,0
DA:5242,0
DA:5251,0
DA:5252,0
DA:5253,0
DA:5254,0
DA:5256,0
DA:5257,0
DA:5264,0
DA:5265,0
DA:5266,0
DA:5273,0
DA:5274,0
DA:5281,0
DA:5283,0
DA:5284,0
DA:5291,0
DA:5292,0
DA:5293,0
DA:5294,0
DA:5298,0
DA:5299,0
DA:5306,0
DA:5313,0
DA:5314,0
DA:5322,0
DA:5323,0
DA:5324,0
DA:5325,0
DA:5326,0
DA:5328,0
DA:5329,0
DA:5335,0
DA:5336,0
DA:5343,0
DA:5344,0
DA:5345,0
DA:5352,0
DA:5353,0
DA:5360,0
DA:5362,0
DA:5364,0
DA:5365,0
DA:5366,0
DA:5367,0
DA:5368,0
DA:5371,0
DA:5376,0
DA:5383,0
DA:5384,0
DA:5392,0
DA:5393,0
DA:5394,0
DA:5397,0
DA:5400,0
DA:5401,0
DA:5402,0
DA:5403,0
DA:5404,0
DA:5408,0
DA:5409,0
DA:5417,0
DA:5422,0
DA:5430,0
DA:5431,0
DA:5432,0
DA:5438,0
DA:5448,0
DA:5449,0
DA:5450,0
DA:5451,0
DA:5454,0
DA:5455,0
DA:5462,0
DA:5463,0
DA:5464,0
DA:5471,0
DA:5479,0
DA:5486,0
DA:5487,0
DA:5488,0
DA:5494,0
DA:5502,0
DA:5503,0
DA:5504,0
DA:5505,0
DA:5508,0
DA:5509,0
DA:5510,0
DA:5511,0
DA:5514,0
DA:5516,0
DA:5528,0
DA:5529,0
DA:5530,0
DA:5536,0
DA:5544,0
DA:5545,0
DA:5546,0
DA:5547,0
DA:5549,0
DA:5550,0
DA:5556,0
DA:5557,0
DA:5558,0
DA:5565,0
DA:5566,0
DA:5573,0
DA:5574,0
DA:5579,0
DA:5580,0
DA:5581,0
DA:5584,0
DA:5590,0
DA:5591,0
DA:5599,0
DA:5600,0
DA:5601,0
DA:5602,0
DA:5604,0
DA:5605,0
DA:5612,0
DA:5613,0
DA:5614,0
DA:5621,0
DA:5622,0
DA:5629,0
DA:5632,0
DA:5634,0
DA:5641,0
DA:5642,0
DA:5643,0
DA:5649,0
DA:5657,0
DA:5658,0
DA:5659,0
DA:5660,0
DA:5662,0
DA:5663,0
DA:5670,0
DA:5671,0
DA:5672,0
DA:5679,0
DA:5680,0
DA:5687,0
DA:5689,0
DA:5690,0
DA:5695,0
DA:5702,0
DA:5703,0
DA:5711,0
DA:5712,0
DA:5713,0
DA:5714,0
DA:5716,0
DA:5717,0
DA:5724,0
DA:5725,0
DA:5726,0
DA:5733,0
DA:5734,0
DA:5740,0
DA:5741,0
DA:5748,0
DA:5750,0
DA:5761,0
DA:5762,0
DA:5770,0
DA:5771,0
DA:5772,0
DA:5773,0
DA:5775,0
DA:5785,0
DA:5786,0
DA:5794,0
DA:5796,0
DA:5797,0
DA:5798,0
DA:5799,0
DA:5805,0
DA:5806,0
DA:5807,0
DA:5809,0
DA:5810,0
DA:5817,0
DA:5818,0
DA:5820,0
DA:5821,0
DA:5822,0
DA:5827,0
DA:5828,0
[...]
DA:144,0
DA:145,0
DA:157,0
DA:162,0
DA:173,0
DA:178,0
DA:182,0
DA:184,0
DA:185,0
DA:187,0
DA:188,0
DA:189,0
DA:192,0
DA:196,0
DA:204,0
DA:216,0
DA:217,0
DA:218,0
DA:224,0
DA:225,0
DA:231,0
DA:232,0
DA:255,0
DA:256,0
DA:269,0
DA:270,0
LF:63
LH:0
BRDA:23,0,0,0
BRDA:24,1,0,0
BRDA:33,2,0,0
BRDA:42,3,0,0
BRDA:42,4,0,0
BRDA:42,4,1,0
BRDA:69,5,0,0
BRDA:69,5,1,0
BRDA:91,6,0,0
BRDA:91,7,0,0
BRDA:91,7,1,0
BRDA:106,8,0,0
BRDA:138,9,0,0
BRDA:163,10,0,0
BRDA:163,10,1,0
BRDA:164,11,0,0
BRDA:164,11,1,0
BRDA:180,12,0,0
BRDA:185,13,0,0
BRDA:187,14,0,0
BRF:20
BRH:0
end_of_record
TN:
SF:server/utils/fileParser.ts
FN:26,extractTextAndTables
FN:63,parseExcelFile
FN:76,(anonymous_9)
FN:78,(anonymous_10)
FN:78,(anonymous_11)
FN:79,(anonymous_12)
FN:79,(anonymous_13)
FN:113,parseDocxFile
FN:142,parseHwpxFile
FN:192,parseTextFile
FN:218,extractTablesFromText
FN:222,(anonymous_18)
FN:222,(anonymous_19)
FN:228,(anonymous_20)
FN:256,validateUploadedFile
FNF:15
FNH:0
FNDA:0,extractTextAndTables
FNDA:0,parseExcelFile
FNDA:0,(anonymous_9)
FNDA:0,(anonymous_10)
FNDA:0,(anonymous_11)
FNDA:0,(anonymous_12)
FNDA:0,(anonymous_13)
FNDA:0,parseDocxFile
FNDA:0,parseHwpxFile
FNDA:0,parseTextFile
FNDA:0,extractTablesFromText
FNDA:0,(anonymous_18)
FNDA:0,(anonymous_19)
FNDA:0,(anonymous_20)
FNDA:0,validateUploadedFile
DA:1,0
DA:2,0
DA:3,0
DA:4,0
DA:5,0
DA:6,0
DA:26,0
DA:27,0
DA:28,0
DA:30,0
DA:32,0
DA:33,0
DA:36,0
DA:39,0
DA:42,0
DA:45,0
DA:49,0
DA:52,0
DA:55,0
DA:56,0
DA:64,0
DA:65,0
DA:66,0
DA:68,0
DA:69,0
DA:72,0
DA:74,0
DA:76,0
DA:77,0
DA:78,0
DA:79,0
DA:81,0
DA:82,0
DA:87,0
DA:88,0
DA:92,0
DA:93,0
DA:94,0
DA:97,0
DA:114,0
DA:115,0
DA:117,0
DA:118,0
DA:121,0
DA:122,0
DA:123,0
DA:126,0
DA:143,0
DA:144,0
DA:146,0
DA:149,0
DA:151,0
DA:152,0
DA:153,0
DA:154,0
DA:156,0
DA:160,0
DA:164,0
DA:165,0
DA:168,0
DA:171,0
DA:172,0
DA:173,0
DA:176,0
DA:193,0
DA:194,0
DA:197,0
DA:198,0
DA:199,0
DA:202,0
DA:219,0
DA:222,0
DA:224,0
DA:226,0
DA:228,0
DA:230,0
DA:231,0
DA:234,0
DA:235,0
DA:236,0
DA:237,0
DA:239,0
DA:244,0
DA:245,0
DA:246,0
DA:247,0
DA:250,0
DA:256,0
DA:257,0
DA:258,0
DA:260,0
DA:261,0
DA:263,0
DA:264,0
DA:267,0
DA:268,0
DA:272,0
LF:97
LH:0
BRDA:33,0,0,0
BRDA:33,0,1,0
BRDA:33,0,2,0
BRDA:33,0,3,0
BRDA:33,0,4,0
BRDA:33,0,5,0
BRDA:33,0,6,0
BRDA:74,1,0,0
BRDA:76,2,0,0
BRDA:76,2,1,0
BRDA:76,3,0,0
BRDA:76,3,1,0
BRDA:78,4,0,0
BRDA:78,4,1,0
BRDA:78,5,0,0
BRDA:78,5,1,0
BRDA:79,6,0,0
BRDA:79,6,1,0
BRDA:81,7,0,0
BRDA:81,8,0,0
BRDA:81,8,1,0
BRDA:93,9,0,0
BRDA:122,10,0,0
BRDA:153,11,0,0
BRDA:172,12,0,0
BRDA:198,13,0,0
BRDA:230,14,0,0
BRDA:230,14,1,0
BRDA:234,15,0,0
BRDA:244,16,0,0
BRDA:263,17,0,0
BRDA:267,18,0,0
BRF:32
BRH:0
end_of_record
TN:
SF:shared/schema.ts
FN:31,(anonymous_0)
FN:76,(anonymous_1)
FN:77,(anonymous_2)
FN:85,(anonymous_3)
FN:139,(anonymous_4)
FN:140,(anonymous_5)
FN:159,(anonymous_6)
FN:160,(anonymous_7)
FN:212,(anonymous_8)
FN:218,(anonymous_9)
FN:240,(anonymous_10)
FN:241,(anonymous_11)
FN:262,(anonymous_12)
FN:263,(anonymous_13)
FN:286,(anonymous_14)
FN:287,(anonymous_15)
FN:302,(anonymous_16)
FN:303,(anonymous_17)
FN:316,(anonymous_18)
FN:317,(anonymous_19)
FN:338,(anonymous_20)
FN:359,(anonymous_21)
FN:360,(anonymous_22)
FN:372,(anonymous_23)
FN:373,(anonymous_24)
FN:374,(anonymous_25)
FN:410,(anonymous_26)
FN:411,(anonymous_27)
FN:431,(anonymous_28)
FN:447,(anonymous_29)
FN:464,(anonymous_30)
FN:482,(anonymous_31)
FN:483,(anonymous_32)
FN:493,(anonymous_33)
FN:508,(anonymous_34)
FN:515,(anonymous_35)
FN:516,(anonymous_36)
FN:526,(anonymous_37)
FN:535,(anonymous_38)
FN:544,(anonymous_39)
FN:554,(anonymous_40)
FN:577,(anonymous_41)
FN:585,(anonymous_42)
FN:586,(anonymous_43)
FN:600,(anonymous_44)
FN:601,(anonymous_45)
FN:602,(anonymous_46)
FN:697,(anonymous_47)
FN:706,(anonymous_48)
FN:719,(anonymous_49)
FN:720,(anonymous_50)
FN:734,(anonymous_51)
FN:763,(anonymous_52)
FN:781,(anonymous_53)
FN:782,(anonymous_54)
FN:783,(anonymous_55)
FN:819,(anonymous_56)
FN:820,(anonymous_57)
FN:826,(anonymous_58)
FN:852,(anonymous_59)
FN:863,(anonymous_60)
FN:881,(anonymous_61)
FN:882,(anonymous_62)
FN:891,(anonymous_63)
FN:898,(anonymous_64)
FN:899,(anonymous_65)
FN:916,(anonymous_66)
FN:917,(anonymous_67)
FN:918,(anonymous_68)
FN:919,(anonymous_69)
FN:931,(anonymous_70)
FN:932,(anonymous_71)
FN:963,(anonymous_72)
FN:976,(anonymous_73)
FN:991,(anonymous_74)
FN:1000,(anonymous_75)
FN:1017,(anonymous_76)
FN:1018,(anonymous_77)
FN:1050,(anonymous_78)
FN:1051,(anonymous_79)
FN:1052,(anonymous_80)
FN:1074,(anonymous_81)
FN:1075,(anonymous_82)
FN:1085,(anonymous_83)
FN:1086,(anonymous_84)
FN:1096,(anonymous_85)
FN:1097,(anonymous_86)
FN:1105,(anonymous_87)
FN:1113,(anonymous_88)
FN:1114,(anonymous_89)
FN:1121,(anonymous_90)
FN:1125,(anonymous_91)
FN:1138,(anonymous_92)
FN:1139,(anonymous_93)
FN:1140,(anonymous_94)
FN:1148,(anonymous_95)
FN:1159,(anonymous_96)
FN:1160,(anonymous_97)
FN:1168,(anonymous_98)
FN:1176,(anonymous_99)
FN:1177,(anonymous_100)
FN:1193,(anonymous_101)
FN:1194,(anonymous_102)
FN:1199,(anonymous_103)
FN:1239,(anonymous_104)
FN:1240,(anonymous_105)
FN:1252,(anonymous_106)
FN:1253,(anonymous_107)
FN:1268,(anonymous_108)
FN:1269,(anonymous_109)
FN:1270,(anonymous_110)
FN:1271,(anonymous_111)
FN:1283,(anonymous_112)
FN:1284,(anonymous_113)
FN:1292,(anonymous_114)
FN:1293,(anonymous_115)
FN:1296,(anonymous_116)
FN:1297,(anonymous_117)
FN:1301,(anonymous_118)
FN:1312,(anonymous_119)
FN:1319,(anonymous_120)
FN:1388,(anonymous_121)
FN:1389,(anonymous_122)
FN:1401,(anonymous_123)
FN:1402,(anonymous_124)
FN:1419,(anonymous_125)
FN:1420,(anonymous_126)
FN:1431,(anonymous_127)
FN:1432,(anonymous_128)
FN:1439,(anonymous_129)
FN:1447,(anonymous_130)
FN:1448,(anonymous_131)
FN:1454,(anonymous_132)
FN:1474,(anonymous_133)
FN:1475,(anonymous_134)
FN:1517,(anonymous_135)
FN:1542,(anonymous_136)
FN:1551,(anonymous_137)
FN:1552,(anonymous_138)
FN:1557,(anonymous_139)
FN:1575,(anonymous_140)
FN:1586,(anonymous_141)
FN:1587,(anonymous_142)
FN:1689,(anonymous_143)
FN:1706,(anonymous_144)
FN:1725,(anonymous_145)
FN:1726,(anonymous_146)
FN:1749,(anonymous_147)
FN:1750,(anonymous_148)
FN:1766,(anonymous_149)
FN:1767,(anonymous_150)
FN:1768,(anonymous_151)
FN:1769,(anonymous_152)
FN:1789,(anonymous_153)
FN:1790,(anonymous_154)
FN:1801,(anonymous_155)
FN:1802,(anonymous_156)
FN:1885,(anonymous_157)
FN:1899,(anonymous_158)
FN:1919,(anonymous_159)
FN:1920,(anonymous_160)
FN:1951,(anonymous_161)
FN:1969,(anonymous_162)
FN:1983,(anonymous_163)
FN:2012,(anonymous_164)
FN:2024,(anonymous_165)
FN:2037,getNotificationCategory
FN:2195,(anonymous_167)
FN:2312,(anonymous_168)
FN:2314,(anonymous_169)
FN:2317,(anonymous_170)
FN:2320,(anonymous_171)
FN:2556,(anonymous_172)
FN:2557,(anonymous_173)
FN:2571,(anonymous_174)
FN:2572,(anonymous_175)
FN:2573,(anonymous_176)
FN:2660,(anonymous_177)
FN:2687,(anonymous_178)
FN:2688,(anonymous_179)
FN:2699,(anonymous_180)
FN:2700,(anonymous_181)
FN:2701,(anonymous_182)
FN:2721,(anonymous_183)
FN:2722,(anonymous_184)
FN:2787,(anonymous_185)
FN:2789,(anonymous_186)
FN:2800,(anonymous_187)
FN:2813,(anonymous_188)
FN:2815,(anonymous_189)
FN:2823,(anonymous_190)
FN:2829,(anonymous_191)
FN:2918,(anonymous_192)
FN:2929,(anonymous_193)
FN:2964,(anonymous_194)
FN:2965,(anonymous_195)
FN:2980,(anonymous_196)
FN:2981,(anonymous_197)
FN:3018,(anonymous_198)
FN:3019,(anonymous_199)
FN:3020,(anonymous_200)
FN:3021,(anonymous_201)
FN:3045,(anonymous_202)
FN:3047,(anonymous_203)
FN:3057,(anonymous_204)
FN:3063,(anonymous_205)
FN:3071,(anonymous_206)
FN:3075,(anonymous_207)
FN:3083,(anonymous_208)
FN:3084,(anonymous_209)
FN:3085,(anonymous_210)
FN:3086,(anonymous_211)
FN:3110,(anonymous_212)
FN:3130,(anonymous_213)
FN:3131,(anonymous_214)
FN:3146,(anonymous_215)
FN:3165,(anonymous_216)
FN:3166,(anonymous_217)
FN:3185,(anonymous_218)
FN:3206,(anonymous_219)
FN:3207,(anonymous_220)
FN:3208,(anonymous_221)
FN:3232,(anonymous_222)
FN:3247,(anonymous_223)
FN:3262,(anonymous_224)
FN:3263,(anonymous_225)
FN:3269,(anonymous_226)
FN:3280,(anonymous_227)
FN:3299,(anonymous_228)
FN:3300,(anonymous_229)
FN:3301,(anonymous_230)
FN:3302,(anonymous_231)
FN:3305,(anonymous_232)
FN:3319,(anonymous_233)
FN:3357,(anonymous_234)
FN:3366,(anonymous_235)
FN:3413,(anonymous_236)
FN:3429,(anonymous_237)
FN:3441,(anonymous_238)
FN:3448,(anonymous_239)
FN:3464,(anonymous_240)
FN:3465,(anonymous_241)
FN:3466,(anonymous_242)
FN:3467,(anonymous_243)
FN:3475,(anonymous_244)
FN:3485,(anonymous_245)
FN:3486,(anonymous_246)
FN:3494,(anonymous_247)
FN:3495,(anonymous_248)
FN:3499,(anonymous_249)
FN:3541,(anonymous_250)
FN:3550,(anonymous_251)
FN:3551,(anonymous_252)
FN:3585,(anonymous_253)
FN:3600,(anonymous_254)
FNF:255
FNH:0
FNDA:0,(anonymous_0)
FNDA:0,(anonymous_1)
FNDA:0,(anonymous_2)
FNDA:0,(anonymous_3)
FNDA:0,(anonymous_4)
FNDA:0,(anonymous_5)
FNDA:0,(anonymous_6)
FNDA:0,(anonymous_7)
FNDA:0,(anonymous_8)
FNDA:0,(anonymous_9)
FNDA:0,(anonymous_10)
FNDA:0,(anonymous_11)
FNDA:0,(anonymous_12)
FNDA:0,(anonymous_13)
FNDA:0,(anonymous_14)
FNDA:0,(anonymous_15)
FNDA:0,(anonymous_16)
FNDA:0,(anonymous_17)
FNDA:0,(anonymous_18)
FNDA:0,(anonymous_19)
FNDA:0,(anonymous_20)
FNDA:0,(anonymous_21)
FNDA:0,(anonymous_22)
FNDA:0,(anonymous_23)
FNDA:0,(anonymous_24)
FNDA:0,(anonymous_25)
FNDA:0,(anonymous_26)
FNDA:0,(anonymous_27)
FNDA:0,(anonymous_28)
FNDA:0,(anonymous_29)
FNDA:0,(anonymous_30)
FNDA:0,(anonymous_31)
FNDA:0,(anonymous_32)
FNDA:0,(anonymous_33)
FNDA:0,(anonymous_34)
FNDA:0,(anonymous_35)
FNDA:0,(anonymous_36)
FNDA:0,(anonymous_37)
FNDA:0,(anonymous_38)
FNDA:0,(anonymous_39)
FNDA:0,(anonymous_40)
FNDA:0,(anonymous_41)
FNDA:0,(anonymous_42)
FNDA:0,(anonymous_43)
FNDA:0,(anonymous_44)
FNDA:0,(anonymous_45)
FNDA:0,(anonymous_46)
FNDA:0,(anonymous_47)
FNDA:0,(anonymous_48)
FNDA:0,(anonymous_49)
FNDA:0,(anonymous_50)
FNDA:0,(anonymous_51)
FNDA:0,(anonymous_52)
FNDA:0,(anonymous_53)
FNDA:0,(anonymous_54)
FNDA:0,(anonymous_55)
FNDA:0,(anonymous_56)
FNDA:0,(anonymous_57)
FNDA:0,(anonymous_58)
FNDA:0,(anonymous_59)
FNDA:0,(anonymous_60)
FNDA:0,(anonymous_61)
FNDA:0,(anonymous_62)
FNDA:0,(anonymous_63)
FNDA:0,(anonymous_64)
FNDA:0,(anonymous_65)
FNDA:0,(anonymous_66)
FNDA:0,(anonymous_67)
FNDA:0,(anonymous_68)
FNDA:0,(anonymous_69)
FNDA:0,(anonymous_70)
FNDA:0,(anonymous_71)
FNDA:0,(anonymous_72)
FNDA:0,(anonymous_73)
FNDA:0,(anonymous_74)
FNDA:0,(anonymous_75)
FNDA:0,(anonymous_76)
FNDA:0,(anonymous_77)
FNDA:0,(anonymous_78)
FNDA:0,(anonymous_79)
FNDA:0,(anonymous_80)
FNDA:0,(anonymous_81)
FNDA:0,(anonymous_82)
FNDA:0,(anonymous_83)
FNDA:0,(anonymous_84)
FNDA:0,(anonymous_85)
FNDA:0,(anonymous_86)
FNDA:0,(anonymous_87)
FNDA:0,(anonymous_88)
FNDA:0,(anonymous_89)
FNDA:0,(anonymous_90)
FNDA:0,(anonymous_91)
FNDA:0,(anonymous_92)
FNDA:0,(anonymous_93)
FNDA:0,(anonymous_94)
FNDA:0,(anonymous_95)
FNDA:0,(anonymous_96)
FNDA:0,(anonymous_97)
FNDA:0,(anonymous_98)
FNDA:0,(anonymous_99)
FNDA:0,(anonymous_100)
FNDA:0,(anonymous_101)
FNDA:0,(anonymous_102)
FNDA:0,(anonymous_103)
FNDA:0,(anonymous_104)
FNDA:0,(anonymous_105)
FNDA:0,(anonymous_106)
FNDA:0,(anonymous_107)
FNDA:0,(anonymous_108)
FNDA:0,(anonymous_109)
FNDA:0,(anonymous_110)
FNDA:0,(anonymous_111)
FNDA:0,(anonymous_112)
FNDA:0,(anonymous_113)
FNDA:0,(anonymous_114)
FNDA:0,(anonymous_115)
FNDA:0,(anonymous_116)
FNDA:0,(anonymous_117)
FNDA:0,(anonymous_118)
FNDA:0,(anonymous_119)
FNDA:0,(anonymous_120)
FNDA:0,(anonymous_121)
FNDA:0,(anonymous_122)
FNDA:0,(anonymous_123)
FNDA:0,(anonymous_124)
FNDA:0,(anonymous_125)
FNDA:0,(anonymous_126)
FNDA:0,(anonymous_127)
FNDA:0,(anonymous_128)
FNDA:0,(anonymous_129)
FNDA:0,(anonymous_130)
FNDA:0,(anonymous_131)
FNDA:0,(anonymous_132)
FNDA:0,(anonymous_133)
FNDA:0,(anonymous_134)
FNDA:0,(anonymous_135)
FNDA:0,(anonymous_136)
FNDA:0,(anonymous_137)
FNDA:0,(anonymous_138)
FNDA:0,(anonymous_139)
FNDA:0,(anonymous_140)
FNDA:0,(anonymous_141)
FNDA:0,(anonymous_142)
FNDA:0,(anonymous_143)
FNDA:0,(anonymous_144)
FNDA:0,(anonymous_145)
FNDA:0,(anonymous_146)
FNDA:0,(anonymous_147)
FNDA:0,(anonymous_148)
FNDA:0,(anonymous_149)
FNDA:0,(anonymous_150)
FNDA:0,(anonymous_151)
FNDA:0,(anonymous_152)
FNDA:0,(anonymous_153)
FNDA:0,(anonymous_154)
FNDA:0,(anonymous_155)
FNDA:0,(anonymous_156)
FNDA:0,(anonymous_157)
FNDA:0,(anonymous_158)
FNDA:0,(anonymous_159)
FNDA:0,(anonymous_160)
FNDA:0,(anonymous_161)
FNDA:0,(anonymous_162)
FNDA:0,(anonymous_163)
FNDA:0,(anonymous_164)
FNDA:0,(anonymous_165)
FNDA:0,getNotificationCategory
FNDA:0,(anonymous_167)
FNDA:0,(anonymous_168)
FNDA:0,(anonymous_169)
FNDA:0,(anonymous_170)
FNDA:0,(anonymous_171)
FNDA:0,(anonymous_172)
FNDA:0,(anonymous_173)
FNDA:0,(anonymous_174)
FNDA:0,(anonymous_175)
FNDA:0,(anonymous_176)
FNDA:0,(anonymous_177)
FNDA:0,(anonymous_178)
FNDA:0,(anonymous_179)
FNDA:0,(anonymous_180)
FNDA:0,(anonymous_181)
FNDA:0,(anonymous_182)
FNDA:0,(anonymous_183)
FNDA:0,(anonymous_184)
FNDA:0,(anonymous_185)
FNDA:0,(anonymous_186)
FNDA:0,(anonymous_187)
FNDA:0,(anonymous_188)
FNDA:0,(anonymous_189)
FNDA:0,(anonymous_190)
FNDA:0,(anonymous_191)
FNDA:0,(anonymous_192)
FNDA:0,(anonymous_193)
FNDA:0,(anonymous_194)
FNDA:0,(anonymous_195)
FNDA:0,(anonymous_196)
FNDA:0,(anonymous_197)
FNDA:0,(anonymous_198)
FNDA:0,(anonymous_199)
FNDA:0,(anonymous_200)
FNDA:0,(anonymous_201)
FNDA:0,(anonymous_202)
FNDA:0,(anonymous_203)
FNDA:0,(anonymous_204)
FNDA:0,(anonymous_205)
FNDA:0,(anonymous_206)
FNDA:0,(anonymous_207)
FNDA:0,(anonymous_208)
FNDA:0,(anonymous_209)
FNDA:0,(anonymous_210)
FNDA:0,(anonymous_211)
FNDA:0,(anonymous_212)
FNDA:0,(anonymous_213)
FNDA:0,(anonymous_214)
FNDA:0,(anonymous_215)
FNDA:0,(anonymous_216)
FNDA:0,(anonymous_217)
FNDA:0,(anonymous_218)
FNDA:0,(anonymous_219)
FNDA:0,(anonymous_220)
FNDA:0,(anonymous_221)
FNDA:0,(anonymous_222)
FNDA:0,(anonymous_223)
FNDA:0,(anonymous_224)
FNDA:0,(anonymous_225)
FNDA:0,(anonymous_226)
FNDA:0,(anonymous_227)
FNDA:0,(anonymous_228)
FNDA:0,(anonymous_229)
FNDA:0,(anonymous_230)
FNDA:0,(anonymous_231)
FNDA:0,(anonymous_232)
FNDA:0,(anonymous_233)
FNDA:0,(anonymous_234)
FNDA:0,(anonymous_235)
FNDA:0,(anonymous_236)
FNDA:0,(anonymous_237)
FNDA:0,(anonymous_238)
FNDA:0,(anonymous_239)
FNDA:0,(anonymous_240)
FNDA:0,(anonymous_241)
FNDA:0,(anonymous_242)
FNDA:0,(anonymous_243)
FNDA:0,(anonymous_244)
FNDA:0,(anonymous_245)
FNDA:0,(anonymous_246)
FNDA:0,(anonymous_247)
FNDA:0,(anonymous_248)
FNDA:0,(anonymous_249)
FNDA:0,(anonymous_250)
FNDA:0,(anonymous_251)
FNDA:0,(anonymous_252)
FNDA:0,(anonymous_253)
FNDA:0,(anonymous_254)
DA:1,1
DA:2,1
DA:4,1
DA:7,1
DA:31,0
DA:67,1
DA:76,0
DA:77,0
DA:85,0
DA:90,1
DA:113,1
DA:137,1
DA:139,0
DA:140,0
DA:157,1
DA:159,0
DA:160,0
DA:174,1
DA:192,1
DA:200,1
DA:212,0
DA:218,0
DA:232,1
DA:233,1
DA:234,1
DA:235,1
DA:238,1
DA:240,0
DA:241,0
DA:260,1
DA:262,0
DA:263,0
DA:275,1
DA:284,1
DA:286,0
DA:287,0
DA:299,1
DA:302,0
DA:303,0
DA:314,1
DA:316,0
DA:317,0
DA:334,1
DA:338,0
DA:356,1
DA:359,0
DA:360,0
DA:370,1
DA:372,0
DA:373,0
DA:374,0
DA:386,1
DA:408,1
DA:410,0
DA:411,0
DA:427,1
DA:431,0
DA:445,1
DA:447,0
DA:462,1
DA:464,0
DA:480,1
DA:482,0
DA:483,0
DA:491,1
DA:493,0
DA:508,0
DA:513,1
DA:515,0
DA:516,0
DA:524,1
DA:526,0
DA:535,0
DA:542,1
DA:544,0
DA:552,1
DA:554,0
DA:564,1
DA:577,0
DA:583,1
DA:585,0
DA:586,0
DA:598,1
DA:600,0
DA:601,0
DA:602,0
DA:613,1
DA:625,1
DA:626,1
DA:627,1
DA:628,1
DA:629,1
DA:638,1
DA:642,1
DA:650,1
DA:654,1
DA:657,1
DA:678,1
DA:690,1
DA:697,0
DA:704,1
DA:706,0
DA:717,1
DA:719,0
DA:720,0
DA:732,1
DA:734,0
DA:747,1
DA:761,1
DA:763,0
DA:779,1
DA:781,0
DA:782,0
DA:783,0
DA:791,1
DA:802,1
DA:817,1
DA:819,0
DA:820,0
DA:824,1
DA:826,0
DA:852,0
DA:861,1
DA:863,0
DA:870,1
DA:879,1
DA:881,0
DA:882,0
DA:891,0
DA:896,1
DA:898,0
DA:899,0
DA:914,1
DA:916,0
DA:917,0
DA:918,0
DA:919,0
DA:929,1
DA:931,0
DA:932,0
DA:944,1
DA:952,1
DA:961,1
DA:963,0
DA:974,1
DA:976,0
DA:989,1
DA:991,0
DA:1000,0
DA:1005,1
DA:1015,1
DA:1017,0
DA:1018,0
DA:1023,1
DA:1048,1
DA:1050,0
DA:1051,0
DA:1052,0
DA:1071,1
DA:1074,0
DA:1075,0
DA:1083,1
DA:1085,0
DA:1086,0
DA:1094,1
DA:1096,0
DA:1097,0
DA:1105,0
DA:1111,1
DA:1113,0
DA:1114,0
DA:1121,0
DA:1125,0
DA:1136,1
DA:1138,0
DA:1139,0
DA:1140,0
DA:1148,0
DA:1157,1
DA:1159,0
DA:1160,0
DA:1168,0
DA:1174,1
DA:1176,0
DA:1177,0
DA:1191,1
DA:1193,0
DA:1194,0
DA:1199,0
DA:1232,1
DA:1239,0
DA:1240,0
DA:1250,1
DA:1252,0
DA:1253,0
DA:1263,1
DA:1268,0
DA:1269,0
DA:1270,0
DA:1271,0
DA:1281,1
DA:1283,0
DA:1284,0
DA:1290,1
DA:1292,0
DA:1293,0
DA:1296,0
DA:1297,0
DA:1301,0
DA:1310,1
DA:1312,0
DA:1319,0
DA:1328,1
DA:1347,1
DA:1348,1
DA:1349,1
DA:1350,1
DA:1351,1
DA:1352,1
DA:1353,1
DA:1354,1
DA:1355,1
DA:1356,1
DA:1357,1
DA:1358,1
DA:1384,1
DA:1388,0
DA:1389,0
DA:1401,0
DA:1402,0
DA:1417,1
DA:1419,0
DA:1420,0
DA:1429,1
DA:1431,0
DA:1432,0
DA:1439,0
DA:1445,1
DA:1447,0
DA:1448,0
DA:1454,0
DA:1459,1
DA:1460,1
DA:1464,1
DA:1465,1
DA:1470,1
DA:1474,0
DA:1475,0
DA:1490,1
DA:1491,1
DA:1492,1
DA:1501,1
DA:1517,0
DA:1524,1
DA:1542,0
DA:1549,1
DA:1551,0
DA:1552,0
DA:1557,0
DA:1564,1
DA:1575,0
DA:1584,1
DA:1586,0
DA:1587,0
DA:1631,1
DA:1632,1
DA:1634,1
DA:1635,1
DA:1637,1
DA:1638,1
DA:1640,1
DA:1641,1
DA:1643,1
DA:1644,1
DA:1663,1
DA:1664,1
DA:1666,1
DA:1667,1
DA:1669,1
DA:1670,1
DA:1672,1
DA:1673,1
DA:1675,1
DA:1676,1
DA:1679,1
DA:1689,0
DA:1700,1
DA:1701,1
DA:1704,1
DA:1706,0
DA:1723,1
DA:1725,0
DA:1726,0
DA:1747,1
DA:1749,0
DA:1750,0
DA:1764,1
DA:1766,0
DA:1767,0
DA:1768,0
DA:1769,0
DA:1787,1
DA:1789,0
DA:1790,0
DA:1799,1
DA:1801,0
DA:1802,0
DA:1832,1
DA:1833,1
DA:1835,1
DA:1836,1
DA:1838,1
DA:1839,1
DA:1841,1
DA:1842,1
DA:1844,1
DA:1845,1
DA:1847,1
DA:1848,1
DA:1851,1
DA:1870,1
DA:1885,0
DA:1894,1
DA:1899,0
DA:1917,1
DA:1919,0
DA:1920,0
DA:1949,1
DA:1951,0
DA:1966,1
DA:1969,0
DA:1981,1
DA:1983,0
DA:2003,1
DA:2008,1
DA:2012,0
DA:2019,1
DA:2024,0
DA:2033,1
DA:2037,1
DA:2038,0
DA:2039,0
DA:2040,0
DA:2041,0
DA:2045,1
DA:2053,1
DA:2056,1
DA:2067,1
DA:2080,1
DA:2086,1
DA:2092,1
DA:2108,1
DA:2113,1
DA:2120,1
DA:2125,1
DA:2130,1
DA:2135,1
DA:2158,1
DA:2173,1
DA:2176,1
DA:2192,1
DA:2195,0
DA:2201,1
DA:2222,1
DA:2231,1
DA:2236,1
DA:2239,1
DA:2250,1
DA:2257,1
DA:2265,1
DA:2286,1
DA:2303,1
DA:2310,1
DA:2313,0
DA:2314,0
DA:2317,0
DA:2320,0
DA:2332,1
DA:2335,1
DA:2350,1
DA:2369,1
DA:2375,1
DA:2386,1
DA:2405,1
DA:2410,1
DA:2413,1
DA:2421,1
DA:2435,1
DA:2459,1
DA:2465,1
DA:2472,1
DA:2500,1
DA:2514,1
DA:2517,1
DA:2536,1
DA:2542,1
DA:2554,1
DA:2556,0
DA:2557,0
DA:2569,1
DA:2571,0
DA:2572,0
DA:2573,0
DA:2602,1
DA:2615,1
DA:2646,1
DA:2649,1
DA:2658,1
DA:2660,0
DA:2685,1
DA:2687,0
DA:2688,0
DA:2697,1
DA:2699,0
DA:2700,0
DA:2701,0
DA:2710,1
DA:2719,1
DA:2721,0
DA:2722,0
DA:2731,1
DA:2758,1
DA:2766,1
DA:2785,1
DA:2787,0
DA:2789,0
DA:2798,1
DA:2800,0
DA:2811,1
DA:2813,0
DA:2815,0
DA:2821,1
DA:2823,0
DA:2829,0
DA:2834,1
DA:2841,1
DA:2847,1
DA:2853,1
DA:2876,1
DA:2892,1
DA:2904,1
DA:2909,1
DA:2916,1
DA:2918,0
DA:2928,1
DA:2929,0
DA:2944,1
DA:2962,1
DA:2964,0
DA:2965,0
DA:2978,1
DA:2980,0
DA:2981,0
DA:2986,1
DA:2995,1
DA:2999,1
DA:3003,1
DA:3007,1
DA:3011,1
DA:3016,1
DA:3018,0
DA:3019,0
DA:3020,0
DA:3021,0
DA:3038,1
DA:3043,1
DA:3045,0
DA:3047,0
DA:3055,1
DA:3057,0
DA:3063,0
DA:3069,1
DA:3071,0
DA:3075,0
DA:3081,1
DA:3083,0
DA:3084,0
DA:3085,0
DA:3086,0
DA:3100,1
DA:3104,1
DA:3108,1
DA:3110,0
DA:3123,1
DA:3127,1
DA:3130,0
DA:3131,0
DA:3146,0
DA:3150,1
DA:3155,1
DA:3159,1
DA:3163,1
DA:3165,0
DA:3166,0
DA:3179,1
DA:3183,1
DA:3185,0
DA:3200,1
DA:3204,1
DA:3206,0
DA:3207,0
DA:3208,0
DA:3226,1
DA:3230,1
DA:3232,0
DA:3241,1
DA:3245,1
DA:3247,0
DA:3256,1
DA:3260,1
DA:3262,0
DA:3263,0
DA:3269,0
DA:3273,1
DA:3278,1
DA:3280,0
DA:3290,1
DA:3295,1
DA:3297,1
DA:3299,0
DA:3300,0
DA:3301,0
DA:3302,0
DA:3305,0
DA:3311,1
DA:3316,1
DA:3319,0
DA:3330,1
DA:3340,1
DA:3355,1
DA:3357,0
DA:3364,1
DA:3366,0
DA:3381,1
DA:3387,1
DA:3393,1
DA:3399,1
DA:3411,1
DA:3413,0
DA:3422,1
DA:3427,1
DA:3429,0
DA:3441,0
DA:3448,0
DA:3454,1
DA:3462,1
DA:3464,0
DA:3465,0
DA:3466,0
DA:3467,0
DA:3475,0
DA:3483,1
DA:3485,0
DA:3486,0
DA:3492,1
DA:3494,0
DA:3495,0
DA:3499,0
DA:3504,1
DA:3521,1
DA:3525,1
DA:3539,1
DA:3541,0
DA:3550,0
DA:3551,0
DA:3559,1
DA:3583,1
DA:3585,0
DA:3600,0
DA:3607,1
LF:570
LH:312
BRDA:2038,0,0,0
BRDA:2039,1,0,0
BRDA:2040,2,0,0
BRF:3
BRH:0
end_of_record
