TN:
SF:server/ai-fusion.ts
FN:29,fusedBehaviorAnalysis
FN:62,fusedTrainingPlan
FN:97,fusedHealthAnalysis
FN:127,fusedSentimentAnalysis
FN:178,analyzeWithOpenAI
FN:216,generateOpenAITrainingPlan
FN:246,analyzeOpenAISentiment
FN:271,fuseAnalysisResults
FN:329,calculateSimilarity
FN:336,(anonymous_10)
FN:343,compareModelPerformance
FNF:11
FNH:0
FNDA:0,fusedBehaviorAnalysis
FNDA:0,fusedTrainingPlan
FNDA:0,fusedHealthAnalysis
FNDA:0,fusedSentimentAnalysis
FNDA:0,analyzeWithOpenAI
FNDA:0,generateOpenAITrainingPlan
FNDA:0,analyzeOpenAISentiment
FNDA:0,fuseAnalysisResults
FNDA:0,calculateSimilarity
FNDA:0,(anonymous_10)
FNDA:0,compareModelPerformance
DA:1,0
DA:9,0
DA:12,0
DA:29,0
DA:30,0
DA:31,0
DA:34,0
DA:37,0
DA:38,0
DA:40,0
DA:42,0
DA:46,0
DA:48,0
DA:56,0
DA:57,0
DA:62,0
DA:68,0
DA:69,0
DA:71,0
DA:74,0
DA:75,0
DA:77,0
DA:78,0
DA:81,0
DA:83,0
DA:91,0
DA:92,0
DA:97,0
DA:98,0
DA:99,0
DA:101,0
DA:104,0
DA:105,0
DA:107,0
DA:108,0
DA:111,0
DA:113,0
DA:121,0
DA:122,0
DA:127,0
DA:128,0
DA:129,0
DA:131,0
DA:134,0
DA:135,0
DA:137,0
DA:139,0
DA:146,0
DA:147,0
DA:150,0
DA:151,0
DA:154,0
DA:155,0
DA:156,0
DA:157,0
DA:159,0
DA:162,0
DA:172,0
DA:173,0
DA:181,0
DA:182,0
DA:194,0
DA:208,0
DA:213,0
DA:222,0
DA:238,0
DA:243,0
DA:247,0
DA:262,0
DA:264,0
DA:279,0
DA:298,0
DA:303,0
DA:306,0
DA:310,0
DA:311,0
DA:312,0
DA:313,0
DA:314,0
DA:315,0
DA:317,0
DA:318,0
DA:321,0
DA:330,0
DA:331,0
DA:333,0
DA:334,0
DA:336,0
DA:337,0
DA:339,0
DA:343,0
DA:350,0
DA:352,0
DA:353,0
DA:354,0
DA:357,0
DA:358,0
DA:359,0
DA:361,0
DA:364,0
DA:365,0
DA:366,0
DA:368,0
DA:386,0
LF:104
LH:0
BRDA:12,0,0,0
BRDA:12,0,1,0
BRDA:154,1,0,0
BRDA:154,1,1,0
BRDA:154,2,0,0
BRDA:154,2,1,0
BRDA:156,3,0,0
BRDA:156,3,1,0
BRDA:156,4,0,0
BRDA:156,4,1,0
BRDA:181,5,0,0
BRDA:181,5,1,0
BRDA:213,6,0,0
BRDA:213,6,1,0
BRDA:243,7,0,0
BRDA:243,7,1,0
BRDA:262,8,0,0
BRDA:262,8,1,0
BRDA:303,9,0,0
BRDA:303,9,1,0
BRDA:310,10,0,0
BRDA:310,10,1,0
BRDA:313,11,0,0
BRDA:313,11,1,0
BRDA:358,12,0,0
BRDA:381,13,0,0
BRDA:381,13,1,0
BRF:27
BRH:0
end_of_record
TN:
SF:server/config.ts
FN:71,generateSecureSecret
FN:78,validateConfig
FN:85,(anonymous_2)
FNF:3
FNH:0
FNDA:0,generateSecureSecret
FNDA:0,validateConfig
FNDA:0,(anonymous_2)
DA:37,0
DA:39,0
DA:72,0
DA:73,0
DA:75,0
DA:79,0
DA:81,0
DA:82,0
DA:85,0
DA:87,0
DA:88,0
DA:90,0
DA:91,0
DA:93,0
DA:98,0
DA:99,0
DA:100,0
DA:103,0
DA:104,0
DA:109,0
DA:111,0
LF:21
LH:0
BRDA:37,0,0,0
BRDA:37,0,1,0
BRDA:41,1,0,0
BRDA:41,1,1,0
BRDA:42,2,0,0
BRDA:42,2,1,0
BRDA:44,3,0,0
BRDA:44,3,1,0
BRDA:45,4,0,0
BRDA:45,4,1,0
BRDA:46,5,0,0
BRDA:46,5,1,0
BRDA:49,6,0,0
BRDA:49,6,1,0
BRDA:56,7,0,0
BRDA:56,7,1,0
BRDA:56,8,0,0
BRDA:56,8,1,0
BRDA:57,9,0,0
BRDA:57,9,1,0
BRDA:58,10,0,0
BRDA:58,10,1,0
BRDA:59,11,0,0
BRDA:59,11,1,0
BRDA:62,12,0,0
BRDA:62,12,1,0
BRDA:62,13,0,0
BRDA:62,13,1,0
BRDA:63,14,0,0
BRDA:63,14,1,0
BRDA:72,15,0,0
BRDA:81,16,0,0
BRDA:87,17,0,0
BRDA:90,18,0,0
BRDA:90,18,1,0
BRDA:98,19,0,0
BRDA:99,20,0,0
BRDA:103,21,0,0
BRF:38
BRH:0
end_of_record
TN:
SF:server/content-crawler.ts
FN:18,(anonymous_0)
FN:27,(anonymous_1)
FN:28,(anonymous_2)
FN:29,(anonymous_3)
FN:56,(anonymous_4)
FN:73,(anonymous_5)
FN:95,(anonymous_6)
FN:99,(anonymous_7)
FN:105,(anonymous_8)
FN:134,(anonymous_9)
FN:224,(anonymous_10)
FN:239,(anonymous_11)
FN:247,(anonymous_12)
FN:262,(anonymous_13)
FN:271,(anonymous_14)
FN:280,(anonymous_15)
FN:287,(anonymous_16)
FN:298,(anonymous_17)
FNF:18
FNH:0
FNDA:0,(anonymous_0)
FNDA:0,(anonymous_1)
FNDA:0,(anonymous_2)
FNDA:0,(anonymous_3)
FNDA:0,(anonymous_4)
FNDA:0,(anonymous_5)
FNDA:0,(anonymous_6)
FNDA:0,(anonymous_7)
FNDA:0,(anonymous_8)
FNDA:0,(anonymous_9)
FNDA:0,(anonymous_10)
FNDA:0,(anonymous_11)
FNDA:0,(anonymous_12)
FNDA:0,(anonymous_13)
FNDA:0,(anonymous_14)
FNDA:0,(anonymous_15)
FNDA:0,(anonymous_16)
FNDA:0,(anonymous_17)
DA:1,0
DA:15,0
DA:19,0
DA:20,0
DA:21,0
DA:22,0
DA:23,0
DA:26,0
DA:27,0
DA:28,0
DA:29,0
DA:31,0
DA:34,0
DA:36,0
DA:37,0
DA:38,0
DA:39,0
DA:40,0
DA:41,0
DA:43,0
DA:47,0
DA:50,0
DA:51,0
DA:52,0
DA:56,0
DA:59,0
DA:63,0
DA:64,0
DA:67,0
DA:68,0
DA:74,0
DA:86,0
DA:92,0
DA:95,0
DA:96,0
DA:99,0
DA:100,0
DA:106,0
DA:107,0
DA:112,0
DA:113,0
DA:114,0
DA:117,0
DA:122,0
DA:125,0
DA:130,0
DA:131,0
DA:133,0
DA:134,0
DA:136,0
DA:138,0
DA:139,0
DA:140,0
DA:144,0
DA:145,0
DA:148,0
DA:152,0
DA:153,0
DA:154,0
DA:155,0
DA:156,0
DA:157,0
DA:159,0
DA:165,0
DA:169,0
DA:172,0
DA:182,0
DA:183,0
DA:184,0
DA:185,0
DA:186,0
DA:187,0
DA:188,0
DA:194,0
DA:195,0
DA:197,0
DA:209,0
DA:210,0
DA:211,0
DA:212,0
DA:213,0
DA:215,0
DA:218,0
DA:219,0
DA:225,0
DA:239,0
DA:240,0
DA:243,0
DA:248,0
DA:261,0
DA:262,0
DA:263,0
DA:267,0
DA:272,0
DA:274,0
DA:275,0
DA:276,0
DA:277,0
DA:280,0
DA:283,0
DA:289,0
DA:290,0
DA:292,0
DA:293,0
DA:294,0
DA:298,0
DA:299,0
DA:301,0
DA:323,0
DA:324,0
DA:325,0
DA:327,0
DA:331,0
LF:113
LH:0
BRDA:28,0,0,0
BRDA:28,0,1,0
BRDA:29,1,0,0
BRDA:29,1,1,0
BRDA:43,2,0,0
BRDA:43,2,1,0
BRDA:43,2,2,0
BRDA:43,2,3,0
BRDA:47,3,0,0
BRDA:47,3,1,0
BRDA:50,4,0,0
BRDA:95,5,0,0
BRDA:117,6,0,0
BRDA:117,6,1,0
BRDA:117,6,2,0
BRDA:117,6,3,0
BRDA:117,6,4,0
BRDA:122,7,0,0
BRDA:122,7,1,0
BRDA:125,8,0,0
BRDA:125,8,1,0
BRDA:125,8,2,0
BRDA:125,8,3,0
BRDA:131,9,0,0
BRDA:136,10,0,0
BRDA:136,10,1,0
BRDA:145,11,0,0
BRDA:145,11,1,0
BRDA:148,12,0,0
BRDA:148,12,1,0
BRDA:148,12,2,0
BRDA:148,12,3,0
BRDA:153,13,0,0
BRDA:155,14,0,0
BRDA:165,15,0,0
BRDA:165,15,1,0
BRDA:165,15,2,0
BRDA:165,15,3,0
BRDA:185,16,0,0
BRDA:186,17,0,0
BRDA:186,17,1,0
BRDA:186,17,2,0
BRDA:187,18,0,0
BRDA:187,19,0,0
BRDA:187,19,1,0
BRDA:206,20,0,0
BRDA:206,20,1,0
BRDA:211,21,0,0
BRDA:211,21,1,0
BRDA:262,22,0,0
BRDA:276,23,0,0
BRDA:292,24,0,0
BRDA:292,25,0,0
BRDA:292,25,1,0
BRF:54
BRH:0
end_of_record
TN:
SF:server/content-moderation.ts
FN:51,(anonymous_0)
FN:57,(anonymous_1)
FN:102,(anonymous_2)
FN:137,(anonymous_3)
FN:147,(anonymous_4)
FN:173,(anonymous_5)
FN:178,(anonymous_6)
FN:202,(anonymous_7)
FN:205,(anonymous_8)
FN:222,(anonymous_9)
FN:232,(anonymous_10)
FN:237,(anonymous_11)
FN:284,(anonymous_12)
FN:296,(anonymous_13)
FN:302,(anonymous_14)
FN:332,(anonymous_15)
FNF:16
FNH:0
FNDA:0,(anonymous_0)
FNDA:0,(anonymous_1)
FNDA:0,(anonymous_2)
FNDA:0,(anonymous_3)
FNDA:0,(anonymous_4)
FNDA:0,(anonymous_5)
FNDA:0,(anonymous_6)
FNDA:0,(anonymous_7)
FNDA:0,(anonymous_8)
FNDA:0,(anonymous_9)
FNDA:0,(anonymous_10)
FNDA:0,(anonymous_11)
FNDA:0,(anonymous_12)
FNDA:0,(anonymous_13)
FNDA:0,(anonymous_14)
FNDA:0,(anonymous_15)
DA:1,0
DA:2,0
DA:4,0
DA:7,0
DA:8,0
DA:9,0
DA:10,0
DA:11,0
DA:14,0
DA:22,0
DA:29,0
DA:51,0
DA:52,0
DA:53,0
DA:55,0
DA:56,0
DA:57,0
DA:59,0
DA:60,0
DA:62,0
DA:63,0
DA:65,0
DA:67,0
DA:68,0
DA:71,0
DA:74,0
DA:76,0
DA:77,0
DA:78,0
DA:81,0
DA:82,0
DA:83,0
DA:84,0
DA:88,0
DA:92,0
DA:94,0
DA:102,0
DA:103,0
DA:105,0
DA:107,0
DA:119,0
DA:130,0
DA:133,0
DA:137,0
DA:138,0
DA:139,0
DA:141,0
DA:142,0
DA:147,0
DA:148,0
DA:149,0
DA:151,0
DA:158,0
DA:160,0
DA:161,0
DA:163,0
DA:164,0
DA:165,0
DA:167,0
DA:173,0
DA:174,0
DA:175,0
DA:176,0
DA:178,0
DA:179,0
DA:180,0
DA:183,0
DA:189,0
DA:190,0
DA:192,0
DA:193,0
DA:194,0
DA:196,0
DA:202,0
DA:203,0
DA:204,0
DA:205,0
DA:207,0
DA:208,0
DA:211,0
DA:212,0
DA:214,0
DA:216,0
DA:217,0
DA:222,0
DA:223,0
DA:224,0
DA:226,0
DA:227,0
DA:232,0
DA:233,0
DA:234,0
DA:237,0
DA:238,0
DA:239,0
DA:242,0
DA:245,0
DA:247,0
DA:248,0
DA:250,0
DA:251,0
DA:253,0
DA:257,0
DA:270,0
DA:271,0
DA:274,0
DA:275,0
DA:276,0
DA:278,0
DA:284,0
DA:285,0
DA:287,0
DA:288,0
DA:290,0
DA:291,0
DA:296,0
DA:297,0
DA:298,0
DA:300,0
DA:302,0
DA:304,0
DA:305,0
DA:313,0
DA:314,0
DA:318,0
DA:319,0
DA:326,0
DA:327,0
DA:332,0
DA:333,0
DA:334,0
DA:336,0
DA:337,0
DA:340,0
DA:341,0
DA:344,0
DA:345,0
DA:349,0
DA:350,0
LF:139
LH:0
BRDA:55,0,0,0
BRDA:55,0,1,0
BRDA:60,1,0,0
BRDA:65,2,0,0
BRDA:65,2,1,0
BRDA:76,3,0,0
BRDA:81,4,0,0
BRDA:81,4,1,0
BRDA:83,5,0,0
BRDA:83,6,0,0
BRDA:83,6,1,0
BRDA:105,7,0,0
BRDA:164,8,0,0
BRDA:164,8,1,0
BRDA:179,9,0,0
BRDA:193,10,0,0
BRDA:193,10,1,0
BRDA:207,11,0,0
BRDA:238,12,0,0
BRDA:245,13,0,0
BRDA:245,13,1,0
BRDA:248,14,0,0
BRDA:248,14,1,0
BRDA:251,15,0,0
BRDA:275,16,0,0
BRDA:275,16,1,0
BRDA:304,17,0,0
BRDA:336,18,0,0
BRF:28
BRH:0
end_of_record
TN:
SF:server/db.ts
FN:34,createPool
FN:68,buildDb
FN:74,attachPoolErrorHandlers
FN:77,(anonymous_10)
FN:82,(anonymous_11)
FN:106,recreatePool
FN:119,(anonymous_13)
FN:125,scheduleReconnect
FN:131,(anonymous_15)
FN:132,(anonymous_16)
FN:153,(anonymous_17)
FN:155,(anonymous_18)
FN:164,checkDatabaseConnection
FN:200,closeDatabasePool
FNF:14
FNH:0
FNDA:0,createPool
FNDA:0,buildDb
FNDA:0,attachPoolErrorHandlers
FNDA:0,(anonymous_10)
FNDA:0,(anonymous_11)
FNDA:0,recreatePool
FNDA:0,(anonymous_13)
FNDA:0,scheduleReconnect
FNDA:0,(anonymous_15)
FNDA:0,(anonymous_16)
FNDA:0,(anonymous_17)
FNDA:0,(anonymous_18)
FNDA:0,checkDatabaseConnection
FNDA:0,closeDatabasePool
DA:1,0
DA:2,0
DA:3,0
DA:4,0
DA:5,0
DA:6,0
DA:8,0
DA:9,0
DA:11,0
DA:21,0
DA:25,0
DA:32,0
DA:35,0
DA:36,0
DA:37,0
DA:38,0
DA:53,0
DA:54,0
DA:55,0
DA:56,0
DA:60,0
DA:69,0
DA:75,0
DA:76,0
DA:77,0
DA:78,0
DA:80,0
DA:82,0
DA:83,0
DA:84,0
DA:89,0
DA:93,0
DA:94,0
DA:95,0
DA:100,0
DA:101,0
DA:102,0
DA:103,0
DA:104,0
DA:107,0
DA:108,0
DA:109,0
DA:110,0
DA:111,0
DA:112,0
DA:113,0
DA:115,0
DA:118,0
DA:119,0
DA:120,0
DA:126,0
DA:127,0
DA:128,0
DA:129,0
DA:130,0
DA:131,0
DA:132,0
DA:133,0
DA:134,0
DA:135,0
DA:136,0
DA:137,0
DA:139,0
DA:140,0
DA:141,0
DA:142,0
DA:143,0
DA:145,0
DA:150,0
DA:153,0
DA:154,0
DA:155,0
DA:156,0
DA:157,0
DA:158,0
DA:159,0
DA:164,0
DA:165,0
DA:166,0
DA:167,0
DA:168,0
DA:169,0
DA:170,0
DA:172,0
DA:173,0
DA:175,0
DA:176,0
DA:177,0
DA:182,0
DA:183,0
DA:184,0
DA:185,0
DA:186,0
DA:188,0
DA:189,0
DA:191,0
DA:192,0
DA:193,0
DA:200,0
DA:201,0
DA:202,0
DA:203,0
DA:204,0
DA:205,0
DA:208,0
LF:105
LH:0
BRDA:12,0,0,0
BRDA:12,0,1,0
BRDA:13,1,0,0
BRDA:13,1,1,0
BRDA:14,2,0,0
BRDA:14,2,1,0
BRDA:15,3,0,0
BRDA:15,3,1,0
BRDA:16,4,0,0
BRDA:16,4,1,0
BRDA:22,5,0,0
BRDA:22,5,1,0
BRDA:22,6,0,0
BRDA:22,6,1,0
BRDA:26,7,0,0
BRDA:26,7,1,0
BRDA:35,8,0,0
BRDA:35,9,0,0
BRDA:35,9,1,0
BRDA:55,10,0,0
BRDA:69,11,0,0
BRDA:69,11,1,0
BRDA:76,12,0,0
BRDA:78,13,0,0
BRDA:78,13,1,0
BRDA:83,14,0,0
BRDA:118,15,0,0
BRDA:118,16,0,0
BRDA:118,16,1,0
BRDA:126,17,0,0
BRDA:126,18,0,0
BRDA:126,18,1,0
BRDA:134,19,0,0
BRDA:134,19,1,0
BRDA:141,20,0,0
BRDA:154,21,0,0
BRDA:156,22,0,0
BRDA:156,22,1,0
BRDA:157,23,0,0
BRDA:165,24,0,0
BRDA:165,24,1,0
BRDA:175,25,0,0
BRDA:191,26,0,0
BRDA:203,27,0,0
BRDA:203,28,0,0
BRDA:203,28,1,0
BRF:46
BRH:0
end_of_record
TN:
SF:server/gemini.ts
FN:18,summarizeArticle
FN:34,analyzeSentiment
FN:74,analyzeImage
FN:96,analyzeVideo
FN:118,generateImage
FN:157,analyzePetBehavior
FN:181,generateTrainingPlan
FN:214,analyzeHealthSymptoms
FNF:8
FNH:0
FNDA:0,summarizeArticle
FNDA:0,analyzeSentiment
FNDA:0,analyzeImage
FNDA:0,analyzeVideo
FNDA:0,generateImage
FNDA:0,analyzePetBehavior
FNDA:0,generateTrainingPlan
FNDA:0,analyzeHealthSymptoms
DA:1,0
DA:2,0
DA:3,0
DA:11,0
DA:14,0
DA:18,0
DA:19,0
DA:21,0
DA:26,0
DA:34,0
DA:35,0
DA:36,0
DA:42,0
DA:59,0
DA:61,0
DA:63,0
DA:64,0
DA:65,0
DA:67,0
DA:70,0
DA:74,0
DA:75,0
DA:77,0
DA:88,0
DA:93,0
DA:96,0
DA:97,0
DA:99,0
DA:110,0
DA:115,0
DA:118,0
DA:122,0
DA:124,0
DA:132,0
DA:133,0
DA:134,0
DA:137,0
DA:138,0
DA:139,0
DA:142,0
DA:143,0
DA:144,0
DA:145,0
DA:146,0
DA:147,0
DA:148,0
DA:152,0
DA:157,0
DA:158,0
DA:170,0
DA:178,0
DA:181,0
DA:187,0
DA:203,0
DA:211,0
DA:214,0
DA:215,0
DA:228,0
DA:236,0
LF:59
LH:0
BRDA:11,0,0,0
BRDA:11,0,1,0
BRDA:15,1,0,0
BRDA:15,1,1,0
BRDA:26,2,0,0
BRDA:26,2,1,0
BRDA:63,3,0,0
BRDA:63,3,1,0
BRDA:93,4,0,0
BRDA:93,4,1,0
BRDA:115,5,0,0
BRDA:115,5,1,0
BRDA:133,6,0,0
BRDA:133,7,0,0
BRDA:133,7,1,0
BRDA:138,8,0,0
BRDA:138,9,0,0
BRDA:138,9,1,0
BRDA:143,10,0,0
BRDA:143,10,1,0
BRDA:145,11,0,0
BRDA:145,12,0,0
BRDA:145,12,1,0
BRDA:178,13,0,0
BRDA:178,13,1,0
BRDA:211,14,0,0
BRDA:211,14,1,0
BRDA:236,15,0,0
BRDA:236,15,1,0
BRF:29
BRH:0
end_of_record
TN:
SF:server/index.ts
FN:44,(anonymous_7)
FN:49,(anonymous_8)
FN:139,(anonymous_9)
FN:146,(anonymous_10)
FN:170,(anonymous_11)
FN:205,(anonymous_12)
FN:263,(anonymous_13)
FN:278,(anonymous_14)
FN:282,(anonymous_15)
FN:286,(anonymous_16)
FN:291,(anonymous_17)
FN:352,(anonymous_18)
FN:373,(anonymous_19)
FN:380,(anonymous_20)
FN:406,gracefulShutdown
FN:412,(anonymous_22)
FN:420,(anonymous_23)
FN:421,(anonymous_24)
FN:443,(anonymous_25)
FN:444,(anonymous_26)
FN:449,(anonymous_27)
FN:456,(anonymous_28)
FN:466,initializeMemoryData
FN:676,startServer
FN:704,(anonymous_31)
FN:709,(anonymous_32)
FN:724,(anonymous_33)
FN:746,(anonymous_34)
FN:749,(anonymous_35)
FNF:29
FNH:0
FNDA:0,(anonymous_7)
FNDA:0,(anonymous_8)
FNDA:0,(anonymous_9)
FNDA:0,(anonymous_10)
FNDA:0,(anonymous_11)
FNDA:0,(anonymous_12)
FNDA:0,(anonymous_13)
FNDA:0,(anonymous_14)
FNDA:0,(anonymous_15)
FNDA:0,(anonymous_16)
FNDA:0,(anonymous_17)
FNDA:0,(anonymous_18)
FNDA:0,(anonymous_19)
FNDA:0,(anonymous_20)
FNDA:0,gracefulShutdown
FNDA:0,(anonymous_22)
FNDA:0,(anonymous_23)
FNDA:0,(anonymous_24)
FNDA:0,(anonymous_25)
FNDA:0,(anonymous_26)
FNDA:0,(anonymous_27)
FNDA:0,(anonymous_28)
FNDA:0,initializeMemoryData
FNDA:0,startServer
FNDA:0,(anonymous_31)
FNDA:0,(anonymous_32)
FNDA:0,(anonymous_33)
FNDA:0,(anonymous_34)
FNDA:0,(anonymous_35)
DA:2,0
DA:3,0
DA:5,0
DA:6,0
DA:7,0
DA:8,0
DA:9,0
DA:10,0
DA:11,0
DA:12,0
DA:13,0
DA:14,0
DA:15,0
DA:16,0
DA:17,0
DA:18,0
DA:19,0
DA:21,0
DA:22,0
DA:23,0
DA:24,0
DA:25,0
DA:26,0
DA:27,0
DA:28,0
DA:29,0
DA:30,0
DA:32,0
DA:33,0
DA:35,0
DA:36,0
DA:37,0
DA:40,0
DA:41,0
DA:44,0
DA:46,0
DA:47,0
DA:48,0
DA:49,0
DA:50,0
DA:54,0
DA:55,0
DA:56,0
DA:61,0
DA:64,0
DA:65,0
DA:108,0
DA:114,0
DA:138,0
DA:141,0
DA:142,0
DA:146,0
DA:147,0
DA:148,0
DA:149,0
DA:151,0
DA:154,0
DA:155,0
DA:157,0
DA:158,0
DA:169,0
DA:170,0
DA:171,0
DA:172,0
DA:173,0
DA:174,0
DA:176,0
DA:177,0
DA:184,0
DA:187,0
DA:200,0
DA:205,0
DA:216,0
DA:219,0
DA:222,0
DA:241,0
DA:244,0
DA:255,0
DA:258,0
DA:261,0
DA:264,0
DA:265,0
DA:269,0
DA:272,0
DA:273,0
DA:274,0
DA:275,0
DA:278,0
DA:279,0
DA:282,0
DA:283,0
DA:286,0
DA:287,0
DA:291,0
DA:292,0
DA:294,0
DA:296,0
DA:297,0
DA:298,0
DA:299,0
DA:300,0
DA:301,0
DA:304,0
DA:306,0
DA:307,0
DA:312,0
DA:313,0
DA:316,0
DA:324,0
DA:342,0
DA:345,0
DA:348,0
DA:349,0
DA:352,0
DA:353,0
DA:354,0
DA:355,0
DA:357,0
DA:359,0
DA:360,0
DA:365,0
DA:369,0
DA:372,0
DA:375,0
DA:381,0
DA:382,0
DA:386,0
DA:390,0
DA:391,0
DA:392,0
DA:393,0
DA:394,0
DA:395,0
DA:403,0
DA:404,0
DA:407,0
DA:408,0
DA:409,0
DA:412,0
DA:413,0
DA:414,0
DA:416,0
DA:418,0
DA:419,0
DA:420,0
DA:421,0
DA:422,0
DA:423,0
DA:424,0
DA:429,0
DA:432,0
DA:433,0
DA:435,0
DA:438,0
DA:439,0
DA:440,0
DA:443,0
DA:444,0
DA:449,0
DA:450,0
DA:451,0
DA:456,0
DA:457,0
DA:458,0
DA:459,0
DA:468,0
DA:469,0
DA:472,0
DA:473,0
DA:598,0
DA:667,0
DA:672,0
DA:677,0
DA:681,0
DA:682,0
DA:687,0
DA:690,0
DA:691,0
DA:692,0
DA:693,0
DA:694,0
DA:695,0
DA:696,0
DA:697,0
DA:698,0
DA:701,0
DA:704,0
DA:705,0
DA:706,0
DA:709,0
DA:710,0
DA:711,0
DA:715,0
DA:716,0
DA:720,0
DA:721,0
DA:723,0
DA:725,0
DA:726,0
DA:727,0
DA:728,0
DA:729,0
DA:730,0
DA:734,0
DA:735,0
DA:739,0
DA:742,0
DA:745,0
DA:746,0
DA:748,0
DA:749,0
DA:750,0
DA:751,0
DA:753,0
DA:756,0
DA:757,0
DA:758,0
DA:760,0
DA:765,0
DA:766,0
DA:770,0
LF:221
LH:0
BRDA:36,0,0,0
BRDA:36,0,1,0
BRDA:37,1,0,0
BRDA:37,1,1,0
BRDA:41,2,0,0
BRDA:41,2,1,0
BRDA:46,3,0,0
BRDA:54,4,0,0
BRDA:54,5,0,0
BRDA:54,5,1,0
BRDA:64,6,0,0
BRDA:64,6,1,0
BRDA:114,7,0,0
BRDA:114,7,1,0
BRDA:141,8,0,0
BRDA:141,9,0,0
BRDA:141,9,1,0
BRDA:147,10,0,0
BRDA:149,11,0,0
BRDA:149,11,1,0
BRDA:154,12,0,0
BRDA:154,12,1,0
BRDA:154,13,0,0
BRDA:154,13,1,0
BRDA:169,14,0,0
BRDA:189,15,0,0
BRDA:189,15,1,0
BRDA:202,16,0,0
BRDA:202,16,1,0
BRDA:205,17,0,0
BRDA:205,17,1,0
BRDA:246,18,0,0
BRDA:246,18,1,0
BRDA:264,19,0,0
BRDA:264,20,0,0
BRDA:264,20,1,0
BRDA:296,21,0,0
BRDA:296,21,1,0
BRDA:298,22,0,0
BRDA:298,22,1,0
BRDA:298,23,0,0
BRDA:298,23,1,0
BRDA:300,24,0,0
BRDA:326,25,0,0
BRDA:326,25,1,0
BRDA:333,26,0,0
BRDA:333,26,1,0
BRDA:336,27,0,0
BRDA:336,27,1,0
BRDA:336,27,2,0
BRDA:354,28,0,0
BRDA:354,29,0,0
BRDA:354,29,1,0
BRDA:406,30,0,0
BRDA:407,31,0,0
BRDA:414,32,0,0
BRDA:414,32,1,0
BRDA:419,33,0,0
BRDA:422,34,0,0
BRDA:422,34,1,0
BRDA:458,35,0,0
BRDA:458,36,0,0
BRDA:458,36,1,0
BRDA:472,37,0,0
BRDA:715,38,0,0
BRDA:715,38,1,0
BRDA:725,39,0,0
BRDA:725,39,1,0
BRDA:727,40,0,0
BRDA:727,40,1,0
BRDA:729,41,0,0
BRDA:756,42,0,0
BRDA:756,42,1,0
BRF:73
BRH:0
end_of_record
TN:
SF:server/java-bridge.ts
FN:10,(anonymous_1)
FN:14,(anonymous_2)
FN:40,(anonymous_3)
FN:48,(anonymous_4)
FN:52,(anonymous_5)
FN:62,(anonymous_6)
FN:66,(anonymous_7)
FN:70,(anonymous_8)
FN:89,(anonymous_9)
FNF:9
FNH:0
FNDA:0,(anonymous_1)
FNDA:0,(anonymous_2)
FNDA:0,(anonymous_3)
FNDA:0,(anonymous_4)
FNDA:0,(anonymous_5)
FNDA:0,(anonymous_6)
FNDA:0,(anonymous_7)
FNDA:0,(anonymous_8)
FNDA:0,(anonymous_9)
DA:1,0
DA:2,0
DA:3,0
DA:5,0
DA:6,0
DA:7,0
DA:8,0
DA:11,0
DA:15,0
DA:16,0
DA:19,0
DA:20,0
DA:23,0
DA:26,0
DA:27,0
DA:28,0
DA:31,0
DA:40,0
DA:41,0
DA:42,0
DA:43,0
DA:44,0
DA:48,0
DA:49,0
DA:52,0
DA:53,0
DA:54,0
DA:58,0
DA:63,0
DA:67,0
DA:71,0
DA:72,0
DA:75,0
DA:76,0
DA:82,0
DA:84,0
DA:85,0
DA:90,0
DA:91,0
DA:92,0
DA:97,0
LF:41
LH:0
BRDA:26,0,0,0
BRDA:42,1,0,0
BRDA:71,2,0,0
BRDA:77,3,0,0
BRDA:77,3,1,0
BRDA:78,4,0,0
BRDA:78,4,1,0
BRDA:79,5,0,0
BRDA:79,5,1,0
BRDA:90,6,0,0
BRF:10
BRH:0
end_of_record
TN:
SF:server/logo.ts
FN:6,(anonymous_0)
FN:10,(anonymous_1)
FN:14,(anonymous_2)
FNF:3
FNH:0
FNDA:0,(anonymous_0)
FNDA:0,(anonymous_1)
FNDA:0,(anonymous_2)
DA:3,0
DA:5,0
DA:7,0
DA:11,0
DA:15,0
LF:5
LH:0
BRF:0
BRH:0
end_of_record
TN:
SF:server/objectAcl.ts
FN:15,(anonymous_0)
FN:38,(anonymous_1)
FN:59,isPermissionAllowed
FN:76,(anonymous_3)
FN:85,createObjectAccessGroup
FN:106,setObjectAclPolicy
FN:123,getObjectAclPolicy
FN:135,canAccessObject
FNF:8
FNH:0
FNDA:0,(anonymous_0)
FNDA:0,(anonymous_1)
FNDA:0,isPermissionAllowed
FNDA:0,(anonymous_3)
FNDA:0,createObjectAccessGroup
FNDA:0,setObjectAclPolicy
FNDA:0,getObjectAclPolicy
FNDA:0,canAccessObject
DA:3,0
DA:15,0
DA:38,0
DA:39,0
DA:40,0
DA:64,0
DA:65,0
DA:69,0
DA:77,0
DA:78,0
DA:88,0
DA:101,0
DA:106,0
DA:110,0
DA:111,0
DA:112,0
DA:115,0
DA:123,0
DA:126,0
DA:127,0
DA:128,0
DA:129,0
DA:131,0
DA:135,0
DA:145,0
DA:146,0
DA:147,0
DA:151,0
DA:155,0
DA:159,0
DA:160,0
DA:164,0
DA:165,0
DA:169,0
DA:170,0
DA:171,0
DA:175,0
DA:179,0
LF:38
LH:0
BRDA:15,0,0,0
BRDA:15,0,1,0
BRDA:38,1,0,0
BRDA:38,1,1,0
BRDA:64,2,0,0
BRDA:88,3,0,0
BRDA:111,4,0,0
BRDA:128,5,0,0
BRDA:146,6,0,0
BRDA:151,7,0,0
BRDA:152,8,0,0
BRDA:152,8,1,0
BRDA:159,9,0,0
BRDA:164,10,0,0
BRDA:169,11,0,0
BRDA:169,11,1,0
BRDA:171,12,0,0
BRDA:172,13,0,0
BRDA:172,13,1,0
BRF:19
BRH:0
end_of_record
TN:
SF:server/objectStorage.ts
FN:34,(anonymous_0)
FN:43,(anonymous_1)
FN:46,(anonymous_2)
FN:52,(anonymous_3)
FN:53,(anonymous_4)
FN:66,(anonymous_5)
FN:78,(anonymous_6)
FN:98,(anonymous_7)
FN:117,(anonymous_8)
FN:134,(anonymous_9)
FN:158,(anonymous_10)
FN:184,(anonymous_11)
FN:210,(anonymous_12)
FN:225,(anonymous_13)
FN:242,parseObjectPath
FN:263,signObjectURL
FNF:16
FNH:0
FNDA:0,(anonymous_0)
FNDA:0,(anonymous_1)
FNDA:0,(anonymous_2)
FNDA:0,(anonymous_3)
FNDA:0,(anonymous_4)
FNDA:0,(anonymous_5)
FNDA:0,(anonymous_6)
FNDA:0,(anonymous_7)
FNDA:0,(anonymous_8)
FNDA:0,(anonymous_9)
FNDA:0,(anonymous_10)
FNDA:0,(anonymous_11)
FNDA:0,(anonymous_12)
FNDA:0,(anonymous_13)
FNDA:0,parseObjectPath
FNDA:0,signObjectURL
DA:1,0
DA:3,0
DA:4,0
DA:12,0
DA:15,0
DA:33,0
DA:35,0
DA:36,0
DA:37,0
DA:42,0
DA:47,0
DA:48,0
DA:52,0
DA:53,0
DA:56,0
DA:57,0
DA:62,0
DA:67,0
DA:68,0
DA:69,0
DA:74,0
DA:79,0
DA:80,0
DA:83,0
DA:84,0
DA:85,0
DA:88,0
DA:89,0
DA:90,0
DA:94,0
DA:99,0
DA:101,0
DA:103,0
DA:104,0
DA:106,0
DA:115,0
DA:117,0
DA:118,0
DA:119,0
DA:120,0
DA:124,0
DA:126,0
DA:127,0
DA:128,0
DA:135,0
DA:136,0
DA:137,0
DA:143,0
DA:144,0
DA:146,0
DA:149,0
DA:159,0
DA:160,0
DA:163,0
DA:164,0
DA:165,0
DA:168,0
DA:169,0
DA:170,0
DA:171,0
DA:173,0
DA:174,0
DA:175,0
DA:176,0
DA:177,0
DA:178,0
DA:179,0
DA:181,0
DA:187,0
DA:188,0
DA:192,0
DA:193,0
DA:195,0
DA:196,0
DA:197,0
DA:200,0
DA:201,0
DA:205,0
DA:206,0
DA:214,0
DA:215,0
DA:216,0
DA:219,0
DA:220,0
DA:221,0
DA:234,0
DA:246,0
DA:247,0
DA:249,0
DA:250,0
DA:251,0
DA:254,0
DA:255,0
DA:257,0
DA:274,0
DA:280,0
DA:290,0
DA:291,0
DA:297,0
DA:298,0
LF:100
LH:0
BRDA:47,0,0,0
BRDA:47,0,1,0
BRDA:56,1,0,0
BRDA:67,2,0,0
BRDA:67,2,1,0
BRDA:68,3,0,0
BRDA:89,4,0,0
BRDA:98,5,0,0
BRDA:107,6,0,0
BRDA:107,6,1,0
BRDA:110,7,0,0
BRDA:110,7,1,0
BRDA:119,8,0,0
BRDA:127,9,0,0
BRDA:136,10,0,0
BRDA:159,11,0,0
BRDA:164,12,0,0
BRDA:170,13,0,0
BRDA:178,14,0,0
BRDA:187,15,0,0
BRDA:196,16,0,0
BRDA:200,17,0,0
BRDA:215,18,0,0
BRDA:237,19,0,0
BRDA:237,19,1,0
BRDA:246,20,0,0
BRDA:250,21,0,0
BRDA:290,22,0,0
BRF:28
BRH:0
end_of_record
TN:
SF:server/recovery.ts
FN:9,generateToken
FN:24,requestPasswordReset
FN:65,verifyResetToken
FN:94,resetPassword
FNF:4
FNH:0
FNDA:0,generateToken
FNDA:0,requestPasswordReset
FNDA:0,verifyResetToken
FNDA:0,resetPassword
DA:2,0
DA:3,0
DA:6,0
DA:10,0
DA:11,0
DA:12,0
DA:14,0
DA:20,0
DA:24,0
DA:25,0
DA:26,0
DA:28,0
DA:29,0
DA:33,0
DA:37,0
DA:38,0
DA:44,0
DA:47,0
DA:49,0
DA:50,0
DA:51,0
DA:54,0
DA:59,0
DA:60,0
DA:65,0
DA:66,0
DA:67,0
DA:70,0
DA:71,0
DA:72,0
DA:76,0
DA:77,0
DA:78,0
DA:82,0
DA:88,0
DA:89,0
DA:94,0
DA:95,0
DA:96,0
DA:98,0
DA:99,0
DA:103,0
DA:104,0
DA:105,0
DA:109,0
DA:110,0
DA:111,0
DA:115,0
DA:116,0
DA:117,0
DA:123,0
DA:126,0
DA:129,0
DA:132,0
DA:133,0
LF:55
LH:0
BRDA:28,0,0,0
BRDA:28,1,0,0
BRDA:28,1,1,0
BRDA:37,2,0,0
BRDA:37,3,0,0
BRDA:37,3,1,0
BRDA:71,4,0,0
BRDA:76,5,0,0
BRDA:98,6,0,0
BRDA:98,7,0,0
BRDA:98,7,1,0
BRDA:104,8,0,0
BRDA:109,9,0,0
BRDA:116,10,0,0
BRF:14
BRH:0
end_of_record
TN:
SF:server/routes.ts
FN:38,formatTimeAgo
FN:53,generateAnalysisPrompt
FN:59,(anonymous_9)
FN:126,performAiAnalysis
FN:425,parseExcelCurriculumWithPricing
FN:489,(anonymous_12)
FN:510,(anonymous_13)
FN:579,(anonymous_14)
FN:579,(anonymous_15)
FN:636,parseExcelCurriculum
FN:733,requireAuth
FN:734,(anonymous_18)
FN:790,registerRoutes
FN:831,(anonymous_20)
FN:882,(anonymous_21)
FN:896,(anonymous_22)
FN:900,(anonymous_23)
FN:901,(anonymous_24)
FN:909,(anonymous_25)
FN:928,(anonymous_26)
FN:954,(anonymous_27)
FN:955,(anonymous_28)
FN:963,(anonymous_29)
FN:981,(anonymous_30)
FN:1073,(anonymous_31)
FN:1098,(anonymous_32)
FN:1132,(anonymous_33)
FN:1162,(anonymous_34)
FN:1176,(anonymous_35)
FN:1230,(anonymous_36)
FN:1234,(anonymous_37)
FN:1238,(anonymous_38)
FN:1243,(anonymous_39)
FN:1243,(anonymous_40)
FN:1258,(anonymous_41)
FN:1262,(anonymous_42)
FN:1279,(anonymous_43)
FN:1346,(anonymous_44)
FN:1418,(anonymous_45)
FN:1464,(anonymous_46)
FN:1471,(anonymous_47)
FN:1488,(anonymous_48)
FN:1517,(anonymous_49)
FN:1550,(anonymous_50)
FN:1587,(anonymous_51)
FN:1620,(anonymous_52)
FN:1666,(anonymous_53)
FN:1702,(anonymous_54)
FN:1734,(anonymous_55)
FN:1774,(anonymous_56)
FN:1810,(anonymous_57)
FN:1841,(anonymous_58)
FN:1842,(anonymous_59)
FN:1863,(anonymous_60)
FN:1895,(anonymous_61)
FN:1980,(anonymous_62)
FN:1986,(anonymous_63)
FN:1988,(anonymous_64)
FN:1993,(anonymous_65)
FN:1994,(anonymous_66)
FN:1995,(anonymous_67)
FN:1996,(anonymous_68)
FN:1997,(anonymous_69)
FN:1998,(anonymous_70)
FN:1999,(anonymous_71)
FN:2003,(anonymous_72)
FN:2004,(anonymous_73)
FN:2111,(anonymous_74)
FN:2156,(anonymous_75)
FN:2189,(anonymous_76)
FN:2237,(anonymous_77)
FN:2261,(anonymous_78)
FN:2326,(anonymous_79)
FN:2384,(anonymous_80)
FN:2417,(anonymous_81)
FN:2441,(anonymous_82)
FN:2458,(anonymous_83)
FN:2480,(anonymous_84)
FN:2504,(anonymous_85)
FN:2517,(anonymous_86)
FN:2545,(anonymous_87)
FN:2570,(anonymous_88)
FN:2604,(anonymous_89)
FN:2636,(anonymous_90)
FN:2641,(anonymous_91)
FN:2643,(anonymous_92)
FN:2652,(anonymous_93)
FN:2654,(anonymous_94)
FN:2663,(anonymous_95)
FN:2665,(anonymous_96)
FN:2675,(anonymous_97)
FN:2676,(anonymous_98)
FN:2699,(anonymous_99)
FN:2727,(anonymous_100)
FN:2734,(anonymous_101)
FN:2741,(anonymous_102)
FN:2774,(anonymous_103)
FN:2808,(anonymous_104)
FN:2817,(anonymous_105)
FN:2872,(anonymous_106)
FN:2895,(anonymous_107)
FN:2939,(anonymous_108)
FN:2969,(anonymous_109)
FN:3002,(anonymous_110)
FN:3046,(anonymous_111)
FN:3091,maskValue
FN:3096,isMasked
FN:3105,(anonymous_114)
FN:3133,(anonymous_115)
FN:3145,(anonymous_116)
FN:3173,(anonymous_117)
FN:3196,(anonymous_118)
FN:3213,(anonymous_119)
FN:3230,(anonymous_120)
FN:3258,(anonymous_121)
FN:3295,(anonymous_122)
FN:3402,(anonymous_123)
FN:3523,(anonymous_124)
FN:3541,(anonymous_125)
FN:3587,(anonymous_126)
FN:3615,getGooglePlaceType
FN:3631,searchTalezPlaces
FN:3658,(anonymous_129)
FN:3700,(anonymous_130)
FN:3728,(anonymous_131)
FN:3802,(anonymous_132)
FN:3837,(anonymous_133)
FN:3872,(anonymous_134)
FN:3873,(anonymous_135)
FN:3877,(anonymous_136)
FN:3920,(anonymous_137)
FN:3940,(anonymous_138)
FN:3957,(anonymous_139)
FN:3959,(anonymous_140)
FN:3968,(anonymous_141)
FN:3971,(anonymous_142)
FN:3984,(anonymous_143)
FN:3986,(anonymous_144)
FN:4041,(anonymous_145)
FN:4101,(anonymous_146)
FN:4108,(anonymous_147)
FN:4132,(anonymous_148)
FN:4150,(anonymous_149)
FN:4168,(anonymous_150)
FN:4191,(anonymous_151)
FN:4234,(anonymous_152)
FN:4280,(anonymous_153)
FN:4319,(anonymous_154)
FN:4405,(anonymous_155)
FN:4416,(anonymous_156)
FN:4427,(anonymous_157)
FN:4438,(anonymous_158)
FN:4450,(anonymous_159)
FN:4461,(anonymous_160)
FN:4472,(anonymous_161)
FN:4486,(anonymous_162)
FN:4491,(anonymous_163)
FN:4533,(anonymous_164)
FN:4588,(anonymous_165)
FN:4632,(anonymous_166)
FN:4687,(anonymous_167)
FN:4745,(anonymous_168)
FN:4799,(anonymous_169)
FN:4858,(anonymous_170)
FN:4882,(anonymous_171)
FN:4884,(anonymous_172)
FN:4908,(anonymous_173)
FN:4934,(anonymous_174)
FN:5005,(anonymous_175)
FN:5075,(anonymous_176)
FN:5131,(anonymous_177)
FN:5185,(anonymous_178)
FN:5227,(anonymous_179)
FN:5282,(anonymous_180)
FN:5340,(anonymous_181)
FN:5394,(anonymous_182)
FN:5453,(anonymous_183)
FN:5477,(anonymous_184)
FN:5479,(anonymous_185)
FN:5522,(anonymous_186)
FN:5548,(anonymous_187)
FN:5619,(anonymous_188)
FN:5689,(anonymous_189)
FN:5745,(anonymous_190)
FN:5783,(anonymous_191)
FN:5799,(anonymous_192)
FN:5830,(anonymous_193)
FN:5858,(anonymous_194)
FN:5888,(anonymous_195)
FN:5901,(anonymous_196)
FN:5931,(anonymous_197)
FN:5974,(anonymous_198)
FN:5974,(anonymous_199)
FN:5975,(anonymous_200)
FN:5977,(anonymous_201)
FN:5998,(anonymous_202)
FN:6010,(anonymous_203)
FN:6010,(anonymous_204)
FN:6011,(anonymous_205)
FN:6013,(anonymous_206)
FN:6042,(anonymous_207)
FN:6079,(anonymous_208)
FN:6101,(anonymous_209)
FN:6122,(anonymous_210)
FN:6169,(anonymous_211)
FN:6176,(anonymous_212)
FN:6187,(anonymous_213)
FN:6197,(anonymous_214)
FN:6219,(anonymous_215)
FN:6250,(anonymous_216)
FN:6317,(anonymous_217)
FN:6331,parseExcelCurriculumWithPricing
FN:6349,(anonymous_219)
FN:6447,(anonymous_220)
FN:6447,(anonymous_221)
FN:6471,(anonymous_222)
FN:6472,(anonymous_223)
FN:6499,(anonymous_224)
FN:6507,(anonymous_225)
FN:6514,(anonymous_226)
FN:6525,(anonymous_227)
FN:6535,(anonymous_228)
FN:6582,(anonymous_229)
FN:6596,(anonymous_230)
FN:6613,(anonymous_231)
FN:6655,(anonymous_232)
FN:6701,(anonymous_233)
FN:6716,(anonymous_234)
FN:6719,(anonymous_235)
FN:6729,(anonymous_236)
FN:6745,(anonymous_237)
FN:6753,(anonymous_238)
FN:6779,(anonymous_239)
FN:6813,(anonymous_240)
FN:6845,(anonymous_241)
FN:6873,(anonymous_242)
FN:6910,(anonymous_243)
FN:6949,(anonymous_244)
FN:6977,(anonymous_245)
FN:6997,(anonymous_246)
FN:7035,(anonymous_247)
FN:7046,(anonymous_248)
FN:7053,(anonymous_249)
FN:7055,(anonymous_250)
FN:7070,(anonymous_251)
FN:7168,(anonymous_252)
FN:7257,(anonymous_253)
FN:7261,(anonymous_254)
FN:7264,(anonymous_255)
FN:7288,(anonymous_256)
FN:7308,(anonymous_257)
FN:7312,(anonymous_258)
FN:7316,(anonymous_259)
FN:7333,(anonymous_260)
FN:7352,(anonymous_261)
FN:7372,(anonymous_262)
FN:7388,(anonymous_263)
FN:7405,(anonymous_264)
FN:7411,(anonymous_265)
FN:7419,(anonymous_266)
FN:7425,(anonymous_267)
FN:7448,(anonymous_268)
FN:7474,(anonymous_269)
FN:7495,(anonymous_270)
FN:7525,(anonymous_271)
FN:7554,(anonymous_272)
FN:7587,(anonymous_273)
FN:7610,(anonymous_274)
FN:7631,(anonymous_275)
FN:7635,(anonymous_276)
FN:7660,(anonymous_277)
FN:7671,(anonymous_278)
FN:7696,(anonymous_279)
FN:7721,(anonymous_280)
FN:7734,(anonymous_281)
FN:7744,(anonymous_282)
FN:7754,(anonymous_283)
FN:7764,(anonymous_284)
FN:7774,(anonymous_285)
FN:7786,(anonymous_286)
FN:7824,(anonymous_287)
FN:7857,(anonymous_288)
FN:7918,(anonymous_289)
FN:7937,(anonymous_290)
FN:7959,(anonymous_291)
FN:7996,(anonymous_292)
FN:8032,(anonymous_293)
FN:8051,(anonymous_294)
FN:8070,(anonymous_295)
FN:8118,(anonymous_296)
FN:8159,(anonymous_297)
FN:8171,(anonymous_298)
FN:8179,(anonymous_299)
FN:8221,(anonymous_300)
FN:8230,(anonymous_301)
FN:8237,(anonymous_302)
FN:8244,(anonymous_303)
FN:8250,(anonymous_304)
FN:8252,(anonymous_305)
FN:8294,(anonymous_306)
FN:8312,(anonymous_307)
FN:8334,(anonymous_308)
FN:8362,(anonymous_309)
FN:8404,(anonymous_310)
FN:8424,(anonymous_311)
FN:8463,(anonymous_312)
FN:8500,(anonymous_313)
FN:8527,(anonymous_314)
FN:8577,(anonymous_315)
FN:8647,(anonymous_316)
FN:8706,(anonymous_317)
FN:8758,(anonymous_318)
FN:8788,(anonymous_319)
FN:8796,(anonymous_320)
FN:8890,(anonymous_321)
FN:8895,(anonymous_322)
FN:8901,handleUserSearch
FN:8949,(anonymous_324)
FN:8955,(anonymous_325)
FN:8957,(anonymous_326)
FN:8964,(anonymous_327)
FN:8975,(anonymous_328)
FN:8991,(anonymous_329)
FN:8992,(anonymous_330)
FN:9005,(anonymous_331)
FN:9007,(anonymous_332)
FN:9040,(anonymous_333)
FN:9059,(anonymous_334)
FN:9076,(anonymous_335)
FN:9092,(anonymous_336)
FN:9094,(anonymous_337)
FN:9103,(anonymous_338)
FN:9125,(anonymous_339)
FN:9140,(anonymous_340)
FN:9269,(anonymous_341)
FN:9303,(anonymous_342)
FN:9401,(anonymous_343)
FN:9420,(anonymous_344)
FN:9436,(anonymous_345)
FN:9473,(anonymous_346)
FN:9490,(anonymous_347)
FN:9507,(anonymous_348)
FN:9552,(anonymous_349)
FN:9598,(anonymous_350)
FN:9635,(anonymous_351)
FN:9668,(anonymous_352)
FN:9703,(anonymous_353)
FN:9777,(anonymous_354)
FN:9817,(anonymous_355)
FN:9848,(anonymous_356)
FN:9879,(anonymous_357)
FN:9922,(anonymous_358)
FN:9956,(anonymous_359)
FN:9980,(anonymous_360)
FN:10003,(anonymous_361)
FN:10028,(anonymous_362)
FN:10052,(anonymous_363)
FN:10073,(anonymous_364)
FN:10093,(anonymous_365)
FN:10103,(anonymous_366)
FN:10113,(anonymous_367)
FN:10141,(anonymous_368)
FN:10155,(anonymous_369)
FN:10190,(anonymous_370)
FN:10211,(anonymous_371)
FN:10230,(anonymous_372)
FN:10247,(anonymous_373)
FN:10278,resolveTrendPeriod
FN:10292,computeStressScore
FN:10307,aggregateLogsByDate
FN:10342,(anonymous_377)
FN:10355,(anonymous_378)
FN:10359,summarizeSeries
FN:10378,(anonymous_380)
FN:10391,assertPetAccess
FN:10411,(anonymous_382)
FN:10438,(anonymous_383)
FN:10479,(anonymous_384)
FN:10506,(anonymous_385)
FN:10523,(anonymous_386)
FN:10524,(anonymous_387)
FN:10531,(anonymous_388)
FN:10560,(anonymous_389)
FN:10562,resolveAnalysisOwnerId
FN:10572,buildAnalysisPdfBuffer
FN:10604,pdfFilename
FN:10608,contentDisposition
FN:10613,(anonymous_394)
FN:10644,(anonymous_395)
FN:10693,(anonymous_396)
FN:10712,(anonymous_397)
FN:10717,(anonymous_398)
FN:10727,(anonymous_399)
FN:10746,(anonymous_400)
FN:10765,(anonymous_401)
FN:10791,(anonymous_402)
FN:10797,(anonymous_403)
FN:10803,(anonymous_404)
FN:10807,(anonymous_405)
FN:10812,(anonymous_406)
FN:10820,(anonymous_407)
FN:10824,(anonymous_408)
FN:10828,(anonymous_409)
FN:10891,(anonymous_410)
FN:10919,(anonymous_411)
FN:10955,(anonymous_412)
FN:10984,(anonymous_413)
FN:10989,(anonymous_414)
FN:10990,(anonymous_415)
FN:11015,(anonymous_416)
FN:11047,(anonymous_417)
FN:11050,(anonymous_418)
FN:11088,(anonymous_419)
FN:11111,(anonymous_420)
FN:11139,(anonymous_421)
FN:11140,(anonymous_422)
FN:11176,(anonymous_423)
FN:11180,(anonymous_424)
FN:11182,(anonymous_425)
FN:11183,(anonymous_426)
FN:11203,(anonymous_427)
FN:11226,(anonymous_428)
FN:11253,(anonymous_429)
FN:11255,(anonymous_430)
FN:11291,(anonymous_431)
FN:11335,(anonymous_432)
FN:11354,(anonymous_433)
FN:11382,(anonymous_434)
FN:11409,(anonymous_435)
FN:11431,(anonymous_436)
FN:11469,(anonymous_437)
FN:11511,(anonymous_438)
FN:11541,(anonymous_439)
FN:11568,(anonymous_440)
FN:11618,(anonymous_441)
FN:11625,(anonymous_442)
FN:11626,(anonymous_443)
FN:11627,(anonymous_444)
FN:11631,(anonymous_445)
FN:11649,(anonymous_446)
FN:11683,(anonymous_447)
FN:11686,(anonymous_448)
FN:11689,(anonymous_449)
FN:11690,(anonymous_450)
FN:11710,(anonymous_451)
FN:11730,(anonymous_452)
FN:11733,(anonymous_453)
FN:11738,(anonymous_454)
FN:11742,(anonymous_455)
FN:11757,(anonymous_456)
FN:11758,(anonymous_457)
FN:11774,(anonymous_458)
FN:11845,(anonymous_459)
FN:11865,(anonymous_460)
FN:11873,(anonymous_461)
FN:11896,(anonymous_462)
FN:11901,(anonymous_463)
FN:11927,(anonymous_464)
FN:11932,(anonymous_465)
FN:11957,(anonymous_466)
FN:11973,(anonymous_467)
FN:12003,(anonymous_468)
FN:12027,(anonymous_469)
FN:12072,(anonymous_470)
FN:12098,(anonymous_471)
FN:12109,(anonymous_472)
FN:12125,(anonymous_473)
FN:12136,(anonymous_474)
FN:12165,(anonymous_475)
FN:12180,(anonymous_476)
FN:12225,(anonymous_477)
FN:12245,(anonymous_478)
FN:12248,(anonymous_479)
FN:12264,(anonymous_480)
FN:12265,(anonymous_481)
FN:12297,(anonymous_482)
FN:12335,(anonymous_483)
FN:12348,(anonymous_484)
FN:12418,persistSuccessfulPayment
FN:12440,(anonymous_486)
FN:12493,(anonymous_487)
FN:12532,(anonymous_488)
FN:12649,(anonymous_489)
FN:12745,(anonymous_490)
FN:12779,(anonymous_491)
FN:12804,(anonymous_492)
FN:12836,(anonymous_493)
FN:12875,(anonymous_494)
FN:12885,(anonymous_495)
FN:12911,(anonymous_496)
FN:12948,(anonymous_497)
FN:13126,(anonymous_498)
FN:13132,(anonymous_499)
FN:13133,(anonymous_500)
FN:13134,(anonymous_501)
FN:13160,(anonymous_502)
FN:13174,(anonymous_503)
FN:13194,(anonymous_504)
FN:13241,(anonymous_505)
FN:13296,(anonymous_506)
FN:13324,(anonymous_507)
FN:13338,(anonymous_508)
FN:13381,(anonymous_509)
FN:13400,(anonymous_510)
FN:13426,(anonymous_511)
FN:13463,(anonymous_512)
FN:13490,(anonymous_513)
FN:13517,(anonymous_514)
FN:13569,(anonymous_515)
FN:13611,(anonymous_516)
FN:13627,(anonymous_517)
FN:13644,(anonymous_518)
FN:13667,(anonymous_519)
FN:13683,(anonymous_520)
FN:13753,(anonymous_521)
FN:13811,(anonymous_522)
FN:13828,(anonymous_523)
FN:13829,(anonymous_524)
FN:13844,(anonymous_525)
FN:13845,(anonymous_526)
FN:13858,(anonymous_527)
FN:13879,(anonymous_528)
FN:13893,(anonymous_529)
FN:13979,(anonymous_530)
FN:13992,(anonymous_531)
FN:14041,(anonymous_532)
FN:14055,(anonymous_533)
FN:14085,(anonymous_534)
FN:14111,(anonymous_535)
FN:14131,(anonymous_536)
FN:14221,(anonymous_537)
FN:14369,(anonymous_538)
FN:14388,(anonymous_539)
FN:14398,(anonymous_540)
FN:14428,(anonymous_541)
FN:14435,(anonymous_542)
FN:14447,(anonymous_543)
FN:14466,(anonymous_544)
FN:14473,(anonymous_545)
FN:14485,(anonymous_546)
FN:14504,(anonymous_547)
FN:14632,(anonymous_548)
FN:14657,(anonymous_549)
FN:14680,(anonymous_550)
FN:14693,(anonymous_551)
FN:14697,(anonymous_552)
FN:14710,(anonymous_553)
FN:14740,(anonymous_554)
FN:14760,(anonymous_555)
FN:14826,(anonymous_556)
FN:14866,(anonymous_557)
FN:14869,(anonymous_558)
FN:14972,(anonymous_559)
FN:15146,(anonymous_560)
FN:15147,(anonymous_561)
FN:15211,(anonymous_562)
FN:15239,(anonymous_563)
FN:15268,(anonymous_564)
FN:15285,(anonymous_565)
FN:15366,(anonymous_566)
FN:15383,(anonymous_567)
FN:15436,(anonymous_568)
FN:15439,(anonymous_569)
FN:15513,(anonymous_570)
FN:15691,(anonymous_571)
FN:15733,(anonymous_572)
FN:15765,(anonymous_573)
FN:15821,(anonymous_574)
FN:15880,(anonymous_575)
FN:15881,(anonymous_576)
FN:15882,(anonymous_577)
FN:15962,(anonymous_578)
FN:16056,(anonymous_579)
FN:16067,(anonymous_580)
FN:16105,(anonymous_581)
FN:16116,(anonymous_582)
FN:16120,(anonymous_583)
FN:16149,(anonymous_584)
FN:16188,(anonymous_585)
FN:16240,(anonymous_586)
FN:16251,(anonymous_587)
FN:16290,(anonymous_588)
FN:16307,(anonymous_589)
FN:16324,(anonymous_590)
FN:16342,(anonymous_591)
FN:16375,(anonymous_592)
FN:16393,(anonymous_593)
FN:16413,(anonymous_594)
FN:16431,(anonymous_595)
FN:16449,(anonymous_596)
FN:16467,(anonymous_597)
FN:16488,(anonymous_598)
FN:16506,(anonymous_599)
FN:16526,(anonymous_600)
FN:16544,(anonymous_601)
FN:16562,(anonymous_602)
FN:16581,(anonymous_603)
FN:16764,(anonymous_604)
FN:16800,(anonymous_605)
FN:16878,(anonymous_606)
FN:16925,(anonymous_607)
FN:17053,parseRealExcelContent
FN:17161,(anonymous_609)
FN:17340,(anonymous_610)
FN:17341,(anonymous_611)
FN:17350,registerTrainerCertificationRoutes
FN:17352,(anonymous_613)
FN:17388,(anonymous_614)
FN:17414,(anonymous_615)
FN:17434,(anonymous_616)
FN:17560,(anonymous_617)
FN:17580,(anonymous_618)
FN:17599,(anonymous_619)
FN:17625,(anonymous_620)
FN:17640,(anonymous_621)
FN:17673,(anonymous_622)
FN:17680,(anonymous_623)
FN:17703,(anonymous_624)
FN:17723,(anonymous_625)
FN:17749,(anonymous_626)
FN:17829,(anonymous_627)
FN:17932,(anonymous_628)
FN:17957,(anonymous_629)
FN:18008,(anonymous_630)
FN:18031,(anonymous_631)
FN:18058,(anonymous_632)
FN:18096,(anonymous_633)
FN:18104,(anonymous_634)
FN:18105,(anonymous_635)
FN:18106,(anonymous_636)
FN:18108,(anonymous_637)
FN:18124,(anonymous_638)
FN:18131,(anonymous_639)
FN:18132,(anonymous_640)
FN:18133,(anonymous_641)
FN:18135,(anonymous_642)
FN:18136,(anonymous_643)
FN:18137,(anonymous_644)
FN:18153,(anonymous_645)
FN:18186,(anonymous_646)
FN:18187,(anonymous_647)
FN:18188,(anonymous_648)
FN:18192,(anonymous_649)
FN:18197,(anonymous_650)
FN:18197,(anonymous_651)
FN:18205,(anonymous_652)
FN:18257,(anonymous_653)
FN:18262,(anonymous_654)
FN:18262,(anonymous_655)
FN:18265,(anonymous_656)
FN:18289,(anonymous_657)
FN:18342,(anonymous_658)
FN:18405,(anonymous_659)
FN:18413,(anonymous_660)
FN:18451,(anonymous_661)
FN:18492,(anonymous_662)
FN:18542,(anonymous_663)
FN:18589,(anonymous_664)
FN:18655,(anonymous_665)
FN:18696,(anonymous_666)
FN:18746,(anonymous_667)
FN:18793,(anonymous_668)
FN:18800,(anonymous_669)
FN:18865,(anonymous_670)
FN:18878,(anonymous_671)
FN:18919,(anonymous_672)
FN:18932,(anonymous_673)
FN:18955,(anonymous_674)
FN:18968,(anonymous_675)
FN:19010,(anonymous_676)
FN:19014,(anonymous_677)
FN:19015,(anonymous_678)
FN:19064,(anonymous_679)
FN:19084,(anonymous_680)
FN:19100,(anonymous_681)
FN:19121,(anonymous_682)
FN:19140,(anonymous_683)
FN:19142,(anonymous_684)
FN:19178,(anonymous_685)
FN:19190,(anonymous_686)
FN:19209,(anonymous_687)
FN:19242,(anonymous_688)
FN:19242,(anonymous_689)
FN:19245,(anonymous_690)
FN:19262,(anonymous_691)
FN:19315,(anonymous_692)
FN:19349,getSampleNewsArticles
FN:19458,(anonymous_694)
FN:19471,(anonymous_695)
FN:19471,(anonymous_696)
FN:19474,(anonymous_697)
FN:19479,(anonymous_698)
FN:19479,(anonymous_699)
FN:19482,(anonymous_700)
FN:19487,(anonymous_701)
FN:19487,(anonymous_702)
FN:19491,(anonymous_703)
FN:19496,(anonymous_704)
FN:19496,(anonymous_705)
FN:19499,(anonymous_706)
FN:19506,(anonymous_707)
FN:19539,(anonymous_708)
FN:19584,(anonymous_709)
FN:19621,(anonymous_710)
FN:19670,(anonymous_711)
FN:19733,(anonymous_712)
FN:19748,(anonymous_713)
FN:19767,(anonymous_714)
FN:19780,(anonymous_715)
FN:19806,(anonymous_716)
FN:19821,(anonymous_717)
FN:19832,(anonymous_718)
FN:19874,(anonymous_719)
FN:19931,(anonymous_720)
FN:19968,(anonymous_721)
FN:20014,(anonymous_722)
FN:20045,(anonymous_723)
FN:20070,(anonymous_724)
FN:20095,(anonymous_725)
FN:20117,(anonymous_726)
FN:20139,(anonymous_727)
FN:20183,(anonymous_728)
FN:20211,(anonymous_729)
FN:20233,(anonymous_730)
FN:20268,(anonymous_731)
FN:20268,(anonymous_732)
FN:20276,(anonymous_733)
FN:20319,(anonymous_734)
FN:20339,(anonymous_735)
FN:20363,(anonymous_736)
FN:20388,(anonymous_737)
FN:20409,(anonymous_738)
FN:20422,(anonymous_739)
FN:20459,(anonymous_740)
FN:20488,(anonymous_741)
FN:20519,(anonymous_742)
FN:20542,(anonymous_743)
FN:20567,(anonymous_744)
FN:20592,(anonymous_745)
FN:20622,(anonymous_746)
FN:20652,(anonymous_747)
FN:20680,(anonymous_748)
FN:20707,(anonymous_749)
FN:20741,(anonymous_750)
FN:20762,(anonymous_751)
FN:20804,(anonymous_752)
FN:20804,(anonymous_753)
FN:20814,(anonymous_754)
FN:20825,(anonymous_755)
FN:20826,(anonymous_756)
FN:20830,(anonymous_757)
FN:20866,(anonymous_758)
FN:20867,(anonymous_759)
FN:20890,(anonymous_760)
FN:20892,(anonymous_761)
FN:20909,(anonymous_762)
FN:20964,(anonymous_763)
FN:20968,(anonymous_764)
FN:21051,(anonymous_765)
FN:21087,(anonymous_766)
FN:21109,(anonymous_767)
FN:21132,(anonymous_768)
FN:21182,(anonymous_769)
FNF:763
FNH:0
FNDA:0,formatTimeAgo
FNDA:0,generateAnalysisPrompt
FNDA:0,(anonymous_9)
FNDA:0,performAiAnalysis
FNDA:0,parseExcelCurriculumWithPricing
FNDA:0,(anonymous_12)
FNDA:0,(anonymous_13)
FNDA:0,(anonymous_14)
FNDA:0,(anonymous_15)
FNDA:0,parseExcelCurriculum
FNDA:0,requireAuth
FNDA:0,(anonymous_18)
FNDA:0,registerRoutes
FNDA:0,(anonymous_20)
FNDA:0,(anonymous_21)
FNDA:0,(anonymous_22)
FNDA:0,(anonymous_23)
FNDA:0,(anonymous_24)
FNDA:0,(anonymous_25)
FNDA:0,(anonymous_26)
FNDA:0,(anonymous_27)
FNDA:0,(anonymous_28)
FNDA:0,(anonymous_29)
FNDA:0,(anonymous_30)
FNDA:0,(anonymous_31)
FNDA:0,(anonymous_32)
FNDA:0,(anonymous_33)
FNDA:0,(anonymous_34)
FNDA:0,(anonymous_35)
FNDA:0,(anonymous_36)
FNDA:0,(anonymous_37)
FNDA:0,(anonymous_38)
FNDA:0,(anonymous_39)
FNDA:0,(anonymous_40)
FNDA:0,(anonymous_41)
FNDA:0,(anonymous_42)
FNDA:0,(anonymous_43)
FNDA:0,(anonymous_44)
FNDA:0,(anonymous_45)
FNDA:0,(anonymous_46)
FNDA:0,(anonymous_47)
FNDA:0,(anonymous_48)
FNDA:0,(anonymous_49)
FNDA:0,(anonymous_50)
FNDA:0,(anonymous_51)
FNDA:0,(anonymous_52)
FNDA:0,(anonymous_53)
FNDA:0,(anonymous_54)
FNDA:0,(anonymous_55)
FNDA:0,(anonymous_56)
FNDA:0,(anonymous_57)
FNDA:0,(anonymous_58)
FNDA:0,(anonymous_59)
FNDA:0,(anonymous_60)
FNDA:0,(anonymous_61)
FNDA:0,(anonymous_62)
FNDA:0,(anonymous_63)
FNDA:0,(anonymous_64)
FNDA:0,(anonymous_65)
FNDA:0,(anonymous_66)
FNDA:0,(anonymous_67)
FNDA:0,(anonymous_68)
FNDA:0,(anonymous_69)
FNDA:0,(anonymous_70)
FNDA:0,(anonymous_71)
FNDA:0,(anonymous_72)
FNDA:0,(anonymous_73)
FNDA:0,(anonymous_74)
FNDA:0,(anonymous_75)
FNDA:0,(anonymous_76)
FNDA:0,(anonymous_77)
FNDA:0,(anonymous_78)
FNDA:0,(anonymous_79)
FNDA:0,(anonymous_80)
FNDA:0,(anonymous_81)
FNDA:0,(anonymous_82)
FNDA:0,(anonymous_83)
FNDA:0,(anonymous_84)
FNDA:0,(anonymous_85)
FNDA:0,(anonymous_86)
FNDA:0,(anonymous_87)
FNDA:0,(anonymous_88)
FNDA:0,(anonymous_89)
FNDA:0,(anonymous_90)
FNDA:0,(anonymous_91)
FNDA:0,(anonymous_92)
FNDA:0,(anonymous_93)
FNDA:0,(anonymous_94)
FNDA:0,(anonymous_95)
FNDA:0,(anonymous_96)
FNDA:0,(anonymous_97)
FNDA:0,(anonymous_98)
FNDA:0,(anonymous_99)
FNDA:0,(anonymous_100)
FNDA:0,(anonymous_101)
FNDA:0,(anonymous_102)
FNDA:0,(anonymous_103)
FNDA:0,(anonymous_104)
FNDA:0,(anonymous_105)
FNDA:0,(anonymous_106)
FNDA:0,(anonymous_107)
FNDA:0,(anonymous_108)
FNDA:0,(anonymous_109)
FNDA:0,(anonymous_110)
FNDA:0,(anonymous_111)
FNDA:0,maskValue
FNDA:0,isMasked
FNDA:0,(anonymous_114)
FNDA:0,(anonymous_115)
FNDA:0,(anonymous_116)
FNDA:0,(anonymous_117)
FNDA:0,(anonymous_118)
FNDA:0,(anonymous_119)
FNDA:0,(anonymous_120)
FNDA:0,(anonymous_121)
FNDA:0,(anonymous_122)
FNDA:0,(anonymous_123)
FNDA:0,(anonymous_124)
FNDA:0,(anonymous_125)
FNDA:0,(anonymous_126)
FNDA:0,getGooglePlaceType
FNDA:0,searchTalezPlaces
FNDA:0,(anonymous_129)
FNDA:0,(anonymous_130)
FNDA:0,(anonymous_131)
FNDA:0,(anonymous_132)
FNDA:0,(anonymous_133)
FNDA:0,(anonymous_134)
FNDA:0,(anonymous_135)
FNDA:0,(anonymous_136)
FNDA:0,(anonymous_137)
FNDA:0,(anonymous_138)
FNDA:0,(anonymous_139)
FNDA:0,(anonymous_140)
FNDA:0,(anonymous_141)
FNDA:0,(anonymous_142)
FNDA:0,(anonymous_143)
FNDA:0,(anonymous_144)
FNDA:0,(anonymous_145)
FNDA:0,(anonymous_146)
FNDA:0,(anonymous_147)
FNDA:0,(anonymous_148)
FNDA:0,(anonymous_149)
FNDA:0,(anonymous_150)
FNDA:0,(anonymous_151)
FNDA:0,(anonymous_152)
FNDA:0,(anonymous_153)
FNDA:0,(anonymous_154)
FNDA:0,(anonymous_155)
FNDA:0,(anonymous_156)
FNDA:0,(anonymous_157)
FNDA:0,(anonymous_158)
FNDA:0,(anonymous_159)
FNDA:0,(anonymous_160)
FNDA:0,(anonymous_161)
FNDA:0,(anonymous_162)
FNDA:0,(anonymous_163)
FNDA:0,(anonymous_164)
FNDA:0,(anonymous_165)
FNDA:0,(anonymous_166)
FNDA:0,(anonymous_167)
FNDA:0,(anonymous_168)
FNDA:0,(anonymous_169)
FNDA:0,(anonymous_170)
FNDA:0,(anonymous_171)
FNDA:0,(anonymous_172)
FNDA:0,(anonymous_173)
FNDA:0,(anonymous_174)
FNDA:0,(anonymous_175)
FNDA:0,(anonymous_176)
FNDA:0,(anonymous_177)
FNDA:0,(anonymous_178)
FNDA:0,(anonymous_179)
FNDA:0,(anonymous_180)
FNDA:0,(anonymous_181)
FNDA:0,(anonymous_182)
FNDA:0,(anonymous_183)
FNDA:0,(anonymous_184)
FNDA:0,(anonymous_185)
FNDA:0,(anonymous_186)
FNDA:0,(anonymous_187)
FNDA:0,(anonymous_188)
FNDA:0,(anonymous_189)
FNDA:0,(anonymous_190)
FNDA:0,(anonymous_191)
FNDA:0,(anonymous_192)
FNDA:0,(anonymous_193)
FNDA:0,(anonymous_194)
FNDA:0,(anonymous_195)
FNDA:0,(anonymous_196)
FNDA:0,(anonymous_197)
FNDA:0,(anonymous_198)
FNDA:0,(anonymous_199)
FNDA:0,(anonymous_200)
FNDA:0,(anonymous_201)
FNDA:0,(anonymous_202)
FNDA:0,(anonymous_203)
FNDA:0,(anonymous_204)
FNDA:0,(anonymous_205)
FNDA:0,(anonymous_206)
FNDA:0,(anonymous_207)
FNDA:0,(anonymous_208)
FNDA:0,(anonymous_209)
FNDA:0,(anonymous_210)
FNDA:0,(anonymous_211)
FNDA:0,(anonymous_212)
FNDA:0,(anonymous_213)
FNDA:0,(anonymous_214)
FNDA:0,(anonymous_215)
FNDA:0,(anonymous_216)
FNDA:0,(anonymous_217)
FNDA:0,parseExcelCurriculumWithPricing
FNDA:0,(anonymous_219)
FNDA:0,(anonymous_220)
FNDA:0,(anonymous_221)
FNDA:0,(anonymous_222)
FNDA:0,(anonymous_223)
FNDA:0,(anonymous_224)
FNDA:0,(anonymous_225)
FNDA:0,(anonymous_226)
FNDA:0,(anonymous_227)
FNDA:0,(anonymous_228)
FNDA:0,(anonymous_229)
FNDA:0,(anonymous_230)
FNDA:0,(anonymous_231)
FNDA:0,(anonymous_232)
FNDA:0,(anonymous_233)
FNDA:0,(anonymous_234)
FNDA:0,(anonymous_235)
FNDA:0,(anonymous_236)
FNDA:0,(anonymous_237)
FNDA:0,(anonymous_238)
FNDA:0,(anonymous_239)
FNDA:0,(anonymous_240)
FNDA:0,(anonymous_241)
FNDA:0,(anonymous_242)
FNDA:0,(anonymous_243)
FNDA:0,(anonymous_244)
FNDA:0,(anonymous_245)
FNDA:0,(anonymous_246)
FNDA:0,(anonymous_247)
FNDA:0,(anonymous_248)
FNDA:0,(anonymous_249)
FNDA:0,(anonymous_250)
FNDA:0,(anonymous_251)
FNDA:0,(anonymous_252)
FNDA:0,(anonymous_253)
FNDA:0,(anonymous_254)
FNDA:0,(anonymous_255)
FNDA:0,(anonymous_256)
FNDA:0,(anonymous_257)
FNDA:0,(anonymous_258)
FNDA:0,(anonymous_259)
FNDA:0,(anonymous_260)
FNDA:0,(anonymous_261)
FNDA:0,(anonymous_262)
FNDA:0,(anonymous_263)
FNDA:0,(anonymous_264)
FNDA:0,(anonymous_265)
FNDA:0,(anonymous_266)
FNDA:0,(anonymous_267)
FNDA:0,(anonymous_268)
FNDA:0,(anonymous_269)
FNDA:0,(anonymous_270)
FNDA:0,(anonymous_271)
FNDA:0,(anonymous_272)
FNDA:0,(anonymous_273)
FNDA:0,(anonymous_274)
FNDA:0,(anonymous_275)
FNDA:0,(anonymous_276)
FNDA:0,(anonymous_277)
FNDA:0,(anonymous_278)
FNDA:0,(anonymous_279)
FNDA:0,(anonymous_280)
FNDA:0,(anonymous_281)
FNDA:0,(anonymous_282)
FNDA:0,(anonymous_283)
FNDA:0,(anonymous_284)
FNDA:0,(anonymous_285)
FNDA:0,(anonymous_286)
FNDA:0,(anonymous_287)
FNDA:0,(anonymous_288)
FNDA:0,(anonymous_289)
FNDA:0,(anonymous_290)
FNDA:0,(anonymous_291)
FNDA:0,(anonymous_292)
FNDA:0,(anonymous_293)
FNDA:0,(anonymous_294)
FNDA:0,(anonymous_295)
FNDA:0,(anonymous_296)
FNDA:0,(anonymous_297)
FNDA:0,(anonymous_298)
FNDA:0,(anonymous_299)
FNDA:0,(anonymous_300)
FNDA:0,(anonymous_301)
FNDA:0,(anonymous_302)
FNDA:0,(anonymous_303)
FNDA:0,(anonymous_304)
FNDA:0,(anonymous_305)
FNDA:0,(anonymous_306)
FNDA:0,(anonymous_307)
FNDA:0,(anonymous_308)
FNDA:0,(anonymous_309)
FNDA:0,(anonymous_310)
FNDA:0,(anonymous_311)
FNDA:0,(anonymous_312)
FNDA:0,(anonymous_313)
FNDA:0,(anonymous_314)
FNDA:0,(anonymous_315)
FNDA:0,(anonymous_316)
FNDA:0,(anonymous_317)
FNDA:0,(anonymous_318)
FNDA:0,(anonymous_319)
FNDA:0,(anonymous_320)
FNDA:0,(anonymous_321)
FNDA:0,(anonymous_322)
FNDA:0,handleUserSearch
FNDA:0,(anonymous_324)
FNDA:0,(anonymous_325)
FNDA:0,(anonymous_326)
FNDA:0,(anonymous_327)
FNDA:0,(anonymous_328)
FNDA:0,(anonymous_329)
FNDA:0,(anonymous_330)
FNDA:0,(anonymous_331)
FNDA:0,(anonymous_332)
FNDA:0,(anonymous_333)
FNDA:0,(anonymous_334)
FNDA:0,(anonymous_335)
FNDA:0,(anonymous_336)
FNDA:0,(anonymous_337)
FNDA:0,(anonymous_338)
FNDA:0,(anonymous_339)
FNDA:0,(anonymous_340)
FNDA:0,(anonymous_341)
FNDA:0,(anonymous_342)
FNDA:0,(anonymous_343)
FNDA:0,(anonymous_344)
FNDA:0,(anonymous_345)
FNDA:0,(anonymous_346)
FNDA:0,(anonymous_347)
FNDA:0,(anonymous_348)
FNDA:0,(anonymous_349)
FNDA:0,(anonymous_350)
FNDA:0,(anonymous_351)
FNDA:0,(anonymous_352)
FNDA:0,(anonymous_353)
FNDA:0,(anonymous_354)
FNDA:0,(anonymous_355)
FNDA:0,(anonymous_356)
FNDA:0,(anonymous_357)
FNDA:0,(anonymous_358)
FNDA:0,(anonymous_359)
FNDA:0,(anonymous_360)
FNDA:0,(anonymous_361)
FNDA:0,(anonymous_362)
FNDA:0,(anonymous_363)
FNDA:0,(anonymous_364)
FNDA:0,(anonymous_365)
FNDA:0,(anonymous_366)
FNDA:0,(anonymous_367)
FNDA:0,(anonymous_368)
FNDA:0,(anonymous_369)
FNDA:0,(anonymous_370)
FNDA:0,(anonymous_371)
FNDA:0,(anonymous_372)
FNDA:0,(anonymous_373)
FNDA:0,resolveTrendPeriod
FNDA:0,computeStressScore
FNDA:0,aggregateLogsByDate
FNDA:0,(anonymous_377)
FNDA:0,(anonymous_378)
FNDA:0,summarizeSeries
FNDA:0,(anonymous_380)
FNDA:0,assertPetAccess
FNDA:0,(anonymous_382)
FNDA:0,(anonymous_383)
FNDA:0,(anonymous_384)
FNDA:0,(anonymous_385)
FNDA:0,(anonymous_386)
FNDA:0,(anonymous_387)
FNDA:0,(anonymous_388)
FNDA:0,(anonymous_389)
FNDA:0,resolveAnalysisOwnerId
FNDA:0,buildAnalysisPdfBuffer
FNDA:0,pdfFilename
FNDA:0,contentDisposition
FNDA:0,(anonymous_394)
FNDA:0,(anonymous_395)
FNDA:0,(anonymous_396)
FNDA:0,(anonymous_397)
FNDA:0,(anonymous_398)
FNDA:0,(anonymous_399)
FNDA:0,(anonymous_400)
FNDA:0,(anonymous_401)
FNDA:0,(anonymous_402)
FNDA:0,(anonymous_403)
FNDA:0,(anonymous_404)
FNDA:0,(anonymous_405)
FNDA:0,(anonymous_406)
FNDA:0,(anonymous_407)
FNDA:0,(anonymous_408)
FNDA:0,(anonymous_409)
FNDA:0,(anonymous_410)
FNDA:0,(anonymous_411)
FNDA:0,(anonymous_412)
FNDA:0,(anonymous_413)
FNDA:0,(anonymous_414)
FNDA:0,(anonymous_415)
FNDA:0,(anonymous_416)
FNDA:0,(anonymous_417)
FNDA:0,(anonymous_418)
FNDA:0,(anonymous_419)
FNDA:0,(anonymous_420)
FNDA:0,(anonymous_421)
FNDA:0,(anonymous_422)
FNDA:0,(anonymous_423)
FNDA:0,(anonymous_424)
FNDA:0,(anonymous_425)
FNDA:0,(anonymous_426)
FNDA:0,(anonymous_427)
FNDA:0,(anonymous_428)
FNDA:0,(anonymous_429)
FNDA:0,(anonymous_430)
FNDA:0,(anonymous_431)
FNDA:0,(anonymous_432)
FNDA:0,(anonymous_433)
FNDA:0,(anonymous_434)
FNDA:0,(anonymous_435)
FNDA:0,(anonymous_436)
FNDA:0,(anonymous_437)
FNDA:0,(anonymous_438)
FNDA:0,(anonymous_439)
FNDA:0,(anonymous_440)
FNDA:0,(anonymous_441)
FNDA:0,(anonymous_442)
FNDA:0,(anonymous_443)
FNDA:0,(anonymous_444)
FNDA:0,(anonymous_445)
FNDA:0,(anonymous_446)
FNDA:0,(anonymous_447)
FNDA:0,(anonymous_448)
FNDA:0,(anonymous_449)
FNDA:0,(anonymous_450)
FNDA:0,(anonymous_451)
FNDA:0,(anonymous_452)
FNDA:0,(anonymous_453)
FNDA:0,(anonymous_454)
FNDA:0,(anonymous_455)
FNDA:0,(anonymous_456)
FNDA:0,(anonymous_457)
FNDA:0,(anonymous_458)
FNDA:0,(anonymous_459)
FNDA:0,(anonymous_460)
FNDA:0,(anonymous_461)
FNDA:0,(anonymous_462)
FNDA:0,(anonymous_463)
FNDA:0,(anonymous_464)
FNDA:0,(anonymous_465)
FNDA:0,(anonymous_466)
FNDA:0,(anonymous_467)
FNDA:0,(anonymous_468)
FNDA:0,(anonymous_469)
FNDA:0,(anonymous_470)
FNDA:0,(anonymous_471)
FNDA:0,(anonymous_472)
FNDA:0,(anonymous_473)
FNDA:0,(anonymous_474)
FNDA:0,(anonymous_475)
FNDA:0,(anonymous_476)
FNDA:0,(anonymous_477)
FNDA:0,(anonymous_478)
FNDA:0,(anonymous_479)
FNDA:0,(anonymous_480)
FNDA:0,(anonymous_481)
FNDA:0,(anonymous_482)
FNDA:0,(anonymous_483)
FNDA:0,(anonymous_484)
FNDA:0,persistSuccessfulPayment
FNDA:0,(anonymous_486)
FNDA:0,(anonymous_487)
FNDA:0,(anonymous_488)
FNDA:0,(anonymous_489)
FNDA:0,(anonymous_490)
FNDA:0,(anonymous_491)
FNDA:0,(anonymous_492)
FNDA:0,(anonymous_493)
FNDA:0,(anonymous_494)
FNDA:0,(anonymous_495)
FNDA:0,(anonymous_496)
FNDA:0,(anonymous_497)
FNDA:0,(anonymous_498)
FNDA:0,(anonymous_499)
FNDA:0,(anonymous_500)
FNDA:0,(anonymous_501)
FNDA:0,(anonymous_502)
FNDA:0,(anonymous_503)
FNDA:0,(anonymous_504)
FNDA:0,(anonymous_505)
FNDA:0,(anonymous_506)
FNDA:0,(anonymous_507)
FNDA:0,(anonymous_508)
FNDA:0,(anonymous_509)
FNDA:0,(anonymous_510)
FNDA:0,(anonymous_511)
FNDA:0,(anonymous_512)
FNDA:0,(anonymous_513)
FNDA:0,(anonymous_514)
FNDA:0,(anonymous_515)
FNDA:0,(anonymous_516)
FNDA:0,(anonymous_517)
FNDA:0,(anonymous_518)
FNDA:0,(anonymous_519)
FNDA:0,(anonymous_520)
FNDA:0,(anonymous_521)
FNDA:0,(anonymous_522)
FNDA:0,(anonymous_523)
FNDA:0,(anonymous_524)
FNDA:0,(anonymous_525)
FNDA:0,(anonymous_526)
FNDA:0,(anonymous_527)
FNDA:0,(anonymous_528)
FNDA:0,(anonymous_529)
FNDA:0,(anonymous_530)
FNDA:0,(anonymous_531)
FNDA:0,(anonymous_532)
FNDA:0,(anonymous_533)
FNDA:0,(anonymous_534)
FNDA:0,(anonymous_535)
FNDA:0,(anonymous_536)
FNDA:0,(anonymous_537)
FNDA:0,(anonymous_538)
FNDA:0,(anonymous_539)
FNDA:0,(anonymous_540)
FNDA:0,(anonymous_541)
FNDA:0,(anonymous_542)
FNDA:0,(anonymous_543)
FNDA:0,(anonymous_544)
FNDA:0,(anonymous_545)
FNDA:0,(anonymous_546)
FNDA:0,(anonymous_547)
FNDA:0,(anonymous_548)
FNDA:0,(anonymous_549)
FNDA:0,(anonymous_550)
FNDA:0,(anonymous_551)
FNDA:0,(anonymous_552)
FNDA:0,(anonymous_553)
FNDA:0,(anonymous_554)
FNDA:0,(anonymous_555)
FNDA:0,(anonymous_556)
FNDA:0,(anonymous_557)
FNDA:0,(anonymous_558)
FNDA:0,(anonymous_559)
FNDA:0,(anonymous_560)
FNDA:0,(anonymous_561)
FNDA:0,(anonymous_562)
FNDA:0,(anonymous_563)
FNDA:0,(anonymous_564)
FNDA:0,(anonymous_565)
FNDA:0,(anonymous_566)
FNDA:0,(anonymous_567)
FNDA:0,(anonymous_568)
FNDA:0,(anonymous_569)
FNDA:0,(anonymous_570)
FNDA:0,(anonymous_571)
FNDA:0,(anonymous_572)
FNDA:0,(anonymous_573)
FNDA:0,(anonymous_574)
FNDA:0,(anonymous_575)
FNDA:0,(anonymous_576)
FNDA:0,(anonymous_577)
FNDA:0,(anonymous_578)
FNDA:0,(anonymous_579)
FNDA:0,(anonymous_580)
FNDA:0,(anonymous_581)
FNDA:0,(anonymous_582)
FNDA:0,(anonymous_583)
FNDA:0,(anonymous_584)
FNDA:0,(anonymous_585)
FNDA:0,(anonymous_586)
FNDA:0,(anonymous_587)
FNDA:0,(anonymous_588)
FNDA:0,(anonymous_589)
FNDA:0,(anonymous_590)
FNDA:0,(anonymous_591)
FNDA:0,(anonymous_592)
FNDA:0,(anonymous_593)
FNDA:0,(anonymous_594)
FNDA:0,(anonymous_595)
FNDA:0,(anonymous_596)
FNDA:0,(anonymous_597)
FNDA:0,(anonymous_598)
FNDA:0,(anonymous_599)
FNDA:0,(anonymous_600)
FNDA:0,(anonymous_601)
FNDA:0,(anonymous_602)
FNDA:0,(anonymous_603)
FNDA:0,(anonymous_604)
FNDA:0,(anonymous_605)
FNDA:0,(anonymous_606)
FNDA:0,(anonymous_607)
FNDA:0,parseRealExcelContent
FNDA:0,(anonymous_609)
FNDA:0,(anonymous_610)
FNDA:0,(anonymous_611)
FNDA:0,registerTrainerCertificationRoutes
FNDA:0,(anonymous_613)
FNDA:0,(anonymous_614)
FNDA:0,(anonymous_615)
FNDA:0,(anonymous_616)
FNDA:0,(anonymous_617)
FNDA:0,(anonymous_618)
FNDA:0,(anonymous_619)
FNDA:0,(anonymous_620)
FNDA:0,(anonymous_621)
FNDA:0,(anonymous_622)
FNDA:0,(anonymous_623)
FNDA:0,(anonymous_624)
FNDA:0,(anonymous_625)
FNDA:0,(anonymous_626)
FNDA:0,(anonymous_627)
FNDA:0,(anonymous_628)
FNDA:0,(anonymous_629)
FNDA:0,(anonymous_630)
FNDA:0,(anonymous_631)
FNDA:0,(anonymous_632)
FNDA:0,(anonymous_633)
FNDA:0,(anonymous_634)
FNDA:0,(anonymous_635)
FNDA:0,(anonymous_636)
FNDA:0,(anonymous_637)
FNDA:0,(anonymous_638)
FNDA:0,(anonymous_639)
FNDA:0,(anonymous_640)
FNDA:0,(anonymous_641)
FNDA:0,(anonymous_642)
FNDA:0,(anonymous_643)
FNDA:0,(anonymous_644)
FNDA:0,(anonymous_645)
FNDA:0,(anonymous_646)
FNDA:0,(anonymous_647)
FNDA:0,(anonymous_648)
FNDA:0,(anonymous_649)
FNDA:0,(anonymous_650)
FNDA:0,(anonymous_651)
FNDA:0,(anonymous_652)
FNDA:0,(anonymous_653)
FNDA:0,(anonymous_654)
FNDA:0,(anonymous_655)
FNDA:0,(anonymous_656)
FNDA:0,(anonymous_657)
FNDA:0,(anonymous_658)
FNDA:0,(anonymous_659)
FNDA:0,(anonymous_660)
FNDA:0,(anonymous_661)
FNDA:0,(anonymous_662)
FNDA:0,(anonymous_663)
FNDA:0,(anonymous_664)
FNDA:0,(anonymous_665)
FNDA:0,(anonymous_666)
FNDA:0,(anonymous_667)
FNDA:0,(anonymous_668)
FNDA:0,(anonymous_669)
FNDA:0,(anonymous_670)
FNDA:0,(anonymous_671)
FNDA:0,(anonymous_672)
FNDA:0,(anonymous_673)
FNDA:0,(anonymous_674)
FNDA:0,(anonymous_675)
FNDA:0,(anonymous_676)
FNDA:0,(anonymous_677)
FNDA:0,(anonymous_678)
FNDA:0,(anonymous_679)
FNDA:0,(anonymous_680)
FNDA:0,(anonymous_681)
FNDA:0,(anonymous_682)
FNDA:0,(anonymous_683)
FNDA:0,(anonymous_684)
FNDA:0,(anonymous_685)
FNDA:0,(anonymous_686)
FNDA:0,(anonymous_687)
FNDA:0,(anonymous_688)
FNDA:0,(anonymous_689)
FNDA:0,(anonymous_690)
FNDA:0,(anonymous_691)
FNDA:0,(anonymous_692)
FNDA:0,getSampleNewsArticles
FNDA:0,(anonymous_694)
FNDA:0,(anonymous_695)
FNDA:0,(anonymous_696)
FNDA:0,(anonymous_697)
FNDA:0,(anonymous_698)
FNDA:0,(anonymous_699)
FNDA:0,(anonymous_700)
FNDA:0,(anonymous_701)
FNDA:0,(anonymous_702)
FNDA:0,(anonymous_703)
FNDA:0,(anonymous_704)
FNDA:0,(anonymous_705)
FNDA:0,(anonymous_706)
FNDA:0,(anonymous_707)
FNDA:0,(anonymous_708)
FNDA:0,(anonymous_709)
FNDA:0,(anonymous_710)
FNDA:0,(anonymous_711)
FNDA:0,(anonymous_712)
FNDA:0,(anonymous_713)
FNDA:0,(anonymous_714)
FNDA:0,(anonymous_715)
FNDA:0,(anonymous_716)
FNDA:0,(anonymous_717)
FNDA:0,(anonymous_718)
FNDA:0,(anonymous_719)
FNDA:0,(anonymous_720)
FNDA:0,(anonymous_721)
FNDA:0,(anonymous_722)
FNDA:0,(anonymous_723)
FNDA:0,(anonymous_724)
FNDA:0,(anonymous_725)
FNDA:0,(anonymous_726)
FNDA:0,(anonymous_727)
FNDA:0,(anonymous_728)
FNDA:0,(anonymous_729)
FNDA:0,(anonymous_730)
FNDA:0,(anonymous_731)
FNDA:0,(anonymous_732)
FNDA:0,(anonymous_733)
FNDA:0,(anonymous_734)
FNDA:0,(anonymous_735)
FNDA:0,(anonymous_736)
FNDA:0,(anonymous_737)
FNDA:0,(anonymous_738)
FNDA:0,(anonymous_739)
FNDA:0,(anonymous_740)
FNDA:0,(anonymous_741)
FNDA:0,(anonymous_742)
FNDA:0,(anonymous_743)
FNDA:0,(anonymous_744)
FNDA:0,(anonymous_745)
FNDA:0,(anonymous_746)
FNDA:0,(anonymous_747)
FNDA:0,(anonymous_748)
FNDA:0,(anonymous_749)
FNDA:0,(anonymous_750)
FNDA:0,(anonymous_751)
FNDA:0,(anonymous_752)
FNDA:0,(anonymous_753)
FNDA:0,(anonymous_754)
FNDA:0,(anonymous_755)
FNDA:0,(anonymous_756)
FNDA:0,(anonymous_757)
FNDA:0,(anonymous_758)
FNDA:0,(anonymous_759)
FNDA:0,(anonymous_760)
FNDA:0,(anonymous_761)
FNDA:0,(anonymous_762)
FNDA:0,(anonymous_763)
FNDA:0,(anonymous_764)
FNDA:0,(anonymous_765)
FNDA:0,(anonymous_766)
FNDA:0,(anonymous_767)
FNDA:0,(anonymous_768)
FNDA:0,(anonymous_769)
DA:2,0
DA:3,0
DA:4,0
DA:5,0
DA:6,0
DA:7,0
DA:8,0
DA:9,0
DA:10,0
DA:11,0
DA:12,0
DA:14,0
DA:15,0
DA:16,0
DA:17,0
DA:19,0
DA:20,0
DA:21,0
DA:22,0
DA:23,0
DA:24,0
DA:26,0
DA:29,0
DA:30,0
DA:31,0
DA:39,0
DA:40,0
DA:41,0
DA:42,0
DA:43,0
DA:45,0
DA:46,0
DA:47,0
DA:48,0
DA:49,0
DA:54,0
DA:59,0
DA:60,0
DA:62,0
DA:63,0
DA:66,0
DA:67,0
DA:70,0
DA:71,0
DA:74,0
DA:75,0
DA:78,0
DA:79,0
DA:82,0
DA:83,0
DA:86,0
DA:87,0
DA:91,0
DA:112,0
DA:116,0
DA:128,0
DA:129,0
DA:132,0
DA:134,0
DA:136,0
DA:138,0
DA:140,0
DA:153,0
DA:154,0
DA:157,0
DA:158,0
DA:159,0
DA:162,0
DA:163,0
DA:165,0
DA:166,0
DA:169,0
DA:171,0
DA:182,0
DA:187,0
DA:189,0
DA:211,0
DA:212,0
DA:213,0
DA:216,0
DA:217,0
DA:218,0
DA:219,0
DA:222,0
DA:223,0
DA:234,0
DA:241,0
DA:257,0
DA:258,0
DA:264,0
DA:271,0
DA:274,0
DA:289,0
DA:290,0
DA:292,0
DA:293,0
DA:294,0
DA:295,0
DA:372,0
DA:382,0
DA:389,0
DA:390,0
DA:392,0
DA:393,0
DA:394,0
DA:396,0
DA:397,0
DA:398,0
DA:399,0
DA:400,0
DA:401,0
DA:402,0
DA:403,0
DA:404,0
DA:405,0
DA:406,0
DA:408,0
DA:414,0
DA:415,0
DA:416,0
DA:417,0
DA:426,0
DA:427,0
DA:428,0
DA:430,0
DA:431,0
DA:432,0
DA:433,0
DA:434,0
DA:435,0
DA:436,0
DA:439,0
DA:440,0
DA:441,0
DA:442,0
DA:447,0
DA:448,0
DA:449,0
DA:450,0
DA:451,0
DA:456,0
DA:457,0
DA:458,0
DA:460,0
DA:461,0
DA:462,0
DA:464,0
DA:465,0
DA:466,0
DA:467,0
DA:468,0
DA:469,0
DA:470,0
DA:471,0
DA:472,0
DA:473,0
DA:474,0
DA:481,0
DA:482,0
DA:485,0
DA:486,0
DA:487,0
DA:489,0
DA:491,0
DA:493,0
DA:494,0
DA:495,0
DA:496,0
DA:501,0
DA:502,0
DA:503,0
DA:505,0
DA:506,0
DA:507,0
DA:510,0
DA:511,0
DA:513,0
DA:515,0
DA:516,0
DA:517,0
DA:518,0
DA:519,0
DA:522,0
DA:524,0
DA:525,0
DA:527,0
DA:529,0
DA:530,0
DA:532,0
DA:533,0
DA:535,0
DA:536,0
DA:538,0
DA:539,0
DA:540,0
DA:542,0
DA:544,0
DA:545,0
DA:546,0
DA:548,0
DA:549,0
DA:550,0
DA:552,0
DA:554,0
DA:558,0
DA:559,0
DA:579,0
DA:582,0
DA:583,0
DA:585,0
DA:586,0
DA:593,0
DA:595,0
DA:596,0
DA:602,0
DA:603,0
DA:604,0
DA:620,0
DA:630,0
DA:631,0
DA:637,0
DA:639,0
DA:640,0
DA:641,0
DA:642,0
DA:643,0
DA:644,0
DA:645,0
DA:648,0
DA:649,0
DA:653,0
DA:654,0
DA:658,0
DA:659,0
DA:660,0
DA:661,0
DA:663,0
DA:666,0
DA:667,0
DA:668,0
DA:669,0
DA:672,0
DA:673,0
DA:674,0
DA:675,0
DA:676,0
DA:679,0
DA:693,0
DA:694,0
DA:699,0
DA:700,0
DA:701,0
DA:717,0
DA:727,0
DA:728,0
DA:734,0
DA:736,0
DA:737,0
DA:738,0
DA:745,0
DA:749,0
DA:750,0
DA:751,0
DA:752,0
DA:760,0
DA:761,0
DA:765,0
DA:773,0
DA:775,0
DA:777,0
DA:778,0
DA:779,0
DA:782,0
DA:784,0
DA:787,0
DA:790,0
DA:793,0
DA:796,0
DA:797,0
DA:798,0
DA:799,0
DA:800,0
DA:801,0
DA:803,0
DA:811,0
DA:812,0
DA:815,0
DA:818,0
DA:821,0
DA:824,0
DA:831,0
DA:832,0
DA:833,0
DA:834,0
DA:835,0
DA:839,0
DA:843,0
DA:844,0
DA:847,0
DA:850,0
DA:851,0
DA:854,0
DA:855,0
DA:856,0
DA:860,0
DA:861,0
DA:862,0
DA:866,0
DA:871,0
DA:876,0
DA:877,0
DA:882,0
DA:883,0
DA:884,0
DA:885,0
DA:886,0
DA:890,0
DA:896,0
DA:899,0
DA:900,0
DA:901,0
DA:903,0
DA:909,0
DA:922,0
DA:923,0
DA:928,0
DA:929,0
DA:930,0
DA:931,0
DA:932,0
DA:936,0
DA:953,0
DA:954,0
DA:955,0
DA:957,0
DA:963,0
DA:975,0
DA:976,0
DA:981,0
DA:982,0
DA:983,0
DA:985,0
DA:986,0
DA:993,0
DA:997,0
DA:998,0
DA:1002,0
DA:1003,0
DA:1007,0
DA:1014,0
DA:1015,0
DA:1019,0
DA:1030,0
DA:1040,0
DA:1042,0
DA:1052,0
DA:1053,0
DA:1058,0
DA:1061,0
DA:1064,0
DA:1065,0
DA:1068,0
DA:1074,0
DA:1075,0
DA:1078,0
DA:1087,0
DA:1089,0
DA:1090,0
DA:1092,0
DA:1098,0
DA:1099,0
DA:1100,0
DA:1102,0
DA:1103,0
DA:1110,0
DA:1113,0
DA:1115,0
DA:1122,0
DA:1129,0
DA:1132,0
DA:1133,0
DA:1134,0
DA:1137,0
DA:1143,0
DA:1158,0
DA:1161,0
DA:1162,0
DA:1163,0
DA:1164,0
DA:1168,0
DA:1176,0
DA:1177,0
DA:1178,0
DA:1180,0
DA:1182,0
DA:1183,0
DA:1190,0
DA:1210,0
DA:1212,0
DA:1214,0
DA:1221,0
DA:1222,0
DA:1230,0
DA:1231,0
DA:1234,0
DA:1235,0
DA:1236,0
DA:1238,0
DA:1243,0
DA:1250,0
DA:1252,0
DA:1253,0
DA:1258,0
DA:1259,0
DA:1260,0
DA:1262,0
DA:1271,0
DA:1273,0
DA:1274,0
DA:1279,0
DA:1280,0
DA:1281,0
DA:1284,0
DA:1285,0
DA:1292,0
DA:1293,0
DA:1294,0
DA:1301,0
DA:1302,0
DA:1303,0
DA:1310,0
DA:1321,0
DA:1323,0
DA:1325,0
DA:1337,0
DA:1338,0
DA:1346,0
DA:1347,0
DA:1348,0
DA:1349,0
DA:1352,0
DA:1353,0
DA:1354,0
DA:1361,0
DA:1362,0
DA:1363,0
DA:1370,0
DA:1371,0
DA:1372,0
DA:1373,0
DA:1381,0
DA:1388,0
DA:1389,0
DA:1395,0
DA:1397,0
DA:1409,0
DA:1410,0
DA:1418,0
DA:1419,0
DA:1420,0
DA:1423,0
DA:1424,0
DA:1425,0
DA:1432,0
DA:1433,0
DA:1440,0
DA:1442,0
DA:1443,0
DA:1444,0
DA:1449,0
DA:1455,0
DA:1456,0
DA:1464,0
DA:1465,0
DA:1466,0
DA:1467,0
DA:1468,0
DA:1469,0
DA:1471,0
DA:1482,0
DA:1483,0
DA:1488,0
DA:1489,0
DA:1490,0
DA:1491,0
DA:1493,0
DA:1494,0
DA:1495,0
DA:1498,0
DA:1499,0
DA:1502,0
DA:1508,0
DA:1509,0
DA:1511,0
DA:1512,0
DA:1517,0
DA:1518,0
DA:1519,0
DA:1520,0
DA:1521,0
DA:1523,0
DA:1524,0
DA:1525,0
DA:1528,0
DA:1529,0
DA:1532,0
DA:1539,0
DA:1540,0
DA:1542,0
DA:1543,0
DA:1550,0
DA:1551,0
DA:1552,0
DA:1553,0
DA:1555,0
DA:1556,0
DA:1560,0
DA:1567,0
DA:1568,0
DA:1571,0
DA:1578,0
DA:1579,0
DA:1581,0
DA:1582,0
DA:1587,0
DA:1588,0
DA:1589,0
DA:1590,0
DA:1592,0
DA:1593,0
DA:1596,0
DA:1611,0
DA:1612,0
DA:1614,0
DA:1615,0
DA:1620,0
DA:1621,0
DA:1622,0
DA:1623,0
DA:1624,0
DA:1626,0
DA:1629,0
DA:1630,0
DA:1633,0
DA:1634,0
DA:1638,0
DA:1645,0
DA:1653,0
DA:1657,0
DA:1658,0
DA:1660,0
DA:1661,0
DA:1666,0
DA:1667,0
DA:1668,0
DA:1669,0
DA:1670,0
DA:1671,0
DA:1673,0
DA:1676,0
DA:1677,0
DA:1680,0
DA:1681,0
DA:1684,0
DA:1691,0
DA:1692,0
DA:1694,0
DA:1695,0
DA:1702,0
DA:1703,0
DA:1704,0
DA:1705,0
DA:1708,0
DA:1710,0
DA:1711,0
DA:1714,0
DA:1725,0
DA:1726,0
DA:1728,0
DA:1729,0
DA:1734,0
DA:1735,0
DA:1736,0
DA:1737,0
DA:1739,0
DA:1757,0
DA:1758,0
DA:1759,0
DA:1760,0
DA:1763,0
DA:1765,0
DA:1766,0
DA:1768,0
DA:1769,0
DA:1774,0
DA:1775,0
DA:1776,0
DA:1777,0
DA:1778,0
DA:1780,0
DA:1783,0
DA:1784,0
DA:1788,0
DA:1789,0
DA:1792,0
DA:1793,0
DA:1794,0
DA:1795,0
DA:1796,0
DA:1798,0
DA:1801,0
DA:1802,0
DA:1804,0
DA:1805,0
DA:1810,0
DA:1811,0
DA:1813,0
DA:1827,0
DA:1840,0
DA:1841,0
DA:1842,0
DA:1847,0
DA:1848,0
DA:1857,0
DA:1858,0
DA:1863,0
DA:1864,0
DA:1865,0
DA:1867,0
DA:1884,0
DA:1885,0
DA:1887,0
DA:1888,0
DA:1895,0
DA:1896,0
DA:1910,0
DA:1913,0
DA:1914,0
DA:1920,0
DA:1921,0
DA:1922,0
DA:1928,0
DA:1952,0
DA:1955,0
DA:1957,0
DA:1958,0
DA:1959,0
DA:1960,0
DA:1963,0
DA:1972,0
DA:1973,0
DA:1980,0
DA:1981,0
DA:1982,0
DA:1983,0
DA:1984,0
DA:1986,0
DA:1987,0
DA:1988,0
DA:1991,0
DA:1993,0
DA:1994,0
DA:1995,0
DA:1996,0
DA:1997,0
DA:1998,0
DA:1999,0
DA:2003,0
DA:2004,0
DA:2006,0
DA:2009,0
DA:2059,0
DA:2065,0
DA:2068,0
DA:2078,0
DA:2088,0
DA:2098,0
DA:2101,0
DA:2102,0
DA:2111,0
DA:2112,0
DA:2113,0
DA:2114,0
DA:2116,0
DA:2117,0
DA:2118,0
DA:2123,0
DA:2132,0
DA:2134,0
DA:2135,0
DA:2140,0
DA:2148,0
DA:2149,0
DA:2156,0
DA:2157,0
DA:2158,0
DA:2159,0
DA:2161,0
DA:2164,0
DA:2166,0
DA:2167,0
DA:2172,0
DA:2174,0
DA:2181,0
DA:2182,0
DA:2189,0
DA:2190,0
DA:2191,0
DA:2192,0
DA:2194,0
DA:2195,0
DA:2196,0
DA:2202,0
DA:2213,0
DA:2220,0
DA:2222,0
DA:2229,0
DA:2230,0
DA:2237,0
DA:2238,0
DA:2239,0
DA:2241,0
DA:2242,0
DA:2243,0
DA:2248,0
DA:2253,0
DA:2254,0
DA:2261,0
DA:2262,0
DA:2263,0
DA:2264,0
DA:2267,0
DA:2268,0
DA:2269,0
DA:2275,0
DA:2287,0
DA:2301,0
DA:2303,0
DA:2304,0
DA:2309,0
DA:2318,0
DA:2319,0
DA:2326,0
DA:2327,0
DA:2328,0
DA:2329,0
DA:2332,0
DA:2333,0
DA:2334,0
DA:2340,0
DA:2341,0
DA:2342,0
DA:2348,0
DA:2363,0
DA:2366,0
DA:2368,0
DA:2376,0
DA:2377,0
DA:2384,0
DA:2385,0
DA:2386,0
DA:2389,0
DA:2390,0
DA:2392,0
DA:2393,0
DA:2397,0
DA:2398,0
DA:2399,0
DA:2400,0
DA:2404,0
DA:2406,0
DA:2407,0
DA:2412,0
DA:2417,0
DA:2418,0
DA:2419,0
DA:2420,0
DA:2423,0
DA:2424,0
DA:2425,0
DA:2428,0
DA:2430,0
DA:2431,0
DA:2436,0
DA:2441,0
DA:2442,0
DA:2443,0
DA:2445,0
DA:2447,0
DA:2448,0
DA:2453,0
DA:2458,0
DA:2459,0
DA:2460,0
DA:2461,0
DA:2463,0
DA:2464,0
DA:2466,0
DA:2472,0
DA:2473,0
DA:2480,0
DA:2481,0
DA:2482,0
DA:2485,0
DA:2487,0
DA:2489,0
DA:2496,0
DA:2497,0
DA:2504,0
DA:2505,0
DA:2506,0
DA:2507,0
DA:2509,0
DA:2510,0
DA:2517,0
DA:2518,0
DA:2519,0
DA:2520,0
DA:2522,0
DA:2523,0
DA:2525,0
DA:2527,0
DA:2528,0
DA:2529,0
DA:2532,0
DA:2534,0
DA:2536,0
DA:2537,0
DA:2545,0
DA:2546,0
DA:2547,0
DA:2549,0
DA:2551,0
DA:2553,0
DA:2554,0
DA:2557,0
DA:2562,0
DA:2563,0
DA:2570,0
DA:2571,0
DA:2572,0
DA:2573,0
DA:2575,0
DA:2577,0
DA:2578,0
DA:2581,0
DA:2586,0
DA:2587,0
DA:2590,0
DA:2596,0
DA:2597,0
DA:2604,0
DA:2605,0
DA:2606,0
DA:2608,0
DA:2610,0
DA:2615,0
DA:2616,0
DA:2619,0
DA:2625,0
DA:2626,0
DA:2636,0
DA:2637,0
DA:2639,0
DA:2640,0
DA:2641,0
DA:2643,0
DA:2651,0
DA:2652,0
DA:2654,0
DA:2662,0
DA:2663,0
DA:2665,0
DA:2673,0
DA:2674,0
DA:2675,0
DA:2676,0
DA:2684,0
DA:2691,0
DA:2693,0
DA:2694,0
DA:2699,0
DA:2700,0
DA:2702,0
DA:2703,0
DA:2704,0
DA:2705,0
DA:2706,0
DA:2707,0
DA:2711,0
DA:2712,0
DA:2713,0
DA:2714,0
DA:2717,0
DA:2718,0
DA:2719,0
DA:2721,0
DA:2722,0
DA:2723,0
DA:2724,0
DA:2727,0
DA:2728,0
DA:2729,0
DA:2730,0
DA:2734,0
DA:2735,0
DA:2736,0
DA:2737,0
DA:2741,0
DA:2742,0
DA:2743,0
DA:2744,0
DA:2747,0
DA:2748,0
DA:2749,0
DA:2752,0
DA:2761,0
DA:2768,0
DA:2769,0
DA:2774,0
DA:2775,0
DA:2776,0
DA:2777,0
DA:2779,0
DA:2800,0
DA:2802,0
DA:2803,0
DA:2808,0
DA:2809,0
DA:2810,0
DA:2811,0
DA:2812,0
DA:2815,0
DA:2816,0
DA:2817,0
DA:2818,0
DA:2819,0
DA:2822,0
DA:2855,0
DA:2862,0
DA:2864,0
DA:2865,0
DA:2872,0
DA:2873,0
DA:2874,0
DA:2876,0
DA:2878,0
DA:2879,0
DA:2880,0
DA:2882,0
DA:2885,0
DA:2886,0
DA:2889,0
DA:2890,0
DA:2895,0
DA:2896,0
DA:2897,0
DA:2898,0
DA:2901,0
DA:2903,0
DA:2905,0
DA:2913,0
DA:2914,0
DA:2917,0
DA:2927,0
DA:2928,0
DA:2931,0
DA:2932,0
DA:2939,0
DA:2940,0
DA:2942,0
DA:2954,0
DA:2961,0
DA:2963,0
DA:2964,0
DA:2969,0
DA:2970,0
DA:2971,0
DA:2972,0
DA:2975,0
DA:2976,0
DA:2977,0
DA:2978,0
DA:2979,0
DA:2980,0
DA:2981,0
DA:2982,0
DA:2983,0
DA:2985,0
DA:2994,0
DA:2996,0
DA:2997,0
DA:3002,0
DA:3003,0
DA:3004,0
DA:3006,0
DA:3007,0
DA:3011,0
DA:3012,0
DA:3013,0
DA:3014,0
DA:3016,0
DA:3017,0
DA:3023,0
DA:3035,0
DA:3040,0
DA:3041,0
DA:3046,0
DA:3047,0
DA:3048,0
DA:3050,0
DA:3051,0
DA:3055,0
DA:3056,0
DA:3057,0
DA:3058,0
DA:3059,0
DA:3061,0
DA:3062,0
DA:3068,0
DA:3080,0
DA:3085,0
DA:3086,0
DA:3092,0
DA:3093,0
DA:3097,0
DA:3105,0
DA:3106,0
DA:3107,0
DA:3110,0
DA:3115,0
DA:3121,0
DA:3123,0
DA:3124,0
DA:3125,0
DA:3127,0
DA:3133,0
DA:3134,0
DA:3135,0
DA:3137,0
DA:3139,0
DA:3140,0
DA:3145,0
DA:3146,0
DA:3147,0
DA:3148,0
DA:3149,0
DA:3152,0
DA:3153,0
DA:3154,0
DA:3158,0
DA:3159,0
DA:3163,0
DA:3165,0
DA:3167,0
DA:3168,0
DA:3173,0
DA:3174,0
DA:3175,0
DA:3176,0
DA:3177,0
DA:3180,0
DA:3181,0
DA:3182,0
DA:3186,0
DA:3188,0
DA:3190,0
DA:3191,0
DA:3196,0
DA:3197,0
DA:3198,0
DA:3200,0
DA:3202,0
DA:3207,0
DA:3208,0
DA:3213,0
DA:3214,0
DA:3215,0
DA:3217,0
DA:3219,0
DA:3224,0
DA:3225,0
DA:3230,0
DA:3231,0
DA:3232,0
DA:3234,0
DA:3236,0
DA:3248,0
DA:3249,0
DA:3258,0
DA:3259,0
DA:3260,0
DA:3261,0
DA:3262,0
DA:3265,0
DA:3266,0
DA:3268,0
DA:3270,0
DA:3288,0
DA:3292,0
DA:3295,0
DA:3296,0
DA:3297,0
DA:3299,0
DA:3300,0
DA:3301,0
DA:3310,0
DA:3311,0
DA:3312,0
DA:3320,0
DA:3329,0
DA:3330,0
DA:3331,0
DA:3332,0
DA:3333,0
DA:3335,0
DA:3338,0
DA:3339,0
DA:3343,0
DA:3370,0
DA:3371,0
DA:3372,0
DA:3375,0
DA:3377,0
DA:3387,0
DA:3389,0
DA:3402,0
DA:3403,0
DA:3404,0
DA:3406,0
DA:3407,0
DA:3410,0
DA:3412,0
DA:3413,0
DA:3429,0
DA:3430,0
DA:3433,0
DA:3436,0
DA:3437,0
DA:3438,0
DA:3440,0
DA:3441,0
DA:3442,0
DA:3452,0
DA:3453,0
DA:3454,0
DA:3455,0
DA:3463,0
DA:3472,0
DA:3473,0
DA:3474,0
DA:3475,0
DA:3476,0
DA:3478,0
DA:3481,0
DA:3482,0
DA:3486,0
DA:3511,0
DA:3512,0
DA:3515,0
DA:3517,0
DA:3518,0
DA:3523,0
DA:3524,0
DA:3525,0
DA:3527,0
DA:3529,0
DA:3534,0
DA:3535,0
DA:3540,0
DA:3541,0
DA:3542,0
DA:3543,0
DA:3545,0
DA:3547,0
DA:3548,0
DA:3549,0
DA:3552,0
DA:3553,0
DA:3554,0
DA:3557,0
DA:3558,0
DA:3561,0
DA:3568,0
DA:3570,0
DA:3572,0
DA:3573,0
DA:3574,0
DA:3575,0
DA:3578,0
DA:3579,0
DA:3581,0
DA:3582,0
DA:3583,0
DA:3587,0
DA:3602,0
DA:3603,0
DA:3606,0
DA:3607,0
DA:3616,0
DA:3618,0
DA:3620,0
DA:3621,0
DA:3622,0
DA:3623,0
DA:3624,0
DA:3625,0
DA:3627,0
DA:3632,0
DA:3633,0
DA:3635,0
DA:3656,0
DA:3658,0
DA:3672,0
DA:3674,0
DA:3698,0
DA:3700,0
DA:3719,0
DA:3721,0
DA:3722,0
DA:3727,0
DA:3728,0
DA:3729,0
DA:3731,0
DA:3733,0
DA:3734,0
DA:3737,0
DA:3738,0
DA:3739,0
DA:3740,0
DA:3743,0
DA:3744,0
DA:3745,0
DA:3746,0
DA:3750,0
DA:3752,0
DA:3753,0
DA:3754,0
DA:3757,0
DA:3761,0
DA:3770,0
DA:3772,0
DA:3775,0
DA:3783,0
DA:3785,0
DA:3787,0
DA:3788,0
DA:3789,0
DA:3790,0
DA:3793,0
DA:3794,0
DA:3796,0
DA:3797,0
DA:3798,0
DA:3802,0
DA:3823,0
DA:3824,0
DA:3827,0
DA:3828,0
DA:3836,0
DA:3837,0
DA:3838,0
DA:3841,0
DA:3843,0
DA:3845,0
DA:3846,0
DA:3849,0
DA:3851,0
DA:3852,0
DA:3853,0
DA:3856,0
DA:3858,0
DA:3859,0
DA:3860,0
DA:3873,0
DA:3877,0
DA:3897,0
DA:3902,0
DA:3903,0
DA:3905,0
DA:3913,0
DA:3914,0
DA:3915,0
DA:3919,0
DA:3920,0
DA:3922,0
DA:3924,0
DA:3925,0
DA:3929,0
DA:3931,0
DA:3932,0
DA:3935,0
DA:3937,0
DA:3940,0
DA:3941,0
DA:3942,0
DA:3943,0
DA:3944,0
DA:3945,0
DA:3946,0
DA:3947,0
DA:3948,0
DA:3949,0
DA:3950,0
DA:3951,0
DA:3954,0
DA:3956,0
DA:3959,0
DA:3960,0
DA:3961,0
DA:3962,0
DA:3965,0
DA:3968,0
DA:3971,0
DA:3972,0
DA:3977,0
DA:3979,0
DA:3981,0
DA:3986,0
DA:3987,0
DA:3990,0
DA:4016,0
DA:4017,0
DA:4020,0
DA:4021,0
DA:4026,0
DA:4028,0
DA:4029,0
DA:4032,0
DA:4034,0
DA:4035,0
DA:4041,0
DA:4042,0
DA:4043,0
DA:4045,0
DA:4047,0
DA:4048,0
DA:4051,0
DA:4052,0
DA:4053,0
DA:4056,0
DA:4057,0
DA:4060,0
DA:4067,0
DA:4069,0
DA:4071,0
DA:4072,0
DA:4073,0
DA:4074,0
DA:4077,0
DA:4078,0
DA:4080,0
DA:4081,0
DA:4082,0
DA:4085,0
DA:4088,0
DA:4101,0
DA:4109,0
DA:4110,0
DA:4119,0
DA:4120,0
DA:4123,0
DA:4124,0
DA:4132,0
DA:4133,0
DA:4134,0
DA:4135,0
DA:4137,0
DA:4139,0
DA:4144,0
DA:4145,0
DA:4150,0
DA:4151,0
DA:4152,0
DA:4154,0
DA:4156,0
DA:4162,0
DA:4163,0
DA:4168,0
DA:4169,0
DA:4170,0
DA:4172,0
DA:4174,0
DA:4176,0
DA:4182,0
DA:4183,0
DA:4191,0
DA:4192,0
DA:4193,0
DA:4194,0
DA:4196,0
DA:4197,0
DA:4200,0
DA:4202,0
DA:4203,0
DA:4207,0
DA:4208,0
DA:4212,0
DA:4223,0
DA:4228,0
DA:4229,0
DA:4234,0
DA:4235,0
DA:4236,0
DA:4237,0
DA:4239,0
DA:4241,0
DA:4242,0
DA:4249,0
DA:4250,0
DA:4258,0
DA:4259,0
DA:4260,0
DA:4268,0
DA:4269,0
DA:4277,0
DA:4279,0
DA:4280,0
DA:4285,0
DA:4294,0
DA:4299,0
DA:4301,0
DA:4303,0
DA:4309,0
DA:4310,0
DA:4319,0
DA:4320,0
DA:4321,0
DA:4322,0
DA:4324,0
DA:4326,0
DA:4327,0
DA:4334,0
DA:4335,0
DA:4343,0
DA:4344,0
DA:4345,0
DA:4353,0
DA:4354,0
DA:4362,0
DA:4363,0
DA:4367,0
DA:4377,0
DA:4379,0
DA:4380,0
DA:4387,0
DA:4389,0
DA:4395,0
DA:4396,0
DA:4405,0
DA:4406,0
DA:4407,0
DA:4408,0
DA:4409,0
DA:4411,0
DA:4412,0
DA:4416,0
DA:4417,0
DA:4418,0
DA:4419,0
DA:4420,0
DA:4422,0
DA:4423,0
DA:4427,0
DA:4428,0
DA:4429,0
DA:4430,0
DA:4431,0
DA:4433,0
DA:4434,0
DA:4438,0
DA:4439,0
DA:4440,0
DA:4441,0
DA:4442,0
DA:4444,0
DA:4445,0
DA:4450,0
DA:4451,0
DA:4452,0
DA:4453,0
DA:4454,0
DA:4456,0
DA:4457,0
DA:4461,0
DA:4462,0
DA:4463,0
DA:4464,0
DA:4465,0
DA:4467,0
DA:4468,0
DA:4472,0
DA:4473,0
DA:4474,0
DA:4475,0
DA:4476,0
DA:4478,0
DA:4479,0
DA:4486,0
DA:4487,0
DA:4488,0
DA:4491,0
DA:4492,0
DA:4494,0
DA:4510,0
DA:4517,0
DA:4519,0
DA:4524,0
DA:4525,0
DA:4533,0
DA:4534,0
DA:4536,0
DA:4537,0
DA:4540,0
DA:4541,0
DA:4548,0
DA:4549,0
DA:4550,0
DA:4557,0
DA:4565,0
DA:4572,0
DA:4573,0
DA:4574,0
DA:4580,0
DA:4588,0
DA:4589,0
DA:4591,0
DA:4592,0
DA:4595,0
DA:4596,0
DA:4597,0
DA:4598,0
DA:4602,0
DA:4604,0
DA:4616,0
DA:4617,0
DA:4618,0
DA:4624,0
DA:4632,0
DA:4633,0
DA:4634,0
DA:4635,0
DA:4637,0
DA:4638,0
DA:4644,0
DA:4645,0
DA:4646,0
DA:4653,0
DA:4654,0
DA:4661,0
DA:4662,0
DA:4667,0
DA:4668,0
DA:4669,0
DA:4672,0
DA:4678,0
DA:4679,0
DA:4687,0
DA:4688,0
DA:4689,0
DA:4690,0
DA:4692,0
DA:4693,0
DA:4700,0
DA:4701,0
DA:4702,0
DA:4709,0
DA:4710,0
DA:4717,0
DA:4720,0
DA:4722,0
DA:4729,0
DA:4730,0
DA:4731,0
DA:4737,0
DA:4745,0
DA:4746,0
DA:4747,0
DA:4748,0
DA:4750,0
DA:4751,0
DA:4758,0
DA:4759,0
DA:4760,0
DA:4767,0
DA:4768,0
DA:4775,0
DA:4777,0
DA:4778,0
DA:4783,0
DA:4790,0
DA:4791,0
DA:4799,0
DA:4800,0
DA:4801,0
DA:4802,0
DA:4804,0
DA:4805,0
DA:4812,0
DA:4813,0
DA:4814,0
DA:4821,0
DA:4822,0
DA:4828,0
DA:4829,0
DA:4836,0
DA:4838,0
DA:4849,0
DA:4850,0
DA:4858,0
DA:4859,0
DA:4860,0
DA:4861,0
DA:4863,0
DA:4873,0
DA:4874,0
DA:4882,0
DA:4884,0
DA:4885,0
DA:4886,0
DA:4887,0
DA:4893,0
DA:4894,0
DA:4895,0
DA:4897,0
DA:4898,0
DA:4905,0
DA:4908,0
DA:4917,0
DA:4924,0
DA:4925,0
DA:4934,0
DA:4935,0
DA:4936,0
DA:4937,0
DA:4939,0
DA:4940,0
DA:4947,0
DA:4948,0
DA:4949,0
DA:4956,0
DA:4957,0
DA:4964,0
DA:4966,0
DA:4967,0
DA:4974,0
DA:4975,0
DA:4976,0
DA:4977,0
DA:4981,0
DA:4982,0
DA:4989,0
DA:4996,0
DA:4997,0
DA:5005,0
DA:5006,0
DA:5007,0
DA:5008,0
DA:5009,0
DA:5011,0
DA:5012,0
DA:5018,0
DA:5019,0
DA:5026,0
DA:5027,0
DA:5028,0
DA:5035,0
DA:5036,0
DA:5043,0
DA:5045,0
DA:5047,0
DA:5048,0
DA:5049,0
DA:5050,0
DA:5051,0
DA:5054,0
DA:5059,0
DA:5066,0
DA:5067,0
DA:5075,0
DA:5076,0
DA:5077,0
DA:5080,0
DA:5083,0
DA:5084,0
DA:5085,0
DA:5086,0
DA:5087,0
DA:5091,0
DA:5092,0
DA:5100,0
DA:5105,0
DA:5113,0
DA:5114,0
DA:5115,0
DA:5121,0
DA:5131,0
DA:5132,0
DA:5133,0
DA:5134,0
DA:5137,0
DA:5138,0
DA:5145,0
DA:5146,0
DA:5147,0
DA:5154,0
DA:5162,0
DA:5169,0
DA:5170,0
DA:5171,0
DA:5177,0
DA:5185,0
DA:5186,0
DA:5187,0
DA:5188,0
DA:5191,0
DA:5192,0
DA:5193,0
DA:5194,0
DA:5197,0
DA:5199,0
DA:5211,0
DA:5212,0
DA:5213,0
DA:5219,0
DA:5227,0
DA:5228,0
DA:5229,0
DA:5230,0
DA:5232,0
DA:5233,0
DA:5239,0
DA:5240,0
DA:5241,0
DA:5248,0
DA:5249,0
DA:5256,0
DA:5257,0
DA:5262,0
DA:5263,0
DA:5264,0
DA:5267,0
DA:5273,0
DA:5274,0
DA:5282,0
DA:5283,0
DA:5284,0
DA:5285,0
DA:5287,0
DA:5288,0
DA:5295,0
DA:5296,0
DA:5297,0
DA:5304,0
DA:5305,0
DA:5312,0
DA:5315,0
DA:5317,0
DA:5324,0
DA:5325,0
DA:5326,0
DA:5332,0
DA:5340,0
DA:5341,0
DA:5342,0
DA:5343,0
DA:5345,0
DA:5346,0
DA:5353,0
DA:5354,0
DA:5355,0
DA:5362,0
DA:5363,0
DA:5370,0
DA:5372,0
DA:5373,0
DA:5378,0
DA:5385,0
DA:5386,0
DA:5394,0
DA:5395,0
DA:5396,0
DA:5397,0
DA:5399,0
DA:5400,0
DA:5407,0
DA:5408,0
DA:5409,0
DA:5416,0
DA:5417,0
DA:5423,0
DA:5424,0
DA:5431,0
DA:5433,0
DA:5444,0
DA:5445,0
DA:5453,0
DA:5454,0
DA:5455,0
DA:5456,0
DA:5458,0
DA:5468,0
DA:5469,0
DA:5477,0
DA:5479,0
DA:5480,0
DA:5481,0
DA:5482,0
DA:5488,0
DA:5489,0
DA:5490,0
DA:5492,0
DA:5493,0
DA:5500,0
DA:5501,0
DA:5503,0
DA:5504,0
DA:5505,0
DA:5510,0
DA:5511,0
DA:5519,0
DA:5522,0
DA:5531,0
DA:5538,0
DA:5539,0
DA:5548,0
DA:5549,0
DA:5550,0
DA:5551,0
DA:5553,0
DA:5554,0
DA:5561,0
DA:5562,0
DA:5563,0
DA:5570,0
DA:5571,0
DA:5578,0
DA:5580,0
DA:5581,0
DA:5588,0
DA:5589,0
DA:5590,0
DA:5591,0
DA:5595,0
DA:5596,0
DA:5603,0
DA:5610,0
DA:5611,0
DA:5619,0
DA:5620,0
DA:5621,0
DA:5622,0
DA:5623,0
DA:5625,0
DA:5626,0
DA:5632,0
DA:5633,0
DA:5640,0
DA:5641,0
DA:5642,0
DA:5649,0
DA:5650,0
DA:5657,0
DA:5659,0
DA:5661,0
DA:5662,0
DA:5663,0
DA:5664,0
DA:5665,0
DA:5668,0
DA:5673,0
DA:5680,0
DA:5681,0
DA:5689,0
DA:5690,0
DA:5691,0
DA:5694,0
DA:5697,0
DA:5698,0
DA:5699,0
DA:5700,0
DA:5701,0
DA:5705,0
DA:5706,0
DA:5714,0
DA:5719,0
DA:5727,0
DA:5728,0
DA:5729,0
DA:5735,0
DA:5745,0
DA:5746,0
DA:5747,0
DA:5776,0
DA:5778,0
DA:5779,0
DA:5783,0
DA:5784,0
DA:5785,0
DA:5787,0
DA:5789,0
DA:5794,0
DA:5795,0
DA:5799,0
DA:5800,0
DA:5801,0
DA:5803,0
DA:5822,0
DA:5824,0
DA:5825,0
DA:5830,0
DA:5831,0
DA:5832,0
DA:5834,0
DA:5836,0
DA:5837,0
DA:5846,0
DA:5852,0
DA:5853,0
DA:5858,0
DA:5859,0
DA:5860,0
DA:5862,0
DA:5864,0
DA:5865,0
DA:5876,0
DA:5882,0
DA:5883,0
DA:5888,0
DA:5889,0
DA:5890,0
DA:5892,0
DA:5894,0
DA:5901,0
DA:5918,0
DA:5920,0
DA:5926,0
DA:5927,0
DA:5931,0
DA:5932,0
DA:5933,0
DA:5934,0
DA:5935,0
DA:5936,0
DA:5937,0
DA:5939,0
DA:5940,0
DA:5941,0
DA:5943,0
DA:5951,0
DA:5952,0
DA:5957,0
DA:5958,0
DA:5963,0
DA:5964,0
DA:5967,0
DA:5970,0
DA:5973,0
DA:5974,0
DA:5975,0
DA:5977,0
DA:5978,0
DA:5979,0
DA:5980,0
DA:5981,0
DA:5982,0
DA:5983,0
DA:5989,0
DA:5991,0
DA:5992,0
DA:5993,0
DA:5995,0
DA:5998,0
DA:5999,0
DA:6000,0
DA:6003,0
DA:6006,0
DA:6009,0
DA:6010,0
DA:6011,0
DA:6013,0
DA:6014,0
DA:6015,0
DA:6016,0
DA:6017,0
DA:6018,0
DA:6019,0
DA:6025,0
DA:6028,0
DA:6032,0
DA:6034,0
DA:6036,0
DA:6037,0
DA:6042,0
DA:6043,0
DA:6044,0
DA:6047,0
DA:6048,0
DA:6049,0
DA:6052,0
DA:6053,0
DA:6056,0
DA:6057,0
DA:6059,0
DA:6068,0
DA:6071,0
DA:6072,0
DA:6075,0
DA:6076,0
DA:6079,0
DA:6090,0
DA:6095,0
DA:6096,0
DA:6101,0
DA:6102,0
DA:6103,0
DA:6106,0
DA:6107,0
DA:6108,0
DA:6116,0
DA:6121,0
DA:6122,0
DA:6127,0
DA:6135,0
DA:6148,0
DA:6150,0
DA:6152,0
DA:6158,0
DA:6159,0
DA:6168,0
DA:6170,0
DA:6171,0
DA:6172,0
DA:6174,0
DA:6177,0
DA:6178,0
DA:6182,0
DA:6188,0
DA:6189,0
DA:6191,0
DA:6197,0
DA:6198,0
DA:6199,0
DA:6200,0
DA:6203,0
DA:6205,0
DA:6207,0
DA:6213,0
DA:6214,0
DA:6219,0
DA:6220,0
DA:6221,0
DA:6222,0
DA:6228,0
DA:6230,0
DA:6232,0
DA:6241,0
DA:6242,0
DA:6250,0
DA:6251,0
DA:6252,0
DA:6254,0
DA:6255,0
DA:6262,0
DA:6263,0
DA:6264,0
DA:6267,0
DA:6269,0
DA:6270,0
DA:6272,0
DA:6273,0
DA:6275,0
DA:6276,0
DA:6278,0
DA:6279,0
DA:6281,0
DA:6282,0
DA:6284,0
DA:6290,0
DA:6292,0
DA:6294,0
DA:6301,0
DA:6302,0
DA:6308,0
DA:6309,0
DA:6317,0
DA:6318,0
DA:6319,0
DA:6320,0
DA:6322,0
DA:6323,0
DA:6332,0
DA:6345,0
DA:6346,0
DA:6349,0
DA:6352,0
DA:6353,0
DA:6354,0
DA:6357,0
DA:6358,0
DA:6359,0
DA:6361,0
DA:6362,0
DA:6363,0
DA:6367,0
DA:6368,0
DA:6369,0
DA:6371,0
DA:6372,0
DA:6373,0
DA:6375,0
DA:6376,0
DA:6377,0
DA:6379,0
DA:6380,0
DA:6381,0
DA:6383,0
DA:6384,0
DA:6385,0
DA:6387,0
DA:6388,0
DA:6389,0
DA:6394,0
DA:6395,0
DA:6397,0
DA:6398,0
DA:6399,0
DA:6400,0
DA:6401,0
DA:6402,0
DA:6406,0
DA:6407,0
DA:6408,0
DA:6412,0
DA:6413,0
DA:6414,0
DA:6415,0
DA:6416,0
DA:6420,0
DA:6421,0
DA:6422,0
DA:6426,0
DA:6428,0
DA:6429,0
DA:6432,0
DA:6433,0
DA:6437,0
DA:6438,0
DA:6441,0
DA:6442,0
DA:6443,0
DA:6444,0
DA:6445,0
DA:6446,0
DA:6447,0
DA:6449,0
DA:6462,0
DA:6463,0
DA:6464,0
DA:6465,0
DA:6470,0
DA:6471,0
DA:6472,0
DA:6475,0
DA:6476,0
DA:6477,0
DA:6478,0
DA:6479,0
DA:6480,0
DA:6481,0
DA:6482,0
DA:6483,0
DA:6484,0
DA:6485,0
DA:6486,0
DA:6489,0
DA:6499,0
DA:6502,0
DA:6506,0
DA:6508,0
DA:6509,0
DA:6510,0
DA:6512,0
DA:6515,0
DA:6516,0
DA:6520,0
DA:6526,0
DA:6527,0
DA:6529,0
DA:6535,0
DA:6536,0
DA:6537,0
DA:6538,0
DA:6541,0
DA:6542,0
DA:6545,0
DA:6546,0
DA:6547,0
DA:6549,0
DA:6550,0
DA:6551,0
DA:6552,0
DA:6553,0
DA:6554,0
DA:6557,0
DA:6559,0
DA:6561,0
DA:6568,0
DA:6569,0
DA:6576,0
DA:6577,0
DA:6582,0
DA:6583,0
DA:6584,0
DA:6585,0
DA:6590,0
DA:6591,0
DA:6596,0
DA:6597,0
DA:6598,0
DA:6599,0
DA:6607,0
DA:6608,0
DA:6613,0
DA:6614,0
DA:6615,0
DA:6618,0
DA:6619,0
DA:6620,0
DA:6627,0
DA:6628,0
DA:6630,0
DA:6631,0
DA:6634,0
DA:6644,0
DA:6649,0
DA:6650,0
DA:6655,0
DA:6656,0
DA:6665,0
DA:6667,0
DA:6675,0
DA:6686,0
DA:6692,0
DA:6693,0
DA:6701,0
DA:6702,0
DA:6703,0
DA:6704,0
DA:6705,0
DA:6709,0
DA:6712,0
DA:6715,0
DA:6716,0
DA:6719,0
DA:6729,0
DA:6743,0
DA:6745,0
DA:6753,0
DA:6762,0
DA:6770,0
DA:6771,0
DA:6779,0
DA:6780,0
DA:6782,0
DA:6799,0
DA:6804,0
DA:6805,0
DA:6813,0
DA:6814,0
DA:6816,0
DA:6823,0
DA:6831,0
DA:6837,0
DA:6838,0
DA:6845,0
DA:6846,0
DA:6847,0
DA:6849,0
DA:6853,0
DA:6863,0
[...]
BRDA:104,5,1,0
BRDA:111,6,0,0
BRDA:111,7,0,0
BRDA:111,7,1,0
BRDA:111,7,2,0
BRDA:140,8,0,0
BRDA:149,9,0,0
BRDA:149,9,1,0
BRDA:160,10,0,0
BRDA:160,10,1,0
BRDA:219,11,0,0
BRDA:236,12,0,0
BRDA:255,13,0,0
BRDA:255,13,1,0
BRDA:394,14,0,0
BRF:24
BRH:0
end_of_record
TN:
SF:server/services/payment-validation.ts
FN:8,parsePaymentIntentForPersistence
FN:39,deriveIdempotencyKey
FN:56,assertPaymentOwnership
FN:84,isUniqueViolation
FNF:4
FNH:1
FNDA:0,parsePaymentIntentForPersistence
FNDA:0,deriveIdempotencyKey
FNDA:0,assertPaymentOwnership
FNDA:2,isUniqueViolation
DA:8,1
DA:12,0
DA:13,0
DA:14,0
DA:15,0
DA:16,0
DA:18,0
DA:19,0
DA:20,0
DA:23,0
DA:24,0
DA:27,0
DA:28,0
DA:29,0
DA:36,0
DA:39,1
DA:40,0
DA:41,0
DA:43,0
DA:56,1
DA:60,0
DA:61,0
DA:63,0
DA:65,0
DA:66,0
DA:69,0
DA:70,0
DA:71,0
DA:73,0
DA:74,0
DA:77,0
DA:84,1
DA:85,2
DA:86,2
DA:87,2
DA:88,1
DA:89,1
LF:37
LH:9
BRDA:12,0,0,0
BRDA:12,0,1,0
BRDA:13,1,0,0
BRDA:13,1,1,0
BRDA:14,2,0,0
BRDA:14,2,1,0
BRDA:14,2,2,0
BRDA:15,3,0,0
BRDA:15,3,1,0
BRDA:15,3,2,0
BRDA:16,4,0,0
BRDA:16,4,1,0
BRDA:18,5,0,0
BRDA:18,5,1,0
BRDA:19,6,0,0
BRDA:19,7,0,0
BRDA:19,7,1,0
BRDA:23,8,0,0
BRDA:28,9,0,0
BRDA:31,10,0,0
BRDA:31,10,1,0
BRDA:40,11,0,0
BRDA:40,12,0,0
BRDA:40,12,1,0
BRDA:60,13,0,0
BRDA:60,14,0,0
BRDA:60,14,1,0
BRDA:65,15,0,0
BRDA:65,16,0,0
BRDA:65,16,1,0
BRDA:65,16,2,0
BRDA:69,17,0,0
BRDA:69,17,1,0
BRDA:70,18,0,0
BRDA:73,19,0,0
BRDA:85,20,0,0
BRDA:85,21,0,2
BRDA:85,21,1,2
BRDA:87,22,0,1
BRDA:88,23,0,0
BRDA:88,24,0,1
BRDA:88,24,1,1
BRF:42
BRH:5
end_of_record
TN:
SF:server/services/pdf-report.ts
FN:9,loadFont
FN:38,clampScore
FN:47,deriveMetricScores
FN:70,(anonymous_4)
FN:71,(anonymous_5)
FN:72,(anonymous_6)
FN:104,safeText
FN:114,formatDate
FN:131,modelLabel
FN:138,generateAnalysisPdf
FN:139,(anonymous_11)
FN:159,(anonymous_12)
FN:160,(anonymous_13)
FN:165,(anonymous_14)
FN:178,(anonymous_15)
FN:206,(anonymous_16)
FN:224,(anonymous_17)
FN:256,(anonymous_18)
FN:259,(anonymous_19)
FN:265,(anonymous_20)
FN:288,(anonymous_21)
FN:290,(anonymous_22)
FN:306,(anonymous_23)
FN:318,(anonymous_24)
FN:345,(anonymous_25)
FN:352,(anonymous_26)
FNF:26
FNH:0
FNDA:0,loadFont
FNDA:0,clampScore
FNDA:0,deriveMetricScores
FNDA:0,(anonymous_4)
FNDA:0,(anonymous_5)
FNDA:0,(anonymous_6)
FNDA:0,safeText
FNDA:0,formatDate
FNDA:0,modelLabel
FNDA:0,generateAnalysisPdf
FNDA:0,(anonymous_11)
FNDA:0,(anonymous_12)
FNDA:0,(anonymous_13)
FNDA:0,(anonymous_14)
FNDA:0,(anonymous_15)
FNDA:0,(anonymous_16)
FNDA:0,(anonymous_17)
FNDA:0,(anonymous_18)
FNDA:0,(anonymous_19)
FNDA:0,(anonymous_20)
FNDA:0,(anonymous_21)
FNDA:0,(anonymous_22)
FNDA:0,(anonymous_23)
FNDA:0,(anonymous_24)
FNDA:0,(anonymous_25)
FNDA:0,(anonymous_26)
DA:1,0
DA:2,0
DA:3,0
DA:5,0
DA:6,0
DA:8,0
DA:10,0
DA:11,0
DA:12,0
DA:13,0
DA:14,0
DA:17,0
DA:19,0
DA:39,0
DA:40,0
DA:41,0
DA:42,0
DA:43,0
DA:44,0
DA:48,0
DA:49,0
DA:52,0
DA:58,0
DA:63,0
DA:68,0
DA:69,0
DA:70,0
DA:71,0
DA:72,0
DA:74,0
DA:75,0
DA:76,0
DA:78,0
DA:79,0
DA:80,0
DA:82,0
DA:88,0
DA:94,0
DA:101,0
DA:105,0
DA:106,0
DA:107,0
DA:108,0
DA:110,0
DA:115,0
DA:116,0
DA:117,0
DA:118,0
DA:119,0
DA:127,0
DA:132,0
DA:133,0
DA:134,0
DA:135,0
DA:138,0
DA:139,0
DA:140,0
DA:141,0
DA:152,0
DA:153,0
DA:154,0
DA:155,0
DA:158,0
DA:159,0
DA:160,0
DA:161,0
DA:163,0
DA:165,0
DA:166,0
DA:167,0
DA:168,0
DA:169,0
DA:170,0
DA:174,0
DA:177,0
DA:178,0
DA:179,0
DA:180,0
DA:183,0
DA:185,0
DA:186,0
DA:187,0
DA:189,0
DA:191,0
DA:192,0
DA:193,0
DA:194,0
DA:195,0
DA:196,0
DA:197,0
DA:206,0
DA:207,0
DA:209,0
DA:211,0
DA:212,0
DA:213,0
DA:218,0
DA:219,0
DA:220,0
DA:221,0
DA:222,0
DA:223,0
DA:224,0
DA:225,0
DA:226,0
DA:227,0
DA:228,0
DA:229,0
DA:230,0
DA:231,0
DA:232,0
DA:233,0
DA:236,0
DA:239,0
DA:240,0
DA:241,0
DA:242,0
DA:243,0
DA:245,0
DA:246,0
DA:247,0
DA:248,0
DA:254,0
DA:255,0
DA:256,0
DA:257,0
DA:258,0
DA:259,0
DA:260,0
DA:261,0
DA:262,0
DA:263,0
DA:265,0
DA:268,0
DA:269,0
DA:270,0
DA:271,0
DA:272,0
DA:273,0
DA:274,0
DA:275,0
DA:276,0
DA:278,0
DA:279,0
DA:280,0
DA:281,0
DA:282,0
DA:283,0
DA:284,0
DA:285,0
DA:288,0
DA:289,0
DA:290,0
DA:291,0
DA:292,0
DA:293,0
DA:294,0
DA:295,0
DA:296,0
DA:297,0
DA:299,0
DA:300,0
DA:303,0
DA:304,0
DA:305,0
DA:306,0
DA:307,0
DA:308,0
DA:309,0
DA:310,0
DA:311,0
DA:313,0
DA:314,0
DA:318,0
DA:319,0
DA:320,0
DA:321,0
DA:322,0
DA:323,0
DA:324,0
DA:325,0
DA:326,0
DA:327,0
DA:328,0
DA:329,0
DA:330,0
DA:331,0
DA:332,0
DA:335,0
DA:336,0
DA:339,0
DA:340,0
DA:341,0
DA:342,0
DA:343,0
DA:345,0
DA:346,0
DA:347,0
DA:348,0
DA:349,0
DA:350,0
DA:351,0
DA:352,0
DA:353,0
DA:354,0
DA:355,0
DA:356,0
DA:357,0
DA:358,0
DA:359,0
DA:360,0
DA:361,0
DA:362,0
DA:364,0
DA:367,0
DA:368,0
DA:370,0
DA:371,0
DA:372,0
DA:376,0
DA:378,0
DA:380,0
LF:222
LH:0
BRDA:10,0,0,0
BRDA:12,1,0,0
BRDA:40,2,0,0
BRDA:41,3,0,0
BRDA:41,4,0,0
BRDA:41,4,1,0
BRDA:42,5,0,0
BRDA:42,6,0,0
BRDA:42,6,1,0
BRDA:43,7,0,0
BRDA:43,8,0,0
BRDA:43,8,1,0
BRDA:48,9,0,0
BRDA:48,9,1,0
BRDA:52,10,0,0
BRDA:52,10,1,0
BRDA:52,10,2,0
BRDA:52,10,3,0
BRDA:52,10,4,0
BRDA:58,11,0,0
BRDA:58,11,1,0
BRDA:58,11,2,0
BRDA:58,11,3,0
BRDA:63,12,0,0
BRDA:63,12,1,0
BRDA:63,12,2,0
BRDA:63,12,3,0
BRDA:70,13,0,0
BRDA:70,13,1,0
BRDA:71,14,0,0
BRDA:71,14,1,0
BRDA:72,15,0,0
BRDA:72,15,1,0
BRDA:78,16,0,0
BRDA:78,16,1,0
BRDA:79,17,0,0
BRDA:79,17,1,0
BRDA:80,18,0,0
BRDA:80,18,1,0
BRDA:85,19,0,0
BRDA:85,19,1,0
BRDA:85,20,0,0
BRDA:85,20,1,0
BRDA:91,21,0,0
BRDA:91,21,1,0
BRDA:91,22,0,0
BRDA:91,22,1,0
BRDA:92,23,0,0
BRDA:92,23,1,0
BRDA:92,24,0,0
BRDA:92,24,1,0
BRDA:97,25,0,0
BRDA:97,25,1,0
BRDA:97,26,0,0
BRDA:97,26,1,0
BRDA:98,27,0,0
BRDA:98,27,1,0
BRDA:98,28,0,0
BRDA:98,28,1,0
BRDA:105,29,0,0
BRDA:105,30,0,0
BRDA:105,30,1,0
BRDA:106,31,0,0
BRDA:115,32,0,0
BRDA:118,33,0,0
BRDA:132,34,0,0
BRDA:133,35,0,0
BRDA:134,36,0,0
BRDA:145,37,0,0
BRDA:145,37,1,0
BRDA:153,38,0,0
BRDA:163,39,0,0
BRDA:163,39,1,0
BRDA:179,40,0,0
BRDA:194,41,0,0
BRDA:194,41,1,0
BRDA:195,42,0,0
BRDA:195,42,1,0
BRDA:196,43,0,0
BRDA:196,43,1,0
BRDA:200,44,0,0
BRDA:200,44,1,0
BRDA:211,45,0,0
BRDA:211,45,1,0
BRDA:212,46,0,0
BRDA:212,46,1,0
BRDA:213,47,0,0
BRDA:213,47,1,0
BRDA:213,48,0,0
BRDA:213,48,1,0
BRDA:232,49,0,0
BRDA:239,50,0,0
BRDA:243,51,0,0
BRDA:257,52,0,0
BRDA:257,52,1,0
BRDA:260,53,0,0
BRDA:260,53,1,0
BRDA:261,54,0,0
BRDA:261,54,1,0
BRDA:262,55,0,0
BRDA:262,55,1,0
BRDA:263,56,0,0
BRDA:265,57,0,0
BRDA:318,58,0,0
BRDA:319,59,0,0
BRDA:328,60,0,0
BRDA:345,61,0,0
BRDA:346,62,0,0
BRDA:346,62,1,0
BRDA:347,63,0,0
BRDA:348,64,0,0
BRDA:356,65,0,0
BRDA:371,66,0,0
BRF:113
BRH:0
end_of_record
TN:
SF:server/services/point-service.ts
FN:85,(anonymous_0)
FN:97,(anonymous_1)
FN:160,(anonymous_2)
FN:215,(anonymous_3)
FN:219,(anonymous_4)
FN:252,(anonymous_5)
FN:263,(anonymous_6)
FN:274,(anonymous_7)
FN:309,(anonymous_8)
FN:311,(anonymous_9)
FN:315,(anonymous_10)
FN:321,(anonymous_11)
FN:331,(anonymous_12)
FNF:13
FNH:0
FNDA:0,(anonymous_0)
FNDA:0,(anonymous_1)
FNDA:0,(anonymous_2)
FNDA:0,(anonymous_3)
FNDA:0,(anonymous_4)
FNDA:0,(anonymous_5)
FNDA:0,(anonymous_6)
FNDA:0,(anonymous_7)
FNDA:0,(anonymous_8)
FNDA:0,(anonymous_9)
FNDA:0,(anonymous_10)
FNDA:0,(anonymous_11)
FNDA:0,(anonymous_12)
DA:1,0
DA:2,0
DA:16,0
DA:18,0
DA:86,0
DA:88,0
DA:89,0
DA:90,0
DA:92,0
DA:98,0
DA:100,0
DA:101,0
DA:104,0
DA:105,0
DA:108,0
DA:109,0
DA:110,0
DA:111,0
DA:116,0
DA:117,0
DA:118,0
DA:119,0
DA:124,0
DA:134,0
DA:137,0
DA:147,0
DA:150,0
DA:152,0
DA:161,0
DA:163,0
DA:165,0
DA:178,0
DA:181,0
DA:186,0
DA:188,0
DA:189,0
DA:191,0
DA:192,0
DA:194,0
DA:195,0
DA:197,0
DA:198,0
DA:200,0
DA:201,0
DA:203,0
DA:204,0
DA:206,0
DA:207,0
DA:210,0
DA:216,0
DA:219,0
DA:222,0
DA:224,0
DA:225,0
DA:226,0
DA:229,0
DA:232,0
DA:234,0
DA:245,0
DA:248,0
DA:253,0
DA:263,0
DA:264,0
DA:267,0
DA:270,0
DA:275,0
DA:276,0
DA:278,0
DA:279,0
DA:282,0
DA:290,0
DA:291,0
DA:292,0
DA:296,0
DA:299,0
DA:300,0
DA:303,0
DA:305,0
DA:310,0
DA:311,0
DA:316,0
DA:317,0
DA:322,0
DA:323,0
DA:324,0
DA:326,0
DA:331,0
LF:87
LH:0
BRDA:88,0,0,0
BRDA:97,1,0,0
BRDA:100,2,0,0
BRDA:100,3,0,0
BRDA:100,3,1,0
BRDA:108,4,0,0
BRDA:110,5,0,0
BRDA:116,6,0,0
BRDA:118,7,0,0
BRDA:128,8,0,0
BRDA:128,8,1,0
BRDA:163,9,0,0
BRDA:163,9,1,0
BRDA:169,10,0,0
BRDA:169,10,1,0
BRDA:170,11,0,0
BRDA:170,11,1,0
BRDA:171,12,0,0
BRDA:171,12,1,0
BRDA:172,13,0,0
BRDA:172,13,1,0
BRDA:173,14,0,0
BRDA:173,14,1,0
BRDA:174,15,0,0
BRDA:174,15,1,0
BRDA:175,16,0,0
BRDA:175,16,1,0
BRDA:186,17,0,0
BRDA:186,17,1,0
BRDA:186,17,2,0
BRDA:186,17,3,0
BRDA:186,17,4,0
BRDA:186,17,5,0
BRDA:186,17,6,0
BRDA:215,18,0,0
BRDA:232,19,0,0
BRDA:232,19,1,0
BRDA:278,20,0,0
BRDA:278,21,0,0
BRDA:278,21,1,0
BRDA:290,22,0,0
BRDA:299,23,0,0
BRDA:317,24,0,0
BRDA:317,24,1,0
BRF:44
BRH:0
end_of_record
TN:
SF:server/services/push-scheduler.ts
FN:18,(anonymous_0)
FN:20,(anonymous_1)
FN:27,(anonymous_2)
FN:41,(anonymous_3)
FN:47,(anonymous_4)
FN:59,(anonymous_5)
FN:85,(anonymous_6)
FN:110,(anonymous_7)
FN:147,(anonymous_8)
FN:160,(anonymous_9)
FN:216,(anonymous_10)
FN:297,(anonymous_11)
FN:305,(anonymous_12)
FN:311,(anonymous_13)
FNF:14
FNH:0
FNDA:0,(anonymous_0)
FNDA:0,(anonymous_1)
FNDA:0,(anonymous_2)
FNDA:0,(anonymous_3)
FNDA:0,(anonymous_4)
FNDA:0,(anonymous_5)
FNDA:0,(anonymous_6)
FNDA:0,(anonymous_7)
FNDA:0,(anonymous_8)
FNDA:0,(anonymous_9)
FNDA:0,(anonymous_10)
FNDA:0,(anonymous_11)
FNDA:0,(anonymous_12)
FNDA:0,(anonymous_13)
DA:1,0
DA:2,0
DA:9,0
DA:10,0
DA:14,0
DA:15,0
DA:16,0
DA:21,0
DA:22,0
DA:24,0
DA:28,0
DA:29,0
DA:30,0
DA:33,0
DA:34,0
DA:37,0
DA:38,0
DA:41,0
DA:42,0
DA:43,0
DA:48,0
DA:49,0
DA:50,0
DA:52,0
DA:53,0
DA:60,0
DA:61,0
DA:64,0
DA:73,0
DA:74,0
DA:75,0
DA:78,0
DA:86,0
DA:87,0
DA:90,0
DA:99,0
DA:100,0
DA:103,0
DA:111,0
DA:113,0
DA:119,0
DA:124,0
DA:125,0
DA:135,0
DA:136,0
DA:139,0
DA:140,0
DA:141,0
DA:144,0
DA:145,0
DA:146,0
DA:147,0
DA:149,0
DA:156,0
DA:157,0
DA:159,0
DA:160,0
DA:161,0
DA:162,0
DA:167,0
DA:168,0
DA:169,0
DA:182,0
DA:183,0
DA:190,0
DA:202,0
DA:204,0
DA:206,0
DA:217,0
DA:219,0
DA:227,0
DA:228,0
DA:236,0
DA:239,0
DA:241,0
DA:242,0
DA:249,0
DA:250,0
DA:251,0
DA:252,0
DA:259,0
DA:271,0
DA:281,0
DA:283,0
DA:301,0
DA:303,0
DA:304,0
DA:305,0
DA:306,0
DA:307,0
DA:311,0
DA:314,0
DA:315,0
DA:318,0
DA:332,0
LF:95
LH:0
BRDA:21,0,0,0
BRDA:28,1,0,0
BRDA:48,2,0,0
BRDA:124,3,0,0
BRDA:161,4,0,0
BRDA:175,5,0,0
BRDA:175,5,1,0
BRDA:176,6,0,0
BRDA:176,6,1,0
BRDA:182,7,0,0
BRDA:227,8,0,0
BRDA:249,9,0,0
BRDA:249,9,1,0
BRDA:251,10,0,0
BRDA:265,11,0,0
BRDA:265,11,1,0
BRDA:274,12,0,0
BRDA:274,12,1,0
BRDA:276,13,0,0
BRDA:276,13,1,0
BRDA:303,14,0,0
BRDA:303,14,1,0
BRDA:306,15,0,0
BRDA:306,16,0,0
BRDA:306,16,1,0
BRDA:314,17,0,0
BRF:26
BRH:0
end_of_record
TN:
SF:server/services/realtime-service.ts
FN:19,(anonymous_0)
FN:30,(anonymous_1)
FN:34,(anonymous_2)
FN:44,(anonymous_3)
FN:48,(anonymous_4)
FN:60,(anonymous_5)
FN:84,(anonymous_6)
FN:111,(anonymous_7)
FN:134,(anonymous_8)
FN:155,(anonymous_9)
FN:184,(anonymous_10)
FN:192,(anonymous_11)
FN:217,(anonymous_12)
FN:228,(anonymous_13)
FN:243,(anonymous_14)
FN:252,(anonymous_15)
FN:253,(anonymous_16)
FN:256,(anonymous_17)
FN:265,(anonymous_18)
FN:271,(anonymous_19)
FN:279,(anonymous_20)
FN:280,(anonymous_21)
FN:295,(anonymous_22)
FN:300,(anonymous_23)
FNF:24
FNH:0
FNDA:0,(anonymous_0)
FNDA:0,(anonymous_1)
FNDA:0,(anonymous_2)
FNDA:0,(anonymous_3)
FNDA:0,(anonymous_4)
FNDA:0,(anonymous_5)
FNDA:0,(anonymous_6)
FNDA:0,(anonymous_7)
FNDA:0,(anonymous_8)
FNDA:0,(anonymous_9)
FNDA:0,(anonymous_10)
FNDA:0,(anonymous_11)
FNDA:0,(anonymous_12)
FNDA:0,(anonymous_13)
FNDA:0,(anonymous_14)
FNDA:0,(anonymous_15)
FNDA:0,(anonymous_16)
FNDA:0,(anonymous_17)
FNDA:0,(anonymous_18)
FNDA:0,(anonymous_19)
FNDA:0,(anonymous_20)
FNDA:0,(anonymous_21)
FNDA:0,(anonymous_22)
FNDA:0,(anonymous_23)
DA:1,0
DA:3,0
DA:14,0
DA:16,0
DA:17,0
DA:20,0
DA:26,0
DA:27,0
DA:31,0
DA:32,0
DA:34,0
DA:35,0
DA:36,0
DA:37,0
DA:39,0
DA:40,0
DA:44,0
DA:45,0
DA:48,0
DA:49,0
DA:50,0
DA:54,0
DA:61,0
DA:63,0
DA:65,0
DA:66,0
DA:68,0
DA:69,0
DA:71,0
DA:72,0
DA:74,0
DA:75,0
DA:77,0
DA:78,0
DA:80,0
DA:86,0
DA:87,0
DA:88,0
DA:89,0
DA:90,0
DA:94,0
DA:102,0
DA:103,0
DA:105,0
DA:112,0
DA:113,0
DA:115,0
DA:116,0
DA:119,0
DA:120,0
DA:122,0
DA:128,0
DA:135,0
DA:136,0
DA:138,0
DA:139,0
DA:140,0
DA:141,0
DA:142,0
DA:146,0
DA:149,0
DA:156,0
DA:157,0
DA:160,0
DA:161,0
DA:162,0
DA:166,0
DA:167,0
DA:168,0
DA:178,0
DA:185,0
DA:186,0
DA:187,0
DA:188,0
DA:193,0
DA:194,0
DA:195,0
DA:198,0
DA:199,0
DA:200,0
DA:201,0
DA:206,0
DA:207,0
DA:212,0
DA:218,0
DA:219,0
DA:220,0
DA:229,0
DA:230,0
DA:232,0
DA:233,0
DA:235,0
DA:236,0
DA:237,0
DA:244,0
DA:245,0
DA:246,0
DA:253,0
DA:257,0
DA:258,0
DA:259,0
DA:262,0
DA:266,0
DA:267,0
DA:272,0
DA:280,0
DA:281,0
DA:282,0
DA:284,0
DA:285,0
DA:286,0
DA:287,0
DA:288,0
DA:296,0
DA:301,0
LF:115
LH:0
BRDA:63,0,0,0
BRDA:63,0,1,0
BRDA:63,0,2,0
BRDA:63,0,3,0
BRDA:63,0,4,0
BRDA:63,0,5,0
BRDA:86,1,0,0
BRDA:86,2,0,0
BRDA:86,2,1,0
BRDA:88,3,0,0
BRDA:113,4,0,0
BRDA:115,5,0,0
BRDA:136,6,0,0
BRDA:139,7,0,0
BRDA:141,8,0,0
BRDA:157,9,0,0
BRDA:160,10,0,0
BRDA:160,11,0,0
BRDA:160,11,1,0
BRDA:167,12,0,0
BRDA:186,13,0,0
BRDA:194,14,0,0
BRDA:199,15,0,0
BRDA:206,16,0,0
BRDA:219,17,0,0
BRDA:230,18,0,0
BRDA:233,19,0,0
BRDA:233,20,0,0
BRDA:233,20,1,0
BRDA:236,21,0,0
BRDA:236,22,0,0
BRDA:236,22,1,0
BRDA:245,23,0,0
BRDA:245,24,0,0
BRDA:245,24,1,0
BRDA:258,25,0,0
BRDA:266,26,0,0
BRDA:285,27,0,0
BRF:38
BRH:0
end_of_record
TN:
SF:server/services/revenue-service.ts
FN:26,(anonymous_0)
FN:37,(anonymous_1)
FN:48,(anonymous_2)
FN:65,(anonymous_3)
FN:75,(anonymous_4)
FNF:5
FNH:0
FNDA:0,(anonymous_0)
FNDA:0,(anonymous_1)
FNDA:0,(anonymous_2)
FNDA:0,(anonymous_3)
FNDA:0,(anonymous_4)
DA:1,0
DA:24,0
DA:27,0
DA:28,0
DA:29,0
DA:31,0
DA:32,0
DA:38,0
DA:39,0
DA:40,0
DA:42,0
DA:43,0
DA:55,0
DA:56,0
DA:57,0
DA:59,0
DA:60,0
DA:66,0
DA:67,0
DA:69,0
DA:70,0
DA:82,0
DA:83,0
DA:84,0
DA:86,0
DA:87,0
DA:92,0
LF:27
LH:0
BRF:0
BRH:0
end_of_record
TN:
SF:server/streaming/socket-server.ts
FN:33,setupStreamingSocket
FN:44,(anonymous_1)
FN:47,(anonymous_2)
FN:115,(anonymous_3)
FN:116,(anonymous_4)
FN:132,(anonymous_5)
FN:145,(anonymous_6)
FN:184,(anonymous_7)
FN:191,(anonymous_8)
FN:195,(anonymous_9)
FN:203,(anonymous_10)
FN:226,(anonymous_11)
FN:240,handleLeaveStream
FNF:13
FNH:0
FNDA:0,setupStreamingSocket
FNDA:0,(anonymous_1)
FNDA:0,(anonymous_2)
FNDA:0,(anonymous_3)
FNDA:0,(anonymous_4)
FNDA:0,(anonymous_5)
FNDA:0,(anonymous_6)
FNDA:0,(anonymous_7)
FNDA:0,(anonymous_8)
FNDA:0,(anonymous_9)
FNDA:0,(anonymous_10)
FNDA:0,(anonymous_11)
FNDA:0,handleLeaveStream
DA:1,0
DA:3,0
DA:4,0
DA:10,0
DA:30,0
DA:31,0
DA:33,0
DA:34,0
DA:42,0
DA:44,0
DA:45,0
DA:47,0
DA:53,0
DA:54,0
DA:56,0
DA:61,0
DA:62,0
DA:63,0
DA:66,0
DA:69,0
DA:70,0
DA:74,0
DA:77,0
DA:86,0
DA:88,0
DA:89,0
DA:91,0
DA:93,0
DA:100,0
DA:107,0
DA:114,0
DA:115,0
DA:116,0
DA:119,0
DA:125,0
DA:127,0
DA:128,0
DA:132,0
DA:133,0
DA:134,0
DA:135,0
DA:136,0
DA:139,0
DA:145,0
DA:150,0
DA:151,0
DA:153,0
DA:162,0
DA:170,0
DA:180,0
DA:184,0
DA:185,0
DA:186,0
DA:187,0
DA:191,0
DA:192,0
DA:195,0
DA:196,0
DA:197,0
DA:198,0
DA:200,0
DA:203,0
DA:204,0
DA:205,0
DA:206,0
DA:207,0
DA:210,0
DA:211,0
DA:219,0
DA:224,0
DA:225,0
DA:226,0
DA:227,0
DA:229,0
DA:232,0
DA:234,0
DA:235,0
DA:241,0
DA:242,0
DA:243,0
DA:245,0
DA:257,0
DA:261,0
DA:266,0
DA:267,0
DA:268,0
DA:269,0
DA:270,0
DA:274,0
DA:276,0
DA:280,0
DA:281,0
DA:284,0
LF:93
LH:0
BRDA:61,0,0,0
BRDA:61,1,0,0
BRDA:61,1,1,0
BRDA:61,1,2,0
BRDA:69,2,0,0
BRDA:74,3,0,0
BRDA:74,3,1,0
BRDA:74,3,2,0
BRDA:88,4,0,0
BRDA:95,5,0,0
BRDA:95,5,1,0
BRDA:114,6,0,0
BRDA:114,6,1,0
BRDA:134,7,0,0
BRDA:175,8,0,0
BRDA:175,8,1,0
BRDA:175,8,2,0
BRDA:186,9,0,0
BRDA:197,10,0,0
BRDA:205,11,0,0
BRDA:205,12,0,0
BRDA:205,12,1,0
BRDA:225,13,0,0
BRDA:243,14,0,0
BRDA:267,15,0,0
BRDA:269,16,0,0
BRF:26
BRH:0
end_of_record
TN:
SF:server/trainers/routes.ts
FN:4,registerTrainerRoutes
FN:6,(anonymous_1)
FN:17,(anonymous_2)
FN:21,(anonymous_3)
FN:35,(anonymous_4)
FN:53,(anonymous_5)
FNF:6
FNH:0
FNDA:0,registerTrainerRoutes
FNDA:0,(anonymous_1)
FNDA:0,(anonymous_2)
FNDA:0,(anonymous_3)
FNDA:0,(anonymous_4)
FNDA:0,(anonymous_5)
DA:4,0
DA:6,0
DA:7,0
DA:8,0
DA:9,0
DA:11,0
DA:12,0
DA:17,0
DA:18,0
DA:19,0
DA:20,0
DA:21,0
DA:23,0
DA:24,0
DA:27,0
DA:29,0
DA:30,0
DA:35,0
DA:36,0
DA:37,0
DA:38,0
DA:45,0
DA:47,0
DA:48,0
DA:53,0
DA:54,0
DA:55,0
DA:56,0
DA:65,0
DA:67,0
DA:73,0
DA:74,0
LF:32
LH:0
BRDA:9,0,0,0
BRDA:9,0,1,0
BRDA:23,1,0,0
BRF:3
BRH:0
end_of_record
TN:
SF:server/utils/api-helpers.ts
FN:22,checkOwnership
FN:31,checkAdminRole
FN:40,checkTrainerRole
FN:53,createPaginatedResponse
FN:75,extractPaginationFromQuery
FN:86,filterNullValues
FN:101,selectFields
FN:104,(anonymous_7)
FN:120,asyncHandler
FN:123,(anonymous_9)
FN:135,serviceWrapper
FN:139,(anonymous_11)
FN:156,validateRequest
FN:182,(anonymous_14)
FN:194,(anonymous_15)
FN:202,(anonymous_16)
FN:215,sanitizeUser
FN:223,sanitizeUsers
FN:230,sanitizePet
FN:254,logApiRequest
FN:268,logApiError
FNF:21
FNH:0
FNDA:0,checkOwnership
FNDA:0,checkAdminRole
FNDA:0,checkTrainerRole
FNDA:0,createPaginatedResponse
FNDA:0,extractPaginationFromQuery
FNDA:0,filterNullValues
FNDA:0,selectFields
FNDA:0,(anonymous_7)
FNDA:0,asyncHandler
FNDA:0,(anonymous_9)
FNDA:0,serviceWrapper
FNDA:0,(anonymous_11)
FNDA:0,validateRequest
FNDA:0,(anonymous_14)
FNDA:0,(anonymous_15)
FNDA:0,(anonymous_16)
FNDA:0,sanitizeUser
FNDA:0,sanitizeUsers
FNDA:0,sanitizePet
FNDA:0,logApiRequest
FNDA:0,logApiError
DA:7,0
DA:22,0
DA:23,0
DA:24,0
DA:31,0
DA:32,0
DA:33,0
DA:40,0
DA:41,0
DA:42,0
DA:53,0
DA:60,0
DA:75,0
DA:76,0
DA:86,0
DA:87,0
DA:89,0
DA:90,0
DA:91,0
DA:95,0
DA:101,0
DA:102,0
DA:104,0
DA:105,0
DA:106,0
DA:110,0
DA:120,0
DA:123,0
DA:124,0
DA:125,0
DA:126,0
DA:128,0
DA:135,0
DA:139,0
DA:140,0
DA:141,0
DA:143,0
DA:144,0
DA:156,0
DA:161,0
DA:172,0
DA:177,0
DA:181,0
DA:183,0
DA:184,0
DA:186,0
DA:187,0
DA:188,0
DA:191,0
DA:195,0
DA:203,0
DA:215,0
DA:216,0
DA:217,0
DA:223,0
DA:224,0
DA:230,0
DA:231,0
DA:254,0
DA:255,0
DA:268,0
DA:269,0
LF:62
LH:0
BRDA:22,0,0,0
BRDA:23,1,0,0
BRDA:32,2,0,0
BRDA:41,3,0,0
BRDA:41,4,0,0
BRDA:41,4,1,0
BRDA:68,5,0,0
BRDA:68,5,1,0
BRDA:90,6,0,0
BRDA:90,7,0,0
BRDA:90,7,1,0
BRDA:105,8,0,0
BRDA:137,9,0,0
BRDA:162,10,0,0
BRDA:162,10,1,0
BRDA:163,11,0,0
BRDA:163,11,1,0
BRDA:179,12,0,0
BRDA:184,13,0,0
BRDA:186,14,0,0
BRF:20
BRH:0
end_of_record
TN:
SF:server/utils/fileParser.ts
FN:25,extractTextAndTables
FN:62,parseExcelFile
FN:75,(anonymous_9)
FN:77,(anonymous_10)
FN:77,(anonymous_11)
FN:78,(anonymous_12)
FN:78,(anonymous_13)
FN:112,parseDocxFile
FN:141,parseHwpxFile
FN:191,parseTextFile
FN:217,extractTablesFromText
FN:221,(anonymous_18)
FN:221,(anonymous_19)
FN:227,(anonymous_20)
FN:255,validateUploadedFile
FNF:15
FNH:0
FNDA:0,extractTextAndTables
FNDA:0,parseExcelFile
FNDA:0,(anonymous_9)
FNDA:0,(anonymous_10)
FNDA:0,(anonymous_11)
FNDA:0,(anonymous_12)
FNDA:0,(anonymous_13)
FNDA:0,parseDocxFile
FNDA:0,parseHwpxFile
FNDA:0,parseTextFile
FNDA:0,extractTablesFromText
FNDA:0,(anonymous_18)
FNDA:0,(anonymous_19)
FNDA:0,(anonymous_20)
FNDA:0,validateUploadedFile
DA:1,0
DA:2,0
DA:3,0
DA:4,0
DA:5,0
DA:25,0
DA:26,0
DA:27,0
DA:29,0
DA:31,0
DA:32,0
DA:35,0
DA:38,0
DA:41,0
DA:44,0
DA:48,0
DA:51,0
DA:54,0
DA:55,0
DA:63,0
DA:64,0
DA:65,0
DA:67,0
DA:68,0
DA:71,0
DA:73,0
DA:75,0
DA:76,0
DA:77,0
DA:78,0
DA:80,0
DA:81,0
DA:86,0
DA:87,0
DA:91,0
DA:92,0
DA:93,0
DA:96,0
DA:113,0
DA:114,0
DA:116,0
DA:117,0
DA:120,0
DA:121,0
DA:122,0
DA:125,0
DA:142,0
DA:143,0
DA:145,0
DA:148,0
DA:150,0
DA:151,0
DA:152,0
DA:153,0
DA:155,0
DA:159,0
DA:163,0
DA:164,0
DA:167,0
DA:170,0
DA:171,0
DA:172,0
DA:175,0
DA:192,0
DA:193,0
DA:196,0
DA:197,0
DA:198,0
DA:201,0
DA:218,0
DA:221,0
DA:223,0
DA:225,0
DA:227,0
DA:229,0
DA:230,0
DA:233,0
DA:234,0
DA:235,0
DA:236,0
DA:238,0
DA:243,0
DA:244,0
DA:245,0
DA:246,0
DA:249,0
DA:255,0
DA:256,0
DA:257,0
DA:259,0
DA:260,0
DA:262,0
DA:263,0
DA:266,0
DA:267,0
DA:271,0
LF:96
LH:0
BRDA:32,0,0,0
BRDA:32,0,1,0
BRDA:32,0,2,0
BRDA:32,0,3,0
BRDA:32,0,4,0
BRDA:32,0,5,0
BRDA:32,0,6,0
BRDA:73,1,0,0
BRDA:75,2,0,0
BRDA:75,2,1,0
BRDA:75,3,0,0
BRDA:75,3,1,0
BRDA:77,4,0,0
BRDA:77,4,1,0
BRDA:77,5,0,0
BRDA:77,5,1,0
BRDA:78,6,0,0
BRDA:78,6,1,0
BRDA:80,7,0,0
BRDA:80,8,0,0
BRDA:80,8,1,0
BRDA:92,9,0,0
BRDA:121,10,0,0
BRDA:152,11,0,0
BRDA:171,12,0,0
BRDA:197,13,0,0
BRDA:229,14,0,0
BRDA:229,14,1,0
BRDA:233,15,0,0
BRDA:243,16,0,0
BRDA:262,17,0,0
BRDA:266,18,0,0
BRF:32
BRH:0
end_of_record
